2022-11-21_20-46-23 [Thread-1] INFO  o.s.s.c.ThreadPoolTaskExecutor - Shutting down ExecutorService 'applicationTaskExecutor'
2022-11-21_20-46-23 [Thread-1] INFO  o.s.o.j.LocalContainerEntityManagerFactoryBean - Closing JPA EntityManagerFactory for persistence unit 'default'
2022-11-21_20-46-23 [Thread-1] INFO  com.zaxxer.hikari.HikariDataSource - HikariPool-1 - Shutdown initiated...
2022-11-21_20-46-23 [Thread-1] INFO  com.zaxxer.hikari.HikariDataSource - HikariPool-1 - Shutdown completed.
2022-11-22_11-02-54 [restartedMain] INFO  c.c.i.IpTreatmentMicroServiceApplication - Starting IpTreatmentMicroServiceApplication using Java 17.0.4.1 on DESKTOP-E1ED4GH with PID 9528 (C:\Users\SANJAY KUMAR\Java-Final-Project\CDE-Simulation-Project-International-Patients-Treatment-Management-master\IPTreatment-MicroService\target\classes started by SANJAY KUMAR in C:\Users\SANJAY KUMAR\Java-Final-Project\CDE-Simulation-Project-International-Patients-Treatment-Management-master\IPTreatment-MicroService)
2022-11-22_11-02-54 [restartedMain] INFO  c.c.i.IpTreatmentMicroServiceApplication - No active profile set, falling back to default profiles: default
2022-11-22_11-02-54 [restartedMain] INFO  o.s.d.r.c.RepositoryConfigurationDelegate - Bootstrapping Spring Data JPA repositories in DEFAULT mode.
2022-11-22_11-02-54 [restartedMain] INFO  o.s.d.r.c.RepositoryConfigurationDelegate - Finished Spring Data repository scanning in 117 ms. Found 2 JPA repository interfaces.
2022-11-22_11-02-54 [restartedMain] INFO  o.s.cloud.context.scope.GenericScope - BeanFactory id=2f195465-9377-3486-9b7b-e801cc28b7bb
2022-11-22_11-02-54 [restartedMain] INFO  o.s.c.s.PostProcessorRegistrationDelegate$BeanPostProcessorChecker - Bean 'com.cts.iptreatment.feign.AuthorizationClient' of type [org.springframework.cloud.openfeign.FeignClientFactoryBean] is not eligible for getting processed by all BeanPostProcessors (for example: not eligible for auto-proxying)
2022-11-22_11-02-54 [restartedMain] INFO  o.s.c.s.PostProcessorRegistrationDelegate$BeanPostProcessorChecker - Bean 'com.cts.iptreatment.feign.IPTreatmentOfferingClient' of type [org.springframework.cloud.openfeign.FeignClientFactoryBean] is not eligible for getting processed by all BeanPostProcessors (for example: not eligible for auto-proxying)
2022-11-22_11-02-54 [restartedMain] INFO  o.s.b.w.e.tomcat.TomcatWebServer - Tomcat initialized with port(s): 8200 (http)
2022-11-22_11-02-54 [restartedMain] INFO  o.a.coyote.http11.Http11NioProtocol - Initializing ProtocolHandler ["http-nio-8200"]
2022-11-22_11-02-54 [restartedMain] INFO  o.a.catalina.core.StandardService - Starting service [Tomcat]
2022-11-22_11-02-54 [restartedMain] INFO  o.a.catalina.core.StandardEngine - Starting Servlet engine: [Apache Tomcat/9.0.41]
2022-11-22_11-02-54 [restartedMain] INFO  o.a.c.c.C.[.[.[/ipTreatment] - Initializing Spring embedded WebApplicationContext
2022-11-22_11-02-54 [restartedMain] INFO  o.s.b.w.s.c.ServletWebServerApplicationContext - Root WebApplicationContext: initialization completed in 4223 ms
2022-11-22_11-02-54 [restartedMain] INFO  com.zaxxer.hikari.HikariDataSource - HikariPool-2 - Starting...
2022-11-22_11-02-54 [restartedMain] INFO  com.zaxxer.hikari.HikariDataSource - HikariPool-2 - Start completed.
2022-11-22_11-02-54 [restartedMain] INFO  o.s.b.a.h.H2ConsoleAutoConfiguration - H2 console available at '/db'. Database available at 'jdbc:h2:mem:treatment_db'
2022-11-22_11-02-54 [restartedMain] INFO  o.s.o.j.LocalContainerEntityManagerFactoryBean - Initialized JPA EntityManagerFactory for persistence unit 'default'
2022-11-22_11-02-54 [restartedMain] INFO  s.d.s.w.PropertySourcedRequestMappingHandlerMapping - Mapped URL path [/v2/api-docs] onto method [springfox.documentation.swagger2.web.Swagger2Controller#getDocumentation(String, HttpServletRequest)]
2022-11-22_11-02-54 [restartedMain] INFO  o.s.s.c.ThreadPoolTaskExecutor - Initializing ExecutorService 'applicationTaskExecutor'
2022-11-22_11-02-54 [restartedMain] INFO  o.a.coyote.http11.Http11NioProtocol - Starting ProtocolHandler ["http-nio-8200"]
2022-11-22_11-02-54 [restartedMain] INFO  o.s.b.w.e.tomcat.TomcatWebServer - Tomcat started on port(s): 8200 (http) with context path '/ipTreatment'
2022-11-22_11-02-54 [restartedMain] INFO  s.d.s.w.p.DocumentationPluginsBootstrapper - Context refreshed
2022-11-22_11-02-54 [restartedMain] INFO  s.d.s.w.p.DocumentationPluginsBootstrapper - Found 1 custom documentation plugin(s)
2022-11-22_11-02-54 [restartedMain] INFO  s.d.s.w.s.ApiListingReferenceScanner - Scanning for api listing references
2022-11-22_11-02-54 [restartedMain] INFO  c.c.i.IpTreatmentMicroServiceApplication - Started IpTreatmentMicroServiceApplication in 7.498 seconds (JVM running for 51408.715)
2022-11-22_11-02-54 [restartedMain] INFO  o.s.b.d.a.ConditionEvaluationDeltaLoggingListener - Condition evaluation unchanged
2022-11-22_14-51-17 [restartedMain] INFO  c.c.i.IpTreatmentMicroServiceApplication - Starting IpTreatmentMicroServiceApplication using Java 17.0.4.1 on DESKTOP-E1ED4GH with PID 17544 (D:\International-Patients-Treatment-Management\IPTreatment-MicroService\target\classes started by SANJAY KUMAR in D:\International-Patients-Treatment-Management\IPTreatment-MicroService)
2022-11-22_14-51-17 [restartedMain] INFO  c.c.i.IpTreatmentMicroServiceApplication - No active profile set, falling back to default profiles: default
2022-11-22_14-51-17 [restartedMain] INFO  o.s.b.d.e.DevToolsPropertyDefaultsPostProcessor - Devtools property defaults active! Set 'spring.devtools.add-properties' to 'false' to disable
2022-11-22_14-51-17 [restartedMain] INFO  o.s.b.d.e.DevToolsPropertyDefaultsPostProcessor - For additional web related logging consider setting the 'logging.level.web' property to 'DEBUG'
2022-11-22_14-51-17 [restartedMain] INFO  o.s.d.r.c.RepositoryConfigurationDelegate - Bootstrapping Spring Data JPA repositories in DEFAULT mode.
2022-11-22_14-51-17 [restartedMain] INFO  o.s.d.r.c.RepositoryConfigurationDelegate - Finished Spring Data repository scanning in 168 ms. Found 2 JPA repository interfaces.
2022-11-22_14-51-17 [restartedMain] INFO  o.s.cloud.context.scope.GenericScope - BeanFactory id=2f195465-9377-3486-9b7b-e801cc28b7bb
2022-11-22_14-51-17 [restartedMain] INFO  o.s.c.s.PostProcessorRegistrationDelegate$BeanPostProcessorChecker - Bean 'com.cts.iptreatment.feign.AuthorizationClient' of type [org.springframework.cloud.openfeign.FeignClientFactoryBean] is not eligible for getting processed by all BeanPostProcessors (for example: not eligible for auto-proxying)
2022-11-22_14-51-17 [restartedMain] INFO  o.s.c.s.PostProcessorRegistrationDelegate$BeanPostProcessorChecker - Bean 'com.cts.iptreatment.feign.IPTreatmentOfferingClient' of type [org.springframework.cloud.openfeign.FeignClientFactoryBean] is not eligible for getting processed by all BeanPostProcessors (for example: not eligible for auto-proxying)
2022-11-22_14-51-17 [restartedMain] INFO  o.s.b.w.e.tomcat.TomcatWebServer - Tomcat initialized with port(s): 8200 (http)
2022-11-22_14-51-17 [restartedMain] INFO  o.a.coyote.http11.Http11NioProtocol - Initializing ProtocolHandler ["http-nio-8200"]
2022-11-22_14-51-17 [restartedMain] INFO  o.a.catalina.core.StandardService - Starting service [Tomcat]
2022-11-22_14-51-17 [restartedMain] INFO  o.a.catalina.core.StandardEngine - Starting Servlet engine: [Apache Tomcat/9.0.41]
2022-11-22_14-51-17 [restartedMain] INFO  o.a.c.c.C.[.[.[/ipTreatment] - Initializing Spring embedded WebApplicationContext
2022-11-22_14-51-17 [restartedMain] INFO  o.s.b.w.s.c.ServletWebServerApplicationContext - Root WebApplicationContext: initialization completed in 4969 ms
2022-11-22_14-51-17 [restartedMain] INFO  com.zaxxer.hikari.HikariDataSource - HikariPool-1 - Starting...
2022-11-22_14-51-17 [restartedMain] INFO  com.zaxxer.hikari.HikariDataSource - HikariPool-1 - Start completed.
2022-11-22_14-51-17 [restartedMain] INFO  o.s.b.a.h.H2ConsoleAutoConfiguration - H2 console available at '/db'. Database available at 'jdbc:h2:mem:treatment_db'
2022-11-22_14-51-17 [restartedMain] INFO  o.s.o.j.LocalContainerEntityManagerFactoryBean - Initialized JPA EntityManagerFactory for persistence unit 'default'
2022-11-22_14-51-17 [restartedMain] INFO  s.d.s.w.PropertySourcedRequestMappingHandlerMapping - Mapped URL path [/v2/api-docs] onto method [springfox.documentation.swagger2.web.Swagger2Controller#getDocumentation(String, HttpServletRequest)]
2022-11-22_14-51-17 [restartedMain] INFO  o.s.s.c.ThreadPoolTaskExecutor - Initializing ExecutorService 'applicationTaskExecutor'
2022-11-22_14-51-17 [restartedMain] INFO  o.a.coyote.http11.Http11NioProtocol - Starting ProtocolHandler ["http-nio-8200"]
2022-11-22_14-51-17 [restartedMain] INFO  o.s.b.w.e.tomcat.TomcatWebServer - Tomcat started on port(s): 8200 (http) with context path '/ipTreatment'
2022-11-22_14-51-17 [restartedMain] INFO  s.d.s.w.p.DocumentationPluginsBootstrapper - Context refreshed
2022-11-22_14-51-17 [restartedMain] INFO  s.d.s.w.p.DocumentationPluginsBootstrapper - Found 1 custom documentation plugin(s)
2022-11-22_14-51-17 [restartedMain] INFO  s.d.s.w.s.ApiListingReferenceScanner - Scanning for api listing references
2022-11-22_14-51-17 [restartedMain] INFO  c.c.i.IpTreatmentMicroServiceApplication - Started IpTreatmentMicroServiceApplication in 13.085 seconds (JVM running for 14.203)
2022-11-22_14-51-17 [http-nio-8200-exec-1] INFO  o.a.c.c.C.[.[.[/ipTreatment] - Initializing Spring DispatcherServlet 'dispatcherServlet'
2022-11-22_14-51-17 [http-nio-8200-exec-1] INFO  o.s.web.servlet.DispatcherServlet - Initializing Servlet 'dispatcherServlet'
2022-11-22_14-51-17 [http-nio-8200-exec-1] INFO  o.s.web.servlet.DispatcherServlet - Completed initialization in 0 ms
2022-11-22_18-20-32 [restartedMain] INFO  c.c.i.IpTreatmentMicroServiceApplication - Starting IpTreatmentMicroServiceApplication using Java 17.0.4.1 on DESKTOP-E1ED4GH with PID 11480 (D:\International-Patients-Treatment-Management\IPTreatment-MicroService\target\classes started by SANJAY KUMAR in D:\International-Patients-Treatment-Management\IPTreatment-MicroService)
2022-11-22_18-20-32 [restartedMain] INFO  c.c.i.IpTreatmentMicroServiceApplication - No active profile set, falling back to default profiles: default
2022-11-22_18-20-32 [restartedMain] INFO  o.s.b.d.e.DevToolsPropertyDefaultsPostProcessor - Devtools property defaults active! Set 'spring.devtools.add-properties' to 'false' to disable
2022-11-22_18-20-32 [restartedMain] INFO  o.s.b.d.e.DevToolsPropertyDefaultsPostProcessor - For additional web related logging consider setting the 'logging.level.web' property to 'DEBUG'
2022-11-22_18-20-32 [restartedMain] INFO  o.s.d.r.c.RepositoryConfigurationDelegate - Bootstrapping Spring Data JPA repositories in DEFAULT mode.
2022-11-22_18-20-32 [restartedMain] INFO  o.s.d.r.c.RepositoryConfigurationDelegate - Finished Spring Data repository scanning in 388 ms. Found 2 JPA repository interfaces.
2022-11-22_18-20-32 [restartedMain] INFO  o.s.cloud.context.scope.GenericScope - BeanFactory id=2f195465-9377-3486-9b7b-e801cc28b7bb
2022-11-22_18-20-32 [restartedMain] INFO  o.s.c.s.PostProcessorRegistrationDelegate$BeanPostProcessorChecker - Bean 'com.cts.iptreatment.feign.AuthorizationClient' of type [org.springframework.cloud.openfeign.FeignClientFactoryBean] is not eligible for getting processed by all BeanPostProcessors (for example: not eligible for auto-proxying)
2022-11-22_18-20-32 [restartedMain] INFO  o.s.c.s.PostProcessorRegistrationDelegate$BeanPostProcessorChecker - Bean 'com.cts.iptreatment.feign.IPTreatmentOfferingClient' of type [org.springframework.cloud.openfeign.FeignClientFactoryBean] is not eligible for getting processed by all BeanPostProcessors (for example: not eligible for auto-proxying)
2022-11-22_18-20-32 [restartedMain] INFO  o.s.b.w.e.tomcat.TomcatWebServer - Tomcat initialized with port(s): 8200 (http)
2022-11-22_18-20-32 [restartedMain] INFO  o.a.coyote.http11.Http11NioProtocol - Initializing ProtocolHandler ["http-nio-8200"]
2022-11-22_18-20-32 [restartedMain] INFO  o.a.catalina.core.StandardService - Starting service [Tomcat]
2022-11-22_18-20-32 [restartedMain] INFO  o.a.catalina.core.StandardEngine - Starting Servlet engine: [Apache Tomcat/9.0.41]
2022-11-22_18-20-32 [restartedMain] INFO  o.a.c.c.C.[.[.[/ipTreatment] - Initializing Spring embedded WebApplicationContext
2022-11-22_18-20-32 [restartedMain] INFO  o.s.b.w.s.c.ServletWebServerApplicationContext - Root WebApplicationContext: initialization completed in 14610 ms
2022-11-22_18-20-32 [restartedMain] INFO  com.zaxxer.hikari.HikariDataSource - HikariPool-1 - Starting...
2022-11-22_18-20-32 [restartedMain] INFO  com.zaxxer.hikari.HikariDataSource - HikariPool-1 - Start completed.
2022-11-22_18-20-32 [restartedMain] INFO  o.s.b.a.h.H2ConsoleAutoConfiguration - H2 console available at '/db'. Database available at 'jdbc:h2:mem:treatment_db'
2022-11-22_18-20-32 [restartedMain] INFO  o.s.o.j.LocalContainerEntityManagerFactoryBean - Initialized JPA EntityManagerFactory for persistence unit 'default'
2022-11-22_18-20-32 [restartedMain] INFO  s.d.s.w.PropertySourcedRequestMappingHandlerMapping - Mapped URL path [/v2/api-docs] onto method [springfox.documentation.swagger2.web.Swagger2Controller#getDocumentation(String, HttpServletRequest)]
2022-11-22_18-20-32 [restartedMain] INFO  o.s.s.c.ThreadPoolTaskExecutor - Initializing ExecutorService 'applicationTaskExecutor'
2022-11-22_18-20-32 [restartedMain] INFO  o.a.coyote.http11.Http11NioProtocol - Starting ProtocolHandler ["http-nio-8200"]
2022-11-22_18-20-32 [restartedMain] INFO  o.s.b.w.e.tomcat.TomcatWebServer - Tomcat started on port(s): 8200 (http) with context path '/ipTreatment'
2022-11-22_18-20-32 [restartedMain] INFO  s.d.s.w.p.DocumentationPluginsBootstrapper - Context refreshed
2022-11-22_18-20-32 [restartedMain] INFO  s.d.s.w.p.DocumentationPluginsBootstrapper - Found 1 custom documentation plugin(s)
2022-11-22_18-20-32 [restartedMain] INFO  s.d.s.w.s.ApiListingReferenceScanner - Scanning for api listing references
2022-11-22_18-20-32 [restartedMain] INFO  c.c.i.IpTreatmentMicroServiceApplication - Started IpTreatmentMicroServiceApplication in 47.045 seconds (JVM running for 48.932)
2022-11-22_18-20-32 [Thread-1] INFO  o.s.s.c.ThreadPoolTaskExecutor - Shutting down ExecutorService 'applicationTaskExecutor'
2022-11-22_18-20-32 [Thread-1] INFO  o.s.o.j.LocalContainerEntityManagerFactoryBean - Closing JPA EntityManagerFactory for persistence unit 'default'
2022-11-22_18-20-32 [Thread-1] INFO  com.zaxxer.hikari.HikariDataSource - HikariPool-1 - Shutdown initiated...
2022-11-22_18-20-32 [Thread-1] INFO  com.zaxxer.hikari.HikariDataSource - HikariPool-1 - Shutdown completed.
2022-11-22_18-32-49 [restartedMain] INFO  c.c.i.IpTreatmentMicroServiceApplication - Starting IpTreatmentMicroServiceApplication using Java 17.0.4.1 on DESKTOP-E1ED4GH with PID 11480 (D:\International-Patients-Treatment-Management\IPTreatment-MicroService\target\classes started by SANJAY KUMAR in D:\International-Patients-Treatment-Management\IPTreatment-MicroService)
2022-11-22_18-32-49 [restartedMain] INFO  c.c.i.IpTreatmentMicroServiceApplication - No active profile set, falling back to default profiles: default
2022-11-22_18-32-49 [restartedMain] INFO  o.s.d.r.c.RepositoryConfigurationDelegate - Bootstrapping Spring Data JPA repositories in DEFAULT mode.
2022-11-22_18-32-49 [restartedMain] INFO  o.s.d.r.c.RepositoryConfigurationDelegate - Finished Spring Data repository scanning in 14 ms. Found 2 JPA repository interfaces.
2022-11-22_18-32-49 [restartedMain] INFO  o.s.cloud.context.scope.GenericScope - BeanFactory id=2f195465-9377-3486-9b7b-e801cc28b7bb
2022-11-22_18-32-49 [restartedMain] INFO  o.s.c.s.PostProcessorRegistrationDelegate$BeanPostProcessorChecker - Bean 'com.cts.iptreatment.feign.AuthorizationClient' of type [org.springframework.cloud.openfeign.FeignClientFactoryBean] is not eligible for getting processed by all BeanPostProcessors (for example: not eligible for auto-proxying)
2022-11-22_18-32-49 [restartedMain] INFO  o.s.c.s.PostProcessorRegistrationDelegate$BeanPostProcessorChecker - Bean 'com.cts.iptreatment.feign.IPTreatmentOfferingClient' of type [org.springframework.cloud.openfeign.FeignClientFactoryBean] is not eligible for getting processed by all BeanPostProcessors (for example: not eligible for auto-proxying)
2022-11-22_18-32-49 [restartedMain] INFO  o.s.b.w.e.tomcat.TomcatWebServer - Tomcat initialized with port(s): 8200 (http)
2022-11-22_18-32-49 [restartedMain] INFO  o.a.coyote.http11.Http11NioProtocol - Initializing ProtocolHandler ["http-nio-8200"]
2022-11-22_18-32-49 [restartedMain] INFO  o.a.catalina.core.StandardService - Starting service [Tomcat]
2022-11-22_18-32-49 [restartedMain] INFO  o.a.catalina.core.StandardEngine - Starting Servlet engine: [Apache Tomcat/9.0.41]
2022-11-22_18-32-49 [restartedMain] INFO  o.a.c.c.C.[.[.[/ipTreatment] - Initializing Spring embedded WebApplicationContext
2022-11-22_18-32-49 [restartedMain] INFO  o.s.b.w.s.c.ServletWebServerApplicationContext - Root WebApplicationContext: initialization completed in 720 ms
2022-11-22_18-32-49 [restartedMain] INFO  com.zaxxer.hikari.HikariDataSource - HikariPool-2 - Starting...
2022-11-22_18-32-49 [restartedMain] INFO  com.zaxxer.hikari.HikariDataSource - HikariPool-2 - Start completed.
2022-11-22_18-32-49 [restartedMain] INFO  o.s.b.a.h.H2ConsoleAutoConfiguration - H2 console available at '/db'. Database available at 'jdbc:h2:mem:treatment_db'
2022-11-22_18-32-49 [restartedMain] INFO  o.s.o.j.LocalContainerEntityManagerFactoryBean - Initialized JPA EntityManagerFactory for persistence unit 'default'
2022-11-22_18-32-49 [restartedMain] INFO  s.d.s.w.PropertySourcedRequestMappingHandlerMapping - Mapped URL path [/v2/api-docs] onto method [springfox.documentation.swagger2.web.Swagger2Controller#getDocumentation(String, HttpServletRequest)]
2022-11-22_18-32-49 [restartedMain] INFO  o.s.s.c.ThreadPoolTaskExecutor - Initializing ExecutorService 'applicationTaskExecutor'
2022-11-22_18-32-49 [restartedMain] INFO  o.a.coyote.http11.Http11NioProtocol - Starting ProtocolHandler ["http-nio-8200"]
2022-11-22_18-32-49 [restartedMain] INFO  o.s.b.w.e.tomcat.TomcatWebServer - Tomcat started on port(s): 8200 (http) with context path '/ipTreatment'
2022-11-22_18-32-49 [restartedMain] INFO  s.d.s.w.p.DocumentationPluginsBootstrapper - Context refreshed
2022-11-22_18-32-49 [restartedMain] INFO  s.d.s.w.p.DocumentationPluginsBootstrapper - Found 1 custom documentation plugin(s)
2022-11-22_18-32-49 [restartedMain] INFO  s.d.s.w.s.ApiListingReferenceScanner - Scanning for api listing references
2022-11-22_18-32-49 [restartedMain] INFO  c.c.i.IpTreatmentMicroServiceApplication - Started IpTreatmentMicroServiceApplication in 1.955 seconds (JVM running for 741.348)
2022-11-22_18-32-49 [restartedMain] INFO  o.s.b.d.a.ConditionEvaluationDeltaLoggingListener - Condition evaluation unchanged
2022-11-22_18-32-49 [Thread-9] INFO  o.s.s.c.ThreadPoolTaskExecutor - Shutting down ExecutorService 'applicationTaskExecutor'
2022-11-22_18-32-49 [Thread-9] INFO  o.s.o.j.LocalContainerEntityManagerFactoryBean - Closing JPA EntityManagerFactory for persistence unit 'default'
2022-11-22_18-32-49 [Thread-9] INFO  com.zaxxer.hikari.HikariDataSource - HikariPool-2 - Shutdown initiated...
2022-11-22_18-32-49 [Thread-9] INFO  com.zaxxer.hikari.HikariDataSource - HikariPool-2 - Shutdown completed.
2022-11-22_18-33-04 [restartedMain] INFO  c.c.i.IpTreatmentMicroServiceApplication - Starting IpTreatmentMicroServiceApplication using Java 17.0.4.1 on DESKTOP-E1ED4GH with PID 11480 (D:\International-Patients-Treatment-Management\IPTreatment-MicroService\target\classes started by SANJAY KUMAR in D:\International-Patients-Treatment-Management\IPTreatment-MicroService)
2022-11-22_18-33-04 [restartedMain] INFO  c.c.i.IpTreatmentMicroServiceApplication - No active profile set, falling back to default profiles: default
2022-11-22_18-33-04 [restartedMain] INFO  o.s.d.r.c.RepositoryConfigurationDelegate - Bootstrapping Spring Data JPA repositories in DEFAULT mode.
2022-11-22_18-33-04 [restartedMain] INFO  o.s.d.r.c.RepositoryConfigurationDelegate - Finished Spring Data repository scanning in 13 ms. Found 2 JPA repository interfaces.
2022-11-22_18-33-04 [restartedMain] INFO  o.s.cloud.context.scope.GenericScope - BeanFactory id=2f195465-9377-3486-9b7b-e801cc28b7bb
2022-11-22_18-33-04 [restartedMain] INFO  o.s.c.s.PostProcessorRegistrationDelegate$BeanPostProcessorChecker - Bean 'com.cts.iptreatment.feign.AuthorizationClient' of type [org.springframework.cloud.openfeign.FeignClientFactoryBean] is not eligible for getting processed by all BeanPostProcessors (for example: not eligible for auto-proxying)
2022-11-22_18-33-04 [restartedMain] INFO  o.s.c.s.PostProcessorRegistrationDelegate$BeanPostProcessorChecker - Bean 'com.cts.iptreatment.feign.IPTreatmentOfferingClient' of type [org.springframework.cloud.openfeign.FeignClientFactoryBean] is not eligible for getting processed by all BeanPostProcessors (for example: not eligible for auto-proxying)
2022-11-22_18-33-04 [restartedMain] INFO  o.s.b.w.e.tomcat.TomcatWebServer - Tomcat initialized with port(s): 8200 (http)
2022-11-22_18-33-04 [restartedMain] INFO  o.a.coyote.http11.Http11NioProtocol - Initializing ProtocolHandler ["http-nio-8200"]
2022-11-22_18-33-04 [restartedMain] INFO  o.a.catalina.core.StandardService - Starting service [Tomcat]
2022-11-22_18-33-04 [restartedMain] INFO  o.a.catalina.core.StandardEngine - Starting Servlet engine: [Apache Tomcat/9.0.41]
2022-11-22_18-33-04 [restartedMain] INFO  o.a.c.c.C.[.[.[/ipTreatment] - Initializing Spring embedded WebApplicationContext
2022-11-22_18-33-04 [restartedMain] INFO  o.s.b.w.s.c.ServletWebServerApplicationContext - Root WebApplicationContext: initialization completed in 618 ms
2022-11-22_18-33-04 [restartedMain] INFO  com.zaxxer.hikari.HikariDataSource - HikariPool-3 - Starting...
2022-11-22_18-33-04 [restartedMain] INFO  com.zaxxer.hikari.HikariDataSource - HikariPool-3 - Start completed.
2022-11-22_18-33-04 [restartedMain] INFO  o.s.b.a.h.H2ConsoleAutoConfiguration - H2 console available at '/db'. Database available at 'jdbc:h2:mem:treatment_db'
2022-11-22_18-33-04 [restartedMain] INFO  o.s.o.j.LocalContainerEntityManagerFactoryBean - Initialized JPA EntityManagerFactory for persistence unit 'default'
2022-11-22_18-33-04 [restartedMain] INFO  s.d.s.w.PropertySourcedRequestMappingHandlerMapping - Mapped URL path [/v2/api-docs] onto method [springfox.documentation.swagger2.web.Swagger2Controller#getDocumentation(String, HttpServletRequest)]
2022-11-22_18-33-04 [restartedMain] INFO  o.s.s.c.ThreadPoolTaskExecutor - Initializing ExecutorService 'applicationTaskExecutor'
2022-11-22_18-33-04 [restartedMain] INFO  o.a.coyote.http11.Http11NioProtocol - Starting ProtocolHandler ["http-nio-8200"]
2022-11-22_18-33-04 [restartedMain] INFO  o.s.b.w.e.tomcat.TomcatWebServer - Tomcat started on port(s): 8200 (http) with context path '/ipTreatment'
2022-11-22_18-33-04 [restartedMain] INFO  s.d.s.w.p.DocumentationPluginsBootstrapper - Context refreshed
2022-11-22_18-33-04 [restartedMain] INFO  s.d.s.w.p.DocumentationPluginsBootstrapper - Found 1 custom documentation plugin(s)
2022-11-22_18-33-04 [restartedMain] INFO  s.d.s.w.s.ApiListingReferenceScanner - Scanning for api listing references
2022-11-22_18-33-04 [restartedMain] INFO  c.c.i.IpTreatmentMicroServiceApplication - Started IpTreatmentMicroServiceApplication in 1.616 seconds (JVM running for 755.628)
2022-11-22_18-33-04 [restartedMain] INFO  o.s.b.d.a.ConditionEvaluationDeltaLoggingListener - Condition evaluation unchanged
2022-11-22_18-33-04 [Thread-16] INFO  o.s.s.c.ThreadPoolTaskExecutor - Shutting down ExecutorService 'applicationTaskExecutor'
2022-11-22_18-33-04 [Thread-16] INFO  o.s.o.j.LocalContainerEntityManagerFactoryBean - Closing JPA EntityManagerFactory for persistence unit 'default'
2022-11-22_18-33-04 [Thread-16] INFO  com.zaxxer.hikari.HikariDataSource - HikariPool-3 - Shutdown initiated...
2022-11-22_18-33-04 [Thread-16] INFO  com.zaxxer.hikari.HikariDataSource - HikariPool-3 - Shutdown completed.
2022-11-22_18-33-20 [restartedMain] INFO  c.c.i.IpTreatmentMicroServiceApplication - Starting IpTreatmentMicroServiceApplication using Java 17.0.4.1 on DESKTOP-E1ED4GH with PID 11480 (D:\International-Patients-Treatment-Management\IPTreatment-MicroService\target\classes started by SANJAY KUMAR in D:\International-Patients-Treatment-Management\IPTreatment-MicroService)
2022-11-22_18-33-20 [restartedMain] INFO  c.c.i.IpTreatmentMicroServiceApplication - No active profile set, falling back to default profiles: default
2022-11-22_18-33-20 [restartedMain] INFO  o.s.d.r.c.RepositoryConfigurationDelegate - Bootstrapping Spring Data JPA repositories in DEFAULT mode.
2022-11-22_18-33-20 [restartedMain] INFO  o.s.d.r.c.RepositoryConfigurationDelegate - Finished Spring Data repository scanning in 15 ms. Found 2 JPA repository interfaces.
2022-11-22_18-33-20 [restartedMain] INFO  o.s.cloud.context.scope.GenericScope - BeanFactory id=2f195465-9377-3486-9b7b-e801cc28b7bb
2022-11-22_18-33-20 [restartedMain] INFO  o.s.c.s.PostProcessorRegistrationDelegate$BeanPostProcessorChecker - Bean 'com.cts.iptreatment.feign.AuthorizationClient' of type [org.springframework.cloud.openfeign.FeignClientFactoryBean] is not eligible for getting processed by all BeanPostProcessors (for example: not eligible for auto-proxying)
2022-11-22_18-33-20 [restartedMain] INFO  o.s.c.s.PostProcessorRegistrationDelegate$BeanPostProcessorChecker - Bean 'com.cts.iptreatment.feign.IPTreatmentOfferingClient' of type [org.springframework.cloud.openfeign.FeignClientFactoryBean] is not eligible for getting processed by all BeanPostProcessors (for example: not eligible for auto-proxying)
2022-11-22_18-33-20 [restartedMain] INFO  o.s.b.w.e.tomcat.TomcatWebServer - Tomcat initialized with port(s): 8200 (http)
2022-11-22_18-33-20 [restartedMain] INFO  o.a.coyote.http11.Http11NioProtocol - Initializing ProtocolHandler ["http-nio-8200"]
2022-11-22_18-33-20 [restartedMain] INFO  o.a.catalina.core.StandardService - Starting service [Tomcat]
2022-11-22_18-33-20 [restartedMain] INFO  o.a.catalina.core.StandardEngine - Starting Servlet engine: [Apache Tomcat/9.0.41]
2022-11-22_18-33-20 [restartedMain] INFO  o.a.c.c.C.[.[.[/ipTreatment] - Initializing Spring embedded WebApplicationContext
2022-11-22_18-33-20 [restartedMain] INFO  o.s.b.w.s.c.ServletWebServerApplicationContext - Root WebApplicationContext: initialization completed in 563 ms
2022-11-22_18-33-20 [restartedMain] INFO  com.zaxxer.hikari.HikariDataSource - HikariPool-4 - Starting...
2022-11-22_18-33-20 [restartedMain] INFO  com.zaxxer.hikari.HikariDataSource - HikariPool-4 - Start completed.
2022-11-22_18-33-20 [restartedMain] INFO  o.s.b.a.h.H2ConsoleAutoConfiguration - H2 console available at '/db'. Database available at 'jdbc:h2:mem:treatment_db'
2022-11-22_18-33-20 [restartedMain] INFO  o.s.o.j.LocalContainerEntityManagerFactoryBean - Initialized JPA EntityManagerFactory for persistence unit 'default'
2022-11-22_18-33-20 [restartedMain] INFO  s.d.s.w.PropertySourcedRequestMappingHandlerMapping - Mapped URL path [/v2/api-docs] onto method [springfox.documentation.swagger2.web.Swagger2Controller#getDocumentation(String, HttpServletRequest)]
2022-11-22_18-33-20 [restartedMain] INFO  o.s.s.c.ThreadPoolTaskExecutor - Initializing ExecutorService 'applicationTaskExecutor'
2022-11-22_18-33-20 [restartedMain] INFO  o.a.coyote.http11.Http11NioProtocol - Starting ProtocolHandler ["http-nio-8200"]
2022-11-22_18-33-20 [restartedMain] INFO  o.s.b.w.e.tomcat.TomcatWebServer - Tomcat started on port(s): 8200 (http) with context path '/ipTreatment'
2022-11-22_18-33-20 [restartedMain] INFO  s.d.s.w.p.DocumentationPluginsBootstrapper - Context refreshed
2022-11-22_18-33-20 [restartedMain] INFO  s.d.s.w.p.DocumentationPluginsBootstrapper - Found 1 custom documentation plugin(s)
2022-11-22_18-33-20 [restartedMain] INFO  s.d.s.w.s.ApiListingReferenceScanner - Scanning for api listing references
2022-11-22_18-33-20 [restartedMain] INFO  c.c.i.IpTreatmentMicroServiceApplication - Started IpTreatmentMicroServiceApplication in 1.634 seconds (JVM running for 772.086)
2022-11-22_18-33-20 [restartedMain] INFO  o.s.b.d.a.ConditionEvaluationDeltaLoggingListener - Condition evaluation unchanged
2022-11-22_18-33-20 [Thread-23] INFO  o.s.s.c.ThreadPoolTaskExecutor - Shutting down ExecutorService 'applicationTaskExecutor'
2022-11-22_18-33-20 [Thread-23] INFO  o.s.o.j.LocalContainerEntityManagerFactoryBean - Closing JPA EntityManagerFactory for persistence unit 'default'
2022-11-22_18-33-20 [Thread-23] INFO  com.zaxxer.hikari.HikariDataSource - HikariPool-4 - Shutdown initiated...
2022-11-22_18-33-20 [Thread-23] INFO  com.zaxxer.hikari.HikariDataSource - HikariPool-4 - Shutdown completed.
2022-11-22_18-33-25 [restartedMain] INFO  c.c.i.IpTreatmentMicroServiceApplication - Starting IpTreatmentMicroServiceApplication using Java 17.0.4.1 on DESKTOP-E1ED4GH with PID 11480 (D:\International-Patients-Treatment-Management\IPTreatment-MicroService\target\classes started by SANJAY KUMAR in D:\International-Patients-Treatment-Management\IPTreatment-MicroService)
2022-11-22_18-33-25 [restartedMain] INFO  c.c.i.IpTreatmentMicroServiceApplication - No active profile set, falling back to default profiles: default
2022-11-22_18-33-25 [restartedMain] INFO  o.s.d.r.c.RepositoryConfigurationDelegate - Bootstrapping Spring Data JPA repositories in DEFAULT mode.
2022-11-22_18-33-25 [restartedMain] INFO  o.s.d.r.c.RepositoryConfigurationDelegate - Finished Spring Data repository scanning in 17 ms. Found 2 JPA repository interfaces.
2022-11-22_18-33-25 [restartedMain] INFO  o.s.cloud.context.scope.GenericScope - BeanFactory id=2f195465-9377-3486-9b7b-e801cc28b7bb
2022-11-22_18-33-25 [restartedMain] INFO  o.s.c.s.PostProcessorRegistrationDelegate$BeanPostProcessorChecker - Bean 'com.cts.iptreatment.feign.AuthorizationClient' of type [org.springframework.cloud.openfeign.FeignClientFactoryBean] is not eligible for getting processed by all BeanPostProcessors (for example: not eligible for auto-proxying)
2022-11-22_18-33-25 [restartedMain] INFO  o.s.c.s.PostProcessorRegistrationDelegate$BeanPostProcessorChecker - Bean 'com.cts.iptreatment.feign.IPTreatmentOfferingClient' of type [org.springframework.cloud.openfeign.FeignClientFactoryBean] is not eligible for getting processed by all BeanPostProcessors (for example: not eligible for auto-proxying)
2022-11-22_18-33-25 [restartedMain] INFO  o.s.b.w.e.tomcat.TomcatWebServer - Tomcat initialized with port(s): 8200 (http)
2022-11-22_18-33-25 [restartedMain] INFO  o.a.coyote.http11.Http11NioProtocol - Initializing ProtocolHandler ["http-nio-8200"]
2022-11-22_18-33-25 [restartedMain] INFO  o.a.catalina.core.StandardService - Starting service [Tomcat]
2022-11-22_18-33-25 [restartedMain] INFO  o.a.catalina.core.StandardEngine - Starting Servlet engine: [Apache Tomcat/9.0.41]
2022-11-22_18-33-25 [restartedMain] INFO  o.a.c.c.C.[.[.[/ipTreatment] - Initializing Spring embedded WebApplicationContext
2022-11-22_18-33-25 [restartedMain] INFO  o.s.b.w.s.c.ServletWebServerApplicationContext - Root WebApplicationContext: initialization completed in 543 ms
2022-11-22_18-33-25 [restartedMain] INFO  com.zaxxer.hikari.HikariDataSource - HikariPool-5 - Starting...
2022-11-22_18-33-25 [restartedMain] INFO  com.zaxxer.hikari.HikariDataSource - HikariPool-5 - Start completed.
2022-11-22_18-33-25 [restartedMain] INFO  o.s.b.a.h.H2ConsoleAutoConfiguration - H2 console available at '/db'. Database available at 'jdbc:h2:mem:treatment_db'
2022-11-22_18-33-25 [restartedMain] INFO  o.s.o.j.LocalContainerEntityManagerFactoryBean - Initialized JPA EntityManagerFactory for persistence unit 'default'
2022-11-22_18-33-25 [restartedMain] INFO  s.d.s.w.PropertySourcedRequestMappingHandlerMapping - Mapped URL path [/v2/api-docs] onto method [springfox.documentation.swagger2.web.Swagger2Controller#getDocumentation(String, HttpServletRequest)]
2022-11-22_18-33-25 [restartedMain] INFO  o.s.s.c.ThreadPoolTaskExecutor - Initializing ExecutorService 'applicationTaskExecutor'
2022-11-22_18-33-25 [restartedMain] INFO  o.a.coyote.http11.Http11NioProtocol - Starting ProtocolHandler ["http-nio-8200"]
2022-11-22_18-33-25 [restartedMain] INFO  o.s.b.w.e.tomcat.TomcatWebServer - Tomcat started on port(s): 8200 (http) with context path '/ipTreatment'
2022-11-22_18-33-25 [restartedMain] INFO  s.d.s.w.p.DocumentationPluginsBootstrapper - Context refreshed
2022-11-22_18-33-25 [restartedMain] INFO  s.d.s.w.p.DocumentationPluginsBootstrapper - Found 1 custom documentation plugin(s)
2022-11-22_18-33-25 [restartedMain] INFO  s.d.s.w.s.ApiListingReferenceScanner - Scanning for api listing references
2022-11-22_18-33-25 [restartedMain] INFO  c.c.i.IpTreatmentMicroServiceApplication - Started IpTreatmentMicroServiceApplication in 1.486 seconds (JVM running for 777.084)
2022-11-22_18-33-25 [restartedMain] INFO  o.s.b.d.a.ConditionEvaluationDeltaLoggingListener - Condition evaluation unchanged
2022-11-22_18-33-25 [Thread-30] INFO  o.s.s.c.ThreadPoolTaskExecutor - Shutting down ExecutorService 'applicationTaskExecutor'
2022-11-22_18-33-25 [Thread-30] INFO  o.s.o.j.LocalContainerEntityManagerFactoryBean - Closing JPA EntityManagerFactory for persistence unit 'default'
2022-11-22_18-33-25 [Thread-30] INFO  com.zaxxer.hikari.HikariDataSource - HikariPool-5 - Shutdown initiated...
2022-11-22_18-33-25 [Thread-30] INFO  com.zaxxer.hikari.HikariDataSource - HikariPool-5 - Shutdown completed.
2022-11-22_18-33-46 [restartedMain] INFO  c.c.i.IpTreatmentMicroServiceApplication - Starting IpTreatmentMicroServiceApplication using Java 17.0.4.1 on DESKTOP-E1ED4GH with PID 11480 (D:\International-Patients-Treatment-Management\IPTreatment-MicroService\target\classes started by SANJAY KUMAR in D:\International-Patients-Treatment-Management\IPTreatment-MicroService)
2022-11-22_18-33-46 [restartedMain] INFO  c.c.i.IpTreatmentMicroServiceApplication - No active profile set, falling back to default profiles: default
2022-11-22_18-33-46 [restartedMain] INFO  o.s.d.r.c.RepositoryConfigurationDelegate - Bootstrapping Spring Data JPA repositories in DEFAULT mode.
2022-11-22_18-33-46 [restartedMain] INFO  o.s.d.r.c.RepositoryConfigurationDelegate - Finished Spring Data repository scanning in 23 ms. Found 2 JPA repository interfaces.
2022-11-22_18-33-46 [restartedMain] INFO  o.s.cloud.context.scope.GenericScope - BeanFactory id=2f195465-9377-3486-9b7b-e801cc28b7bb
2022-11-22_18-33-46 [restartedMain] INFO  o.s.c.s.PostProcessorRegistrationDelegate$BeanPostProcessorChecker - Bean 'com.cts.iptreatment.feign.AuthorizationClient' of type [org.springframework.cloud.openfeign.FeignClientFactoryBean] is not eligible for getting processed by all BeanPostProcessors (for example: not eligible for auto-proxying)
2022-11-22_18-33-46 [restartedMain] INFO  o.s.c.s.PostProcessorRegistrationDelegate$BeanPostProcessorChecker - Bean 'com.cts.iptreatment.feign.IPTreatmentOfferingClient' of type [org.springframework.cloud.openfeign.FeignClientFactoryBean] is not eligible for getting processed by all BeanPostProcessors (for example: not eligible for auto-proxying)
2022-11-22_18-33-46 [restartedMain] INFO  o.s.b.w.e.tomcat.TomcatWebServer - Tomcat initialized with port(s): 8200 (http)
2022-11-22_18-33-46 [restartedMain] INFO  o.a.coyote.http11.Http11NioProtocol - Initializing ProtocolHandler ["http-nio-8200"]
2022-11-22_18-33-46 [restartedMain] INFO  o.a.catalina.core.StandardService - Starting service [Tomcat]
2022-11-22_18-33-46 [restartedMain] INFO  o.a.catalina.core.StandardEngine - Starting Servlet engine: [Apache Tomcat/9.0.41]
2022-11-22_18-33-46 [restartedMain] INFO  o.a.c.c.C.[.[.[/ipTreatment] - Initializing Spring embedded WebApplicationContext
2022-11-22_18-33-46 [restartedMain] INFO  o.s.b.w.s.c.ServletWebServerApplicationContext - Root WebApplicationContext: initialization completed in 418 ms
2022-11-22_18-33-46 [restartedMain] INFO  com.zaxxer.hikari.HikariDataSource - HikariPool-6 - Starting...
2022-11-22_18-33-46 [restartedMain] INFO  com.zaxxer.hikari.HikariDataSource - HikariPool-6 - Start completed.
2022-11-22_18-33-46 [restartedMain] INFO  o.s.b.a.h.H2ConsoleAutoConfiguration - H2 console available at '/db'. Database available at 'jdbc:h2:mem:treatment_db'
2022-11-22_18-33-46 [restartedMain] INFO  o.s.o.j.LocalContainerEntityManagerFactoryBean - Initialized JPA EntityManagerFactory for persistence unit 'default'
2022-11-22_18-33-46 [restartedMain] INFO  s.d.s.w.PropertySourcedRequestMappingHandlerMapping - Mapped URL path [/v2/api-docs] onto method [springfox.documentation.swagger2.web.Swagger2Controller#getDocumentation(String, HttpServletRequest)]
2022-11-22_18-33-46 [restartedMain] INFO  o.s.s.c.ThreadPoolTaskExecutor - Initializing ExecutorService 'applicationTaskExecutor'
2022-11-22_18-33-46 [restartedMain] INFO  o.a.coyote.http11.Http11NioProtocol - Starting ProtocolHandler ["http-nio-8200"]
2022-11-22_18-33-46 [restartedMain] INFO  o.s.b.w.e.tomcat.TomcatWebServer - Tomcat started on port(s): 8200 (http) with context path '/ipTreatment'
2022-11-22_18-33-46 [restartedMain] INFO  s.d.s.w.p.DocumentationPluginsBootstrapper - Context refreshed
2022-11-22_18-33-46 [restartedMain] INFO  s.d.s.w.p.DocumentationPluginsBootstrapper - Found 1 custom documentation plugin(s)
2022-11-22_18-33-46 [restartedMain] INFO  s.d.s.w.s.ApiListingReferenceScanner - Scanning for api listing references
2022-11-22_18-33-46 [restartedMain] INFO  c.c.i.IpTreatmentMicroServiceApplication - Started IpTreatmentMicroServiceApplication in 1.245 seconds (JVM running for 798.238)
2022-11-22_18-33-46 [restartedMain] INFO  o.s.b.d.a.ConditionEvaluationDeltaLoggingListener - Condition evaluation unchanged
2022-11-22_18-33-46 [Thread-37] INFO  o.s.s.c.ThreadPoolTaskExecutor - Shutting down ExecutorService 'applicationTaskExecutor'
2022-11-22_18-33-46 [Thread-37] INFO  o.s.o.j.LocalContainerEntityManagerFactoryBean - Closing JPA EntityManagerFactory for persistence unit 'default'
2022-11-22_18-33-46 [Thread-37] INFO  com.zaxxer.hikari.HikariDataSource - HikariPool-6 - Shutdown initiated...
2022-11-22_18-33-46 [Thread-37] INFO  com.zaxxer.hikari.HikariDataSource - HikariPool-6 - Shutdown completed.
2022-11-22_18-33-50 [restartedMain] INFO  c.c.i.IpTreatmentMicroServiceApplication - Starting IpTreatmentMicroServiceApplication using Java 17.0.4.1 on DESKTOP-E1ED4GH with PID 11480 (D:\International-Patients-Treatment-Management\IPTreatment-MicroService\target\classes started by SANJAY KUMAR in D:\International-Patients-Treatment-Management\IPTreatment-MicroService)
2022-11-22_18-33-50 [restartedMain] INFO  c.c.i.IpTreatmentMicroServiceApplication - No active profile set, falling back to default profiles: default
2022-11-22_18-33-50 [restartedMain] INFO  o.s.d.r.c.RepositoryConfigurationDelegate - Bootstrapping Spring Data JPA repositories in DEFAULT mode.
2022-11-22_18-33-50 [restartedMain] INFO  o.s.d.r.c.RepositoryConfigurationDelegate - Finished Spring Data repository scanning in 22 ms. Found 2 JPA repository interfaces.
2022-11-22_18-33-50 [restartedMain] INFO  o.s.cloud.context.scope.GenericScope - BeanFactory id=2f195465-9377-3486-9b7b-e801cc28b7bb
2022-11-22_18-33-50 [restartedMain] INFO  o.s.c.s.PostProcessorRegistrationDelegate$BeanPostProcessorChecker - Bean 'com.cts.iptreatment.feign.AuthorizationClient' of type [org.springframework.cloud.openfeign.FeignClientFactoryBean] is not eligible for getting processed by all BeanPostProcessors (for example: not eligible for auto-proxying)
2022-11-22_18-33-50 [restartedMain] INFO  o.s.c.s.PostProcessorRegistrationDelegate$BeanPostProcessorChecker - Bean 'com.cts.iptreatment.feign.IPTreatmentOfferingClient' of type [org.springframework.cloud.openfeign.FeignClientFactoryBean] is not eligible for getting processed by all BeanPostProcessors (for example: not eligible for auto-proxying)
2022-11-22_18-33-50 [restartedMain] INFO  o.s.b.w.e.tomcat.TomcatWebServer - Tomcat initialized with port(s): 8200 (http)
2022-11-22_18-33-50 [restartedMain] INFO  o.a.coyote.http11.Http11NioProtocol - Initializing ProtocolHandler ["http-nio-8200"]
2022-11-22_18-33-50 [restartedMain] INFO  o.a.catalina.core.StandardService - Starting service [Tomcat]
2022-11-22_18-33-50 [restartedMain] INFO  o.a.catalina.core.StandardEngine - Starting Servlet engine: [Apache Tomcat/9.0.41]
2022-11-22_18-33-50 [restartedMain] INFO  o.a.c.c.C.[.[.[/ipTreatment] - Initializing Spring embedded WebApplicationContext
2022-11-22_18-33-50 [restartedMain] INFO  o.s.b.w.s.c.ServletWebServerApplicationContext - Root WebApplicationContext: initialization completed in 449 ms
2022-11-22_18-33-50 [restartedMain] INFO  com.zaxxer.hikari.HikariDataSource - HikariPool-7 - Starting...
2022-11-22_18-33-50 [restartedMain] INFO  com.zaxxer.hikari.HikariDataSource - HikariPool-7 - Start completed.
2022-11-22_18-33-50 [restartedMain] INFO  o.s.b.a.h.H2ConsoleAutoConfiguration - H2 console available at '/db'. Database available at 'jdbc:h2:mem:treatment_db'
2022-11-22_18-33-50 [restartedMain] INFO  o.s.o.j.LocalContainerEntityManagerFactoryBean - Initialized JPA EntityManagerFactory for persistence unit 'default'
2022-11-22_18-33-50 [restartedMain] INFO  s.d.s.w.PropertySourcedRequestMappingHandlerMapping - Mapped URL path [/v2/api-docs] onto method [springfox.documentation.swagger2.web.Swagger2Controller#getDocumentation(String, HttpServletRequest)]
2022-11-22_18-33-50 [restartedMain] INFO  o.s.s.c.ThreadPoolTaskExecutor - Initializing ExecutorService 'applicationTaskExecutor'
2022-11-22_18-33-50 [restartedMain] INFO  o.a.coyote.http11.Http11NioProtocol - Starting ProtocolHandler ["http-nio-8200"]
2022-11-22_18-33-50 [restartedMain] INFO  o.s.b.w.e.tomcat.TomcatWebServer - Tomcat started on port(s): 8200 (http) with context path '/ipTreatment'
2022-11-22_18-33-50 [restartedMain] INFO  s.d.s.w.p.DocumentationPluginsBootstrapper - Context refreshed
2022-11-22_18-33-50 [restartedMain] INFO  s.d.s.w.p.DocumentationPluginsBootstrapper - Found 1 custom documentation plugin(s)
2022-11-22_18-33-50 [restartedMain] INFO  s.d.s.w.s.ApiListingReferenceScanner - Scanning for api listing references
2022-11-22_18-33-50 [restartedMain] INFO  c.c.i.IpTreatmentMicroServiceApplication - Started IpTreatmentMicroServiceApplication in 1.237 seconds (JVM running for 802.062)
2022-11-22_18-33-50 [restartedMain] INFO  o.s.b.d.a.ConditionEvaluationDeltaLoggingListener - Condition evaluation unchanged
2022-11-22_18-33-50 [Thread-44] INFO  o.s.s.c.ThreadPoolTaskExecutor - Shutting down ExecutorService 'applicationTaskExecutor'
2022-11-22_18-33-50 [Thread-44] INFO  o.s.o.j.LocalContainerEntityManagerFactoryBean - Closing JPA EntityManagerFactory for persistence unit 'default'
2022-11-22_18-33-50 [Thread-44] INFO  com.zaxxer.hikari.HikariDataSource - HikariPool-7 - Shutdown initiated...
2022-11-22_18-33-50 [Thread-44] INFO  com.zaxxer.hikari.HikariDataSource - HikariPool-7 - Shutdown completed.
2022-11-22_18-34-02 [restartedMain] INFO  c.c.i.IpTreatmentMicroServiceApplication - Starting IpTreatmentMicroServiceApplication using Java 17.0.4.1 on DESKTOP-E1ED4GH with PID 11480 (D:\International-Patients-Treatment-Management\IPTreatment-MicroService\target\classes started by SANJAY KUMAR in D:\International-Patients-Treatment-Management\IPTreatment-MicroService)
2022-11-22_18-34-02 [restartedMain] INFO  c.c.i.IpTreatmentMicroServiceApplication - No active profile set, falling back to default profiles: default
2022-11-22_18-34-02 [restartedMain] INFO  o.s.d.r.c.RepositoryConfigurationDelegate - Bootstrapping Spring Data JPA repositories in DEFAULT mode.
2022-11-22_18-34-02 [restartedMain] INFO  o.s.d.r.c.RepositoryConfigurationDelegate - Finished Spring Data repository scanning in 11 ms. Found 2 JPA repository interfaces.
2022-11-22_18-34-02 [restartedMain] INFO  o.s.cloud.context.scope.GenericScope - BeanFactory id=2f195465-9377-3486-9b7b-e801cc28b7bb
2022-11-22_18-34-02 [restartedMain] INFO  o.s.c.s.PostProcessorRegistrationDelegate$BeanPostProcessorChecker - Bean 'com.cts.iptreatment.feign.AuthorizationClient' of type [org.springframework.cloud.openfeign.FeignClientFactoryBean] is not eligible for getting processed by all BeanPostProcessors (for example: not eligible for auto-proxying)
2022-11-22_18-34-02 [restartedMain] INFO  o.s.c.s.PostProcessorRegistrationDelegate$BeanPostProcessorChecker - Bean 'com.cts.iptreatment.feign.IPTreatmentOfferingClient' of type [org.springframework.cloud.openfeign.FeignClientFactoryBean] is not eligible for getting processed by all BeanPostProcessors (for example: not eligible for auto-proxying)
2022-11-22_18-34-02 [restartedMain] INFO  o.s.b.w.e.tomcat.TomcatWebServer - Tomcat initialized with port(s): 8200 (http)
2022-11-22_18-34-02 [restartedMain] INFO  o.a.coyote.http11.Http11NioProtocol - Initializing ProtocolHandler ["http-nio-8200"]
2022-11-22_18-34-02 [restartedMain] INFO  o.a.catalina.core.StandardService - Starting service [Tomcat]
2022-11-22_18-34-02 [restartedMain] INFO  o.a.catalina.core.StandardEngine - Starting Servlet engine: [Apache Tomcat/9.0.41]
2022-11-22_18-34-02 [restartedMain] INFO  o.a.c.c.C.[.[.[/ipTreatment] - Initializing Spring embedded WebApplicationContext
2022-11-22_18-34-02 [restartedMain] INFO  o.s.b.w.s.c.ServletWebServerApplicationContext - Root WebApplicationContext: initialization completed in 417 ms
2022-11-22_18-34-02 [restartedMain] INFO  com.zaxxer.hikari.HikariDataSource - HikariPool-8 - Starting...
2022-11-22_18-34-02 [restartedMain] INFO  com.zaxxer.hikari.HikariDataSource - HikariPool-8 - Start completed.
2022-11-22_18-34-02 [restartedMain] INFO  o.s.b.a.h.H2ConsoleAutoConfiguration - H2 console available at '/db'. Database available at 'jdbc:h2:mem:treatment_db'
2022-11-22_18-34-02 [restartedMain] INFO  o.s.o.j.LocalContainerEntityManagerFactoryBean - Initialized JPA EntityManagerFactory for persistence unit 'default'
2022-11-22_18-34-02 [restartedMain] INFO  s.d.s.w.PropertySourcedRequestMappingHandlerMapping - Mapped URL path [/v2/api-docs] onto method [springfox.documentation.swagger2.web.Swagger2Controller#getDocumentation(String, HttpServletRequest)]
2022-11-22_18-34-02 [restartedMain] INFO  o.s.s.c.ThreadPoolTaskExecutor - Initializing ExecutorService 'applicationTaskExecutor'
2022-11-22_18-34-02 [restartedMain] INFO  o.a.coyote.http11.Http11NioProtocol - Starting ProtocolHandler ["http-nio-8200"]
2022-11-22_18-34-02 [restartedMain] INFO  o.s.b.w.e.tomcat.TomcatWebServer - Tomcat started on port(s): 8200 (http) with context path '/ipTreatment'
2022-11-22_18-34-02 [restartedMain] INFO  s.d.s.w.p.DocumentationPluginsBootstrapper - Context refreshed
2022-11-22_18-34-02 [restartedMain] INFO  s.d.s.w.p.DocumentationPluginsBootstrapper - Found 1 custom documentation plugin(s)
2022-11-22_18-34-02 [restartedMain] INFO  s.d.s.w.s.ApiListingReferenceScanner - Scanning for api listing references
2022-11-22_18-34-02 [restartedMain] INFO  c.c.i.IpTreatmentMicroServiceApplication - Started IpTreatmentMicroServiceApplication in 1.182 seconds (JVM running for 813.999)
2022-11-22_18-34-02 [restartedMain] INFO  o.s.b.d.a.ConditionEvaluationDeltaLoggingListener - Condition evaluation unchanged
2022-11-22_18-34-02 [Thread-51] INFO  o.s.s.c.ThreadPoolTaskExecutor - Shutting down ExecutorService 'applicationTaskExecutor'
2022-11-22_18-34-02 [Thread-51] INFO  o.s.o.j.LocalContainerEntityManagerFactoryBean - Closing JPA EntityManagerFactory for persistence unit 'default'
2022-11-22_18-34-02 [Thread-51] INFO  com.zaxxer.hikari.HikariDataSource - HikariPool-8 - Shutdown initiated...
2022-11-22_18-34-02 [Thread-51] INFO  com.zaxxer.hikari.HikariDataSource - HikariPool-8 - Shutdown completed.
2022-11-22_18-34-19 [restartedMain] INFO  c.c.i.IpTreatmentMicroServiceApplication - Starting IpTreatmentMicroServiceApplication using Java 17.0.4.1 on DESKTOP-E1ED4GH with PID 11480 (D:\International-Patients-Treatment-Management\IPTreatment-MicroService\target\classes started by SANJAY KUMAR in D:\International-Patients-Treatment-Management\IPTreatment-MicroService)
2022-11-22_18-34-19 [restartedMain] INFO  c.c.i.IpTreatmentMicroServiceApplication - No active profile set, falling back to default profiles: default
2022-11-22_18-34-19 [restartedMain] INFO  o.s.d.r.c.RepositoryConfigurationDelegate - Bootstrapping Spring Data JPA repositories in DEFAULT mode.
2022-11-22_18-34-19 [restartedMain] INFO  o.s.d.r.c.RepositoryConfigurationDelegate - Finished Spring Data repository scanning in 10 ms. Found 2 JPA repository interfaces.
2022-11-22_18-34-19 [restartedMain] INFO  o.s.cloud.context.scope.GenericScope - BeanFactory id=2f195465-9377-3486-9b7b-e801cc28b7bb
2022-11-22_18-34-19 [restartedMain] INFO  o.s.c.s.PostProcessorRegistrationDelegate$BeanPostProcessorChecker - Bean 'com.cts.iptreatment.feign.AuthorizationClient' of type [org.springframework.cloud.openfeign.FeignClientFactoryBean] is not eligible for getting processed by all BeanPostProcessors (for example: not eligible for auto-proxying)
2022-11-22_18-34-19 [restartedMain] INFO  o.s.c.s.PostProcessorRegistrationDelegate$BeanPostProcessorChecker - Bean 'com.cts.iptreatment.feign.IPTreatmentOfferingClient' of type [org.springframework.cloud.openfeign.FeignClientFactoryBean] is not eligible for getting processed by all BeanPostProcessors (for example: not eligible for auto-proxying)
2022-11-22_18-34-19 [restartedMain] INFO  o.s.b.w.e.tomcat.TomcatWebServer - Tomcat initialized with port(s): 8200 (http)
2022-11-22_18-34-19 [restartedMain] INFO  o.a.coyote.http11.Http11NioProtocol - Initializing ProtocolHandler ["http-nio-8200"]
2022-11-22_18-34-19 [restartedMain] INFO  o.a.catalina.core.StandardService - Starting service [Tomcat]
2022-11-22_18-34-19 [restartedMain] INFO  o.a.catalina.core.StandardEngine - Starting Servlet engine: [Apache Tomcat/9.0.41]
2022-11-22_18-34-19 [restartedMain] INFO  o.a.c.c.C.[.[.[/ipTreatment] - Initializing Spring embedded WebApplicationContext
2022-11-22_18-34-19 [restartedMain] INFO  o.s.b.w.s.c.ServletWebServerApplicationContext - Root WebApplicationContext: initialization completed in 362 ms
2022-11-22_18-34-19 [restartedMain] INFO  com.zaxxer.hikari.HikariDataSource - HikariPool-9 - Starting...
2022-11-22_18-34-19 [restartedMain] INFO  com.zaxxer.hikari.HikariDataSource - HikariPool-9 - Start completed.
2022-11-22_18-34-19 [restartedMain] INFO  o.s.b.a.h.H2ConsoleAutoConfiguration - H2 console available at '/db'. Database available at 'jdbc:h2:mem:treatment_db'
2022-11-22_18-34-19 [restartedMain] INFO  o.s.o.j.LocalContainerEntityManagerFactoryBean - Initialized JPA EntityManagerFactory for persistence unit 'default'
2022-11-22_18-34-19 [restartedMain] INFO  s.d.s.w.PropertySourcedRequestMappingHandlerMapping - Mapped URL path [/v2/api-docs] onto method [springfox.documentation.swagger2.web.Swagger2Controller#getDocumentation(String, HttpServletRequest)]
2022-11-22_18-34-19 [restartedMain] INFO  o.s.s.c.ThreadPoolTaskExecutor - Initializing ExecutorService 'applicationTaskExecutor'
2022-11-22_18-34-19 [restartedMain] INFO  o.a.coyote.http11.Http11NioProtocol - Starting ProtocolHandler ["http-nio-8200"]
2022-11-22_18-34-19 [restartedMain] INFO  o.s.b.w.e.tomcat.TomcatWebServer - Tomcat started on port(s): 8200 (http) with context path '/ipTreatment'
2022-11-22_18-34-19 [restartedMain] INFO  s.d.s.w.p.DocumentationPluginsBootstrapper - Context refreshed
2022-11-22_18-34-19 [restartedMain] INFO  s.d.s.w.p.DocumentationPluginsBootstrapper - Found 1 custom documentation plugin(s)
2022-11-22_18-34-19 [restartedMain] INFO  s.d.s.w.s.ApiListingReferenceScanner - Scanning for api listing references
2022-11-22_18-34-19 [restartedMain] INFO  c.c.i.IpTreatmentMicroServiceApplication - Started IpTreatmentMicroServiceApplication in 1.083 seconds (JVM running for 830.974)
2022-11-22_18-34-19 [restartedMain] INFO  o.s.b.d.a.ConditionEvaluationDeltaLoggingListener - Condition evaluation unchanged
2022-11-22_18-34-19 [Thread-58] INFO  o.s.s.c.ThreadPoolTaskExecutor - Shutting down ExecutorService 'applicationTaskExecutor'
2022-11-22_18-34-19 [Thread-58] INFO  o.s.o.j.LocalContainerEntityManagerFactoryBean - Closing JPA EntityManagerFactory for persistence unit 'default'
2022-11-22_18-34-19 [Thread-58] INFO  com.zaxxer.hikari.HikariDataSource - HikariPool-9 - Shutdown initiated...
2022-11-22_18-34-19 [Thread-58] INFO  com.zaxxer.hikari.HikariDataSource - HikariPool-9 - Shutdown completed.
2022-11-22_18-38-33 [restartedMain] INFO  c.c.i.IpTreatmentMicroServiceApplication - Starting IpTreatmentMicroServiceApplication using Java 17.0.4.1 on DESKTOP-E1ED4GH with PID 11480 (D:\International-Patients-Treatment-Management\IPTreatment-MicroService\target\classes started by SANJAY KUMAR in D:\International-Patients-Treatment-Management\IPTreatment-MicroService)
2022-11-22_18-38-33 [restartedMain] INFO  c.c.i.IpTreatmentMicroServiceApplication - No active profile set, falling back to default profiles: default
2022-11-22_18-38-33 [restartedMain] INFO  o.s.d.r.c.RepositoryConfigurationDelegate - Bootstrapping Spring Data JPA repositories in DEFAULT mode.
2022-11-22_18-38-33 [restartedMain] INFO  o.s.d.r.c.RepositoryConfigurationDelegate - Finished Spring Data repository scanning in 10 ms. Found 2 JPA repository interfaces.
2022-11-22_18-38-33 [restartedMain] INFO  o.s.cloud.context.scope.GenericScope - BeanFactory id=2f195465-9377-3486-9b7b-e801cc28b7bb
2022-11-22_18-38-33 [restartedMain] INFO  o.s.c.s.PostProcessorRegistrationDelegate$BeanPostProcessorChecker - Bean 'com.cts.iptreatment.feign.AuthorizationClient' of type [org.springframework.cloud.openfeign.FeignClientFactoryBean] is not eligible for getting processed by all BeanPostProcessors (for example: not eligible for auto-proxying)
2022-11-22_18-38-33 [restartedMain] INFO  o.s.c.s.PostProcessorRegistrationDelegate$BeanPostProcessorChecker - Bean 'com.cts.iptreatment.feign.IPTreatmentOfferingClient' of type [org.springframework.cloud.openfeign.FeignClientFactoryBean] is not eligible for getting processed by all BeanPostProcessors (for example: not eligible for auto-proxying)
2022-11-22_18-38-33 [restartedMain] INFO  o.s.b.w.e.tomcat.TomcatWebServer - Tomcat initialized with port(s): 8200 (http)
2022-11-22_18-38-33 [restartedMain] INFO  o.a.coyote.http11.Http11NioProtocol - Initializing ProtocolHandler ["http-nio-8200"]
2022-11-22_18-38-33 [restartedMain] INFO  o.a.catalina.core.StandardService - Starting service [Tomcat]
2022-11-22_18-38-33 [restartedMain] INFO  o.a.catalina.core.StandardEngine - Starting Servlet engine: [Apache Tomcat/9.0.41]
2022-11-22_18-38-33 [restartedMain] INFO  o.a.c.c.C.[.[.[/ipTreatment] - Initializing Spring embedded WebApplicationContext
2022-11-22_18-38-33 [restartedMain] INFO  o.s.b.w.s.c.ServletWebServerApplicationContext - Root WebApplicationContext: initialization completed in 391 ms
2022-11-22_18-38-33 [restartedMain] INFO  com.zaxxer.hikari.HikariDataSource - HikariPool-10 - Starting...
2022-11-22_18-38-33 [restartedMain] INFO  com.zaxxer.hikari.HikariDataSource - HikariPool-10 - Start completed.
2022-11-22_18-38-33 [restartedMain] INFO  o.s.b.a.h.H2ConsoleAutoConfiguration - H2 console available at '/db'. Database available at 'jdbc:h2:mem:treatment_db'
2022-11-22_18-38-33 [restartedMain] INFO  o.s.o.j.LocalContainerEntityManagerFactoryBean - Initialized JPA EntityManagerFactory for persistence unit 'default'
2022-11-22_18-38-33 [restartedMain] INFO  s.d.s.w.PropertySourcedRequestMappingHandlerMapping - Mapped URL path [/v2/api-docs] onto method [springfox.documentation.swagger2.web.Swagger2Controller#getDocumentation(String, HttpServletRequest)]
2022-11-22_18-38-33 [restartedMain] INFO  o.s.s.c.ThreadPoolTaskExecutor - Initializing ExecutorService 'applicationTaskExecutor'
2022-11-22_18-38-33 [restartedMain] INFO  o.a.coyote.http11.Http11NioProtocol - Starting ProtocolHandler ["http-nio-8200"]
2022-11-22_18-38-33 [restartedMain] INFO  o.s.b.w.e.tomcat.TomcatWebServer - Tomcat started on port(s): 8200 (http) with context path '/ipTreatment'
2022-11-22_18-38-33 [restartedMain] INFO  s.d.s.w.p.DocumentationPluginsBootstrapper - Context refreshed
2022-11-22_18-38-33 [restartedMain] INFO  s.d.s.w.p.DocumentationPluginsBootstrapper - Found 1 custom documentation plugin(s)
2022-11-22_18-38-33 [restartedMain] INFO  s.d.s.w.s.ApiListingReferenceScanner - Scanning for api listing references
2022-11-22_18-38-33 [restartedMain] INFO  c.c.i.IpTreatmentMicroServiceApplication - Started IpTreatmentMicroServiceApplication in 1.101 seconds (JVM running for 1085.067)
2022-11-22_18-38-33 [restartedMain] INFO  o.s.b.d.a.ConditionEvaluationDeltaLoggingListener - Condition evaluation unchanged
2022-11-22_18-38-33 [Thread-65] INFO  o.s.s.c.ThreadPoolTaskExecutor - Shutting down ExecutorService 'applicationTaskExecutor'
2022-11-22_18-38-33 [Thread-65] INFO  o.s.o.j.LocalContainerEntityManagerFactoryBean - Closing JPA EntityManagerFactory for persistence unit 'default'
2022-11-22_18-38-33 [Thread-65] INFO  com.zaxxer.hikari.HikariDataSource - HikariPool-10 - Shutdown initiated...
2022-11-22_18-38-33 [Thread-65] INFO  com.zaxxer.hikari.HikariDataSource - HikariPool-10 - Shutdown completed.
2022-11-22_18-39-43 [restartedMain] INFO  c.c.i.IpTreatmentMicroServiceApplication - Starting IpTreatmentMicroServiceApplication using Java 17.0.4.1 on DESKTOP-E1ED4GH with PID 11480 (D:\International-Patients-Treatment-Management\IPTreatment-MicroService\target\classes started by SANJAY KUMAR in D:\International-Patients-Treatment-Management\IPTreatment-MicroService)
2022-11-22_18-39-43 [restartedMain] INFO  c.c.i.IpTreatmentMicroServiceApplication - No active profile set, falling back to default profiles: default
2022-11-22_18-39-43 [restartedMain] INFO  o.s.d.r.c.RepositoryConfigurationDelegate - Bootstrapping Spring Data JPA repositories in DEFAULT mode.
2022-11-22_18-39-43 [restartedMain] INFO  o.s.d.r.c.RepositoryConfigurationDelegate - Finished Spring Data repository scanning in 11 ms. Found 2 JPA repository interfaces.
2022-11-22_18-39-43 [restartedMain] INFO  o.s.cloud.context.scope.GenericScope - BeanFactory id=2f195465-9377-3486-9b7b-e801cc28b7bb
2022-11-22_18-39-43 [restartedMain] INFO  o.s.c.s.PostProcessorRegistrationDelegate$BeanPostProcessorChecker - Bean 'com.cts.iptreatment.feign.AuthorizationClient' of type [org.springframework.cloud.openfeign.FeignClientFactoryBean] is not eligible for getting processed by all BeanPostProcessors (for example: not eligible for auto-proxying)
2022-11-22_18-39-43 [restartedMain] INFO  o.s.c.s.PostProcessorRegistrationDelegate$BeanPostProcessorChecker - Bean 'com.cts.iptreatment.feign.IPTreatmentOfferingClient' of type [org.springframework.cloud.openfeign.FeignClientFactoryBean] is not eligible for getting processed by all BeanPostProcessors (for example: not eligible for auto-proxying)
2022-11-22_18-39-43 [restartedMain] INFO  o.s.b.w.e.tomcat.TomcatWebServer - Tomcat initialized with port(s): 8200 (http)
2022-11-22_18-39-43 [restartedMain] INFO  o.a.coyote.http11.Http11NioProtocol - Initializing ProtocolHandler ["http-nio-8200"]
2022-11-22_18-39-43 [restartedMain] INFO  o.a.catalina.core.StandardService - Starting service [Tomcat]
2022-11-22_18-39-43 [restartedMain] INFO  o.a.catalina.core.StandardEngine - Starting Servlet engine: [Apache Tomcat/9.0.41]
2022-11-22_18-39-43 [restartedMain] INFO  o.a.c.c.C.[.[.[/ipTreatment] - Initializing Spring embedded WebApplicationContext
2022-11-22_18-39-43 [restartedMain] INFO  o.s.b.w.s.c.ServletWebServerApplicationContext - Root WebApplicationContext: initialization completed in 402 ms
2022-11-22_18-39-43 [restartedMain] INFO  com.zaxxer.hikari.HikariDataSource - HikariPool-11 - Starting...
2022-11-22_18-39-43 [restartedMain] INFO  com.zaxxer.hikari.HikariDataSource - HikariPool-11 - Start completed.
2022-11-22_18-39-43 [restartedMain] INFO  o.s.b.a.h.H2ConsoleAutoConfiguration - H2 console available at '/db'. Database available at 'jdbc:h2:mem:treatment_db'
2022-11-22_18-39-43 [restartedMain] INFO  o.s.o.j.LocalContainerEntityManagerFactoryBean - Initialized JPA EntityManagerFactory for persistence unit 'default'
2022-11-22_18-39-43 [restartedMain] INFO  s.d.s.w.PropertySourcedRequestMappingHandlerMapping - Mapped URL path [/v2/api-docs] onto method [springfox.documentation.swagger2.web.Swagger2Controller#getDocumentation(String, HttpServletRequest)]
2022-11-22_18-39-43 [restartedMain] INFO  o.s.s.c.ThreadPoolTaskExecutor - Initializing ExecutorService 'applicationTaskExecutor'
2022-11-22_18-39-43 [restartedMain] INFO  o.a.coyote.http11.Http11NioProtocol - Starting ProtocolHandler ["http-nio-8200"]
2022-11-22_18-39-43 [restartedMain] INFO  o.s.b.w.e.tomcat.TomcatWebServer - Tomcat started on port(s): 8200 (http) with context path '/ipTreatment'
2022-11-22_18-39-43 [restartedMain] INFO  s.d.s.w.p.DocumentationPluginsBootstrapper - Context refreshed
2022-11-22_18-39-43 [restartedMain] INFO  s.d.s.w.p.DocumentationPluginsBootstrapper - Found 1 custom documentation plugin(s)
2022-11-22_18-39-43 [restartedMain] INFO  s.d.s.w.s.ApiListingReferenceScanner - Scanning for api listing references
2022-11-22_18-39-43 [restartedMain] INFO  c.c.i.IpTreatmentMicroServiceApplication - Started IpTreatmentMicroServiceApplication in 1.212 seconds (JVM running for 1154.468)
2022-11-22_18-39-43 [restartedMain] INFO  o.s.b.d.a.ConditionEvaluationDeltaLoggingListener - Condition evaluation unchanged
2022-11-22_18-39-43 [Thread-72] INFO  o.s.s.c.ThreadPoolTaskExecutor - Shutting down ExecutorService 'applicationTaskExecutor'
2022-11-22_18-39-43 [Thread-72] INFO  o.s.o.j.LocalContainerEntityManagerFactoryBean - Closing JPA EntityManagerFactory for persistence unit 'default'
2022-11-22_18-39-43 [Thread-72] INFO  com.zaxxer.hikari.HikariDataSource - HikariPool-11 - Shutdown initiated...
2022-11-22_18-39-43 [Thread-72] INFO  com.zaxxer.hikari.HikariDataSource - HikariPool-11 - Shutdown completed.
2022-11-22_18-40-12 [restartedMain] INFO  c.c.i.IpTreatmentMicroServiceApplication - Starting IpTreatmentMicroServiceApplication using Java 17.0.4.1 on DESKTOP-E1ED4GH with PID 11480 (D:\International-Patients-Treatment-Management\IPTreatment-MicroService\target\classes started by SANJAY KUMAR in D:\International-Patients-Treatment-Management\IPTreatment-MicroService)
2022-11-22_18-40-12 [restartedMain] INFO  c.c.i.IpTreatmentMicroServiceApplication - No active profile set, falling back to default profiles: default
2022-11-22_18-40-12 [restartedMain] INFO  o.s.d.r.c.RepositoryConfigurationDelegate - Bootstrapping Spring Data JPA repositories in DEFAULT mode.
2022-11-22_18-40-12 [restartedMain] INFO  o.s.d.r.c.RepositoryConfigurationDelegate - Finished Spring Data repository scanning in 10 ms. Found 2 JPA repository interfaces.
2022-11-22_18-40-12 [restartedMain] INFO  o.s.cloud.context.scope.GenericScope - BeanFactory id=2f195465-9377-3486-9b7b-e801cc28b7bb
2022-11-22_18-40-12 [restartedMain] INFO  o.s.c.s.PostProcessorRegistrationDelegate$BeanPostProcessorChecker - Bean 'com.cts.iptreatment.feign.AuthorizationClient' of type [org.springframework.cloud.openfeign.FeignClientFactoryBean] is not eligible for getting processed by all BeanPostProcessors (for example: not eligible for auto-proxying)
2022-11-22_18-40-12 [restartedMain] INFO  o.s.c.s.PostProcessorRegistrationDelegate$BeanPostProcessorChecker - Bean 'com.cts.iptreatment.feign.IPTreatmentOfferingClient' of type [org.springframework.cloud.openfeign.FeignClientFactoryBean] is not eligible for getting processed by all BeanPostProcessors (for example: not eligible for auto-proxying)
2022-11-22_18-40-12 [restartedMain] INFO  o.s.b.w.e.tomcat.TomcatWebServer - Tomcat initialized with port(s): 8200 (http)
2022-11-22_18-40-12 [restartedMain] INFO  o.a.coyote.http11.Http11NioProtocol - Initializing ProtocolHandler ["http-nio-8200"]
2022-11-22_18-40-12 [restartedMain] INFO  o.a.catalina.core.StandardService - Starting service [Tomcat]
2022-11-22_18-40-12 [restartedMain] INFO  o.a.catalina.core.StandardEngine - Starting Servlet engine: [Apache Tomcat/9.0.41]
2022-11-22_18-40-12 [restartedMain] INFO  o.a.c.c.C.[.[.[/ipTreatment] - Initializing Spring embedded WebApplicationContext
2022-11-22_18-40-12 [restartedMain] INFO  o.s.b.w.s.c.ServletWebServerApplicationContext - Root WebApplicationContext: initialization completed in 368 ms
2022-11-22_18-40-12 [restartedMain] INFO  com.zaxxer.hikari.HikariDataSource - HikariPool-12 - Starting...
2022-11-22_18-40-12 [restartedMain] INFO  com.zaxxer.hikari.HikariDataSource - HikariPool-12 - Start completed.
2022-11-22_18-40-12 [restartedMain] INFO  o.s.b.a.h.H2ConsoleAutoConfiguration - H2 console available at '/db'. Database available at 'jdbc:h2:mem:treatment_db'
2022-11-22_18-40-12 [restartedMain] INFO  o.s.o.j.LocalContainerEntityManagerFactoryBean - Initialized JPA EntityManagerFactory for persistence unit 'default'
2022-11-22_18-40-12 [restartedMain] INFO  s.d.s.w.PropertySourcedRequestMappingHandlerMapping - Mapped URL path [/v2/api-docs] onto method [springfox.documentation.swagger2.web.Swagger2Controller#getDocumentation(String, HttpServletRequest)]
2022-11-22_18-40-12 [restartedMain] INFO  o.s.s.c.ThreadPoolTaskExecutor - Initializing ExecutorService 'applicationTaskExecutor'
2022-11-22_18-40-12 [restartedMain] INFO  o.a.coyote.http11.Http11NioProtocol - Starting ProtocolHandler ["http-nio-8200"]
2022-11-22_18-40-12 [restartedMain] INFO  o.s.b.w.e.tomcat.TomcatWebServer - Tomcat started on port(s): 8200 (http) with context path '/ipTreatment'
2022-11-22_18-40-12 [restartedMain] INFO  s.d.s.w.p.DocumentationPluginsBootstrapper - Context refreshed
2022-11-22_18-40-12 [restartedMain] INFO  s.d.s.w.p.DocumentationPluginsBootstrapper - Found 1 custom documentation plugin(s)
2022-11-22_18-40-12 [restartedMain] INFO  s.d.s.w.s.ApiListingReferenceScanner - Scanning for api listing references
2022-11-22_18-40-12 [restartedMain] INFO  c.c.i.IpTreatmentMicroServiceApplication - Started IpTreatmentMicroServiceApplication in 1.095 seconds (JVM running for 1183.625)
2022-11-22_18-40-12 [restartedMain] INFO  o.s.b.d.a.ConditionEvaluationDeltaLoggingListener - Condition evaluation unchanged
2022-11-22_18-40-12 [http-nio-8200-exec-1] INFO  o.a.c.c.C.[.[.[/ipTreatment] - Initializing Spring DispatcherServlet 'dispatcherServlet'
2022-11-22_18-40-12 [http-nio-8200-exec-1] INFO  o.s.web.servlet.DispatcherServlet - Initializing Servlet 'dispatcherServlet'
2022-11-22_18-40-12 [http-nio-8200-exec-1] INFO  o.s.web.servlet.DispatcherServlet - Completed initialization in 3 ms
2022-11-22_18-40-12 [http-nio-8200-exec-1] INFO  c.c.i.service.PatientDeatilsService - TreatmentPlan Detail com.cts.iptreatment.model.TreatmentPlan@48a3122b
2022-11-22_21-26-40 [restartedMain] INFO  c.c.i.IpTreatmentMicroServiceApplication - Starting IpTreatmentMicroServiceApplication using Java 17.0.4.1 on DESKTOP-E1ED4GH with PID 11972 (D:\International-Patients-Treatment-Management\IPTreatment-MicroService\target\classes started by SANJAY KUMAR in D:\International-Patients-Treatment-Management\IPTreatment-MicroService)
2022-11-22_21-26-40 [restartedMain] INFO  c.c.i.IpTreatmentMicroServiceApplication - No active profile set, falling back to default profiles: default
2022-11-22_21-26-40 [restartedMain] INFO  o.s.b.d.e.DevToolsPropertyDefaultsPostProcessor - Devtools property defaults active! Set 'spring.devtools.add-properties' to 'false' to disable
2022-11-22_21-26-40 [restartedMain] INFO  o.s.b.d.e.DevToolsPropertyDefaultsPostProcessor - For additional web related logging consider setting the 'logging.level.web' property to 'DEBUG'
2022-11-22_21-26-40 [restartedMain] INFO  o.s.d.r.c.RepositoryConfigurationDelegate - Bootstrapping Spring Data JPA repositories in DEFAULT mode.
2022-11-22_21-26-40 [restartedMain] INFO  o.s.d.r.c.RepositoryConfigurationDelegate - Finished Spring Data repository scanning in 133 ms. Found 2 JPA repository interfaces.
2022-11-22_21-26-40 [restartedMain] INFO  o.s.cloud.context.scope.GenericScope - BeanFactory id=2f195465-9377-3486-9b7b-e801cc28b7bb
2022-11-22_21-26-40 [restartedMain] INFO  o.s.c.s.PostProcessorRegistrationDelegate$BeanPostProcessorChecker - Bean 'com.cts.iptreatment.feign.AuthorizationClient' of type [org.springframework.cloud.openfeign.FeignClientFactoryBean] is not eligible for getting processed by all BeanPostProcessors (for example: not eligible for auto-proxying)
2022-11-22_21-26-40 [restartedMain] INFO  o.s.c.s.PostProcessorRegistrationDelegate$BeanPostProcessorChecker - Bean 'com.cts.iptreatment.feign.IPTreatmentOfferingClient' of type [org.springframework.cloud.openfeign.FeignClientFactoryBean] is not eligible for getting processed by all BeanPostProcessors (for example: not eligible for auto-proxying)
2022-11-22_21-26-40 [restartedMain] INFO  o.s.b.w.e.tomcat.TomcatWebServer - Tomcat initialized with port(s): 8200 (http)
2022-11-22_21-26-40 [restartedMain] INFO  o.a.coyote.http11.Http11NioProtocol - Initializing ProtocolHandler ["http-nio-8200"]
2022-11-22_21-26-40 [restartedMain] INFO  o.a.catalina.core.StandardService - Starting service [Tomcat]
2022-11-22_21-26-40 [restartedMain] INFO  o.a.catalina.core.StandardEngine - Starting Servlet engine: [Apache Tomcat/9.0.41]
2022-11-22_21-26-40 [restartedMain] INFO  o.a.c.c.C.[.[.[/ipTreatment] - Initializing Spring embedded WebApplicationContext
2022-11-22_21-26-40 [restartedMain] INFO  o.s.b.w.s.c.ServletWebServerApplicationContext - Root WebApplicationContext: initialization completed in 6518 ms
2022-11-22_21-26-40 [restartedMain] INFO  com.zaxxer.hikari.HikariDataSource - HikariPool-1 - Starting...
2022-11-22_21-26-40 [restartedMain] INFO  com.zaxxer.hikari.HikariDataSource - HikariPool-1 - Start completed.
2022-11-22_21-26-40 [restartedMain] INFO  o.s.b.a.h.H2ConsoleAutoConfiguration - H2 console available at '/db'. Database available at 'jdbc:h2:mem:treatment_db'
2022-11-22_21-26-40 [restartedMain] INFO  o.s.o.j.LocalContainerEntityManagerFactoryBean - Initialized JPA EntityManagerFactory for persistence unit 'default'
2022-11-22_21-26-40 [restartedMain] INFO  s.d.s.w.PropertySourcedRequestMappingHandlerMapping - Mapped URL path [/v2/api-docs] onto method [springfox.documentation.swagger2.web.Swagger2Controller#getDocumentation(String, HttpServletRequest)]
2022-11-22_21-26-40 [restartedMain] INFO  o.s.s.c.ThreadPoolTaskExecutor - Initializing ExecutorService 'applicationTaskExecutor'
2022-11-22_21-26-40 [restartedMain] INFO  o.a.coyote.http11.Http11NioProtocol - Starting ProtocolHandler ["http-nio-8200"]
2022-11-22_21-26-40 [restartedMain] INFO  o.s.b.w.e.tomcat.TomcatWebServer - Tomcat started on port(s): 8200 (http) with context path '/ipTreatment'
2022-11-22_21-26-40 [restartedMain] INFO  s.d.s.w.p.DocumentationPluginsBootstrapper - Context refreshed
2022-11-22_21-26-40 [restartedMain] INFO  s.d.s.w.p.DocumentationPluginsBootstrapper - Found 1 custom documentation plugin(s)
2022-11-22_21-26-40 [restartedMain] INFO  s.d.s.w.s.ApiListingReferenceScanner - Scanning for api listing references
2022-11-22_21-26-40 [restartedMain] INFO  c.c.i.IpTreatmentMicroServiceApplication - Started IpTreatmentMicroServiceApplication in 20.215 seconds (JVM running for 21.354)
2022-11-22_21-26-40 [http-nio-8200-exec-1] INFO  o.a.c.c.C.[.[.[/ipTreatment] - Initializing Spring DispatcherServlet 'dispatcherServlet'
2022-11-22_21-26-40 [http-nio-8200-exec-1] INFO  o.s.web.servlet.DispatcherServlet - Initializing Servlet 'dispatcherServlet'
2022-11-22_21-26-40 [http-nio-8200-exec-1] INFO  o.s.web.servlet.DispatcherServlet - Completed initialization in 4 ms
2022-11-22_21-26-40 [http-nio-8200-exec-1] INFO  c.c.i.service.PatientDeatilsService - TreatmentPlan Detail com.cts.iptreatment.model.TreatmentPlan@71ea7c00
2022-11-22_21-26-40 [http-nio-8200-exec-9] INFO  c.c.i.service.PatientDeatilsService - TreatmentPlan Detail com.cts.iptreatment.model.TreatmentPlan@6159266d
2022-11-22_21-26-40 [Thread-1] INFO  o.s.s.c.ThreadPoolTaskExecutor - Shutting down ExecutorService 'applicationTaskExecutor'
2022-11-22_21-26-40 [Thread-1] INFO  o.s.o.j.LocalContainerEntityManagerFactoryBean - Closing JPA EntityManagerFactory for persistence unit 'default'
2022-11-22_21-26-40 [Thread-1] INFO  com.zaxxer.hikari.HikariDataSource - HikariPool-1 - Shutdown initiated...
2022-11-22_21-26-40 [Thread-1] INFO  com.zaxxer.hikari.HikariDataSource - HikariPool-1 - Shutdown completed.
2022-11-22_21-48-36 [restartedMain] INFO  c.c.i.IpTreatmentMicroServiceApplication - Starting IpTreatmentMicroServiceApplication using Java 17.0.4.1 on DESKTOP-E1ED4GH with PID 11972 (D:\International-Patients-Treatment-Management\IPTreatment-MicroService\target\classes started by SANJAY KUMAR in D:\International-Patients-Treatment-Management\IPTreatment-MicroService)
2022-11-22_21-48-36 [restartedMain] INFO  c.c.i.IpTreatmentMicroServiceApplication - No active profile set, falling back to default profiles: default
2022-11-22_21-48-36 [restartedMain] INFO  o.s.d.r.c.RepositoryConfigurationDelegate - Bootstrapping Spring Data JPA repositories in DEFAULT mode.
2022-11-22_21-48-36 [restartedMain] INFO  o.s.d.r.c.RepositoryConfigurationDelegate - Finished Spring Data repository scanning in 16 ms. Found 2 JPA repository interfaces.
2022-11-22_21-48-36 [restartedMain] INFO  o.s.cloud.context.scope.GenericScope - BeanFactory id=2f195465-9377-3486-9b7b-e801cc28b7bb
2022-11-22_21-48-36 [restartedMain] INFO  o.s.c.s.PostProcessorRegistrationDelegate$BeanPostProcessorChecker - Bean 'com.cts.iptreatment.feign.AuthorizationClient' of type [org.springframework.cloud.openfeign.FeignClientFactoryBean] is not eligible for getting processed by all BeanPostProcessors (for example: not eligible for auto-proxying)
2022-11-22_21-48-36 [restartedMain] INFO  o.s.c.s.PostProcessorRegistrationDelegate$BeanPostProcessorChecker - Bean 'com.cts.iptreatment.feign.IPTreatmentOfferingClient' of type [org.springframework.cloud.openfeign.FeignClientFactoryBean] is not eligible for getting processed by all BeanPostProcessors (for example: not eligible for auto-proxying)
2022-11-22_21-48-36 [restartedMain] INFO  o.s.b.w.e.tomcat.TomcatWebServer - Tomcat initialized with port(s): 8200 (http)
2022-11-22_21-48-36 [restartedMain] INFO  o.a.coyote.http11.Http11NioProtocol - Initializing ProtocolHandler ["http-nio-8200"]
2022-11-22_21-48-36 [restartedMain] INFO  o.a.catalina.core.StandardService - Starting service [Tomcat]
2022-11-22_21-48-36 [restartedMain] INFO  o.a.catalina.core.StandardEngine - Starting Servlet engine: [Apache Tomcat/9.0.41]
2022-11-22_21-48-36 [restartedMain] INFO  o.a.c.c.C.[.[.[/ipTreatment] - Initializing Spring embedded WebApplicationContext
2022-11-22_21-48-36 [restartedMain] INFO  o.s.b.w.s.c.ServletWebServerApplicationContext - Root WebApplicationContext: initialization completed in 683 ms
2022-11-22_21-48-36 [restartedMain] INFO  com.zaxxer.hikari.HikariDataSource - HikariPool-2 - Starting...
2022-11-22_21-48-36 [restartedMain] INFO  com.zaxxer.hikari.HikariDataSource - HikariPool-2 - Start completed.
2022-11-22_21-48-36 [restartedMain] INFO  o.s.b.a.h.H2ConsoleAutoConfiguration - H2 console available at '/db'. Database available at 'jdbc:h2:mem:treatment_db'
2022-11-22_21-48-36 [restartedMain] INFO  o.s.o.j.LocalContainerEntityManagerFactoryBean - Initialized JPA EntityManagerFactory for persistence unit 'default'
2022-11-22_21-48-36 [restartedMain] INFO  s.d.s.w.PropertySourcedRequestMappingHandlerMapping - Mapped URL path [/v2/api-docs] onto method [springfox.documentation.swagger2.web.Swagger2Controller#getDocumentation(String, HttpServletRequest)]
2022-11-22_21-48-36 [restartedMain] INFO  o.s.s.c.ThreadPoolTaskExecutor - Initializing ExecutorService 'applicationTaskExecutor'
2022-11-22_21-48-36 [restartedMain] INFO  o.a.coyote.http11.Http11NioProtocol - Starting ProtocolHandler ["http-nio-8200"]
2022-11-22_21-48-36 [restartedMain] INFO  o.s.b.w.e.tomcat.TomcatWebServer - Tomcat started on port(s): 8200 (http) with context path '/ipTreatment'
2022-11-22_21-48-36 [restartedMain] INFO  s.d.s.w.p.DocumentationPluginsBootstrapper - Context refreshed
2022-11-22_21-48-36 [restartedMain] INFO  s.d.s.w.p.DocumentationPluginsBootstrapper - Found 1 custom documentation plugin(s)
2022-11-22_21-48-36 [restartedMain] INFO  s.d.s.w.s.ApiListingReferenceScanner - Scanning for api listing references
2022-11-22_21-48-36 [restartedMain] INFO  c.c.i.IpTreatmentMicroServiceApplication - Started IpTreatmentMicroServiceApplication in 1.754 seconds (JVM running for 1319.209)
2022-11-22_21-48-36 [restartedMain] INFO  o.s.b.d.a.ConditionEvaluationDeltaLoggingListener - Condition evaluation unchanged
