2022-11-21_00-24-33 [restartedMain] INFO  c.c.m.IpTreatmentOfferingApplication - Starting IpTreatmentOfferingApplication using Java 17.0.4.1 on DESKTOP-E1ED4GH with PID 15816 (C:\Users\SANJAY KUMAR\Java-Final-Project\CDE-Simulation-Project-International-Patients-Treatment-Management-master\IPTreatmentOffering-Microservice\target\classes started by SANJAY KUMAR in C:\Users\SANJAY KUMAR\Java-Final-Project\CDE-Simulation-Project-International-Patients-Treatment-Management-master\IPTreatmentOffering-Microservice)
2022-11-21_00-24-33 [restartedMain] INFO  c.c.m.IpTreatmentOfferingApplication - No active profile set, falling back to default profiles: default
2022-11-21_00-24-33 [restartedMain] INFO  o.s.b.d.e.DevToolsPropertyDefaultsPostProcessor - Devtools property defaults active! Set 'spring.devtools.add-properties' to 'false' to disable
2022-11-21_00-24-33 [restartedMain] INFO  o.s.b.d.e.DevToolsPropertyDefaultsPostProcessor - For additional web related logging consider setting the 'logging.level.web' property to 'DEBUG'
2022-11-21_00-24-33 [restartedMain] INFO  o.s.d.r.c.RepositoryConfigurationDelegate - Bootstrapping Spring Data JPA repositories in DEFAULT mode.
2022-11-21_00-24-33 [restartedMain] INFO  o.s.d.r.c.RepositoryConfigurationDelegate - Finished Spring Data repository scanning in 542 ms. Found 3 JPA repository interfaces.
2022-11-21_00-24-33 [restartedMain] INFO  o.s.cloud.context.scope.GenericScope - BeanFactory id=48fde87a-f98c-3278-b0ad-815ae73789d1
2022-11-21_00-24-33 [restartedMain] INFO  o.s.c.s.PostProcessorRegistrationDelegate$BeanPostProcessorChecker - Bean 'com.cts.mfpe.feign.AuthorisingClient' of type [org.springframework.cloud.openfeign.FeignClientFactoryBean] is not eligible for getting processed by all BeanPostProcessors (for example: not eligible for auto-proxying)
2022-11-21_00-24-33 [restartedMain] INFO  o.s.b.w.e.tomcat.TomcatWebServer - Tomcat initialized with port(s): 8100 (http)
2022-11-21_00-24-33 [restartedMain] INFO  o.a.coyote.http11.Http11NioProtocol - Initializing ProtocolHandler ["http-nio-8100"]
2022-11-21_00-24-33 [restartedMain] INFO  o.a.catalina.core.StandardService - Starting service [Tomcat]
2022-11-21_00-24-33 [restartedMain] INFO  o.a.catalina.core.StandardEngine - Starting Servlet engine: [Apache Tomcat/9.0.41]
2022-11-21_00-24-33 [restartedMain] INFO  o.a.c.c.C.[.[.[/ipTreatmentOffering] - Initializing Spring embedded WebApplicationContext
2022-11-21_00-24-33 [restartedMain] INFO  o.s.b.w.s.c.ServletWebServerApplicationContext - Root WebApplicationContext: initialization completed in 12891 ms
2022-11-21_00-24-33 [restartedMain] INFO  com.zaxxer.hikari.HikariDataSource - HikariPool-1 - Starting...
2022-11-21_00-24-33 [restartedMain] INFO  com.zaxxer.hikari.HikariDataSource - HikariPool-1 - Start completed.
2022-11-21_00-24-33 [restartedMain] INFO  o.s.b.a.h.H2ConsoleAutoConfiguration - H2 console available at '/db'. Database available at 'jdbc:h2:mem:ipms_db'
2022-11-21_00-24-33 [restartedMain] INFO  o.s.o.j.LocalContainerEntityManagerFactoryBean - Initialized JPA EntityManagerFactory for persistence unit 'default'
2022-11-21_00-24-33 [restartedMain] INFO  s.d.s.w.PropertySourcedRequestMappingHandlerMapping - Mapped URL path [/v2/api-docs] onto method [springfox.documentation.swagger2.web.Swagger2Controller#getDocumentation(String, HttpServletRequest)]
2022-11-21_00-24-33 [restartedMain] INFO  o.s.s.c.ThreadPoolTaskExecutor - Initializing ExecutorService 'applicationTaskExecutor'
2022-11-21_00-24-33 [restartedMain] INFO  o.a.coyote.http11.Http11NioProtocol - Starting ProtocolHandler ["http-nio-8100"]
2022-11-21_00-24-33 [restartedMain] INFO  o.s.b.w.e.tomcat.TomcatWebServer - Tomcat started on port(s): 8100 (http) with context path '/ipTreatmentOffering'
2022-11-21_00-24-33 [restartedMain] INFO  s.d.s.w.p.DocumentationPluginsBootstrapper - Context refreshed
2022-11-21_00-24-33 [restartedMain] INFO  s.d.s.w.p.DocumentationPluginsBootstrapper - Found 1 custom documentation plugin(s)
2022-11-21_00-24-33 [restartedMain] INFO  s.d.s.w.s.ApiListingReferenceScanner - Scanning for api listing references
2022-11-21_00-24-33 [restartedMain] INFO  c.c.m.IpTreatmentOfferingApplication - Started IpTreatmentOfferingApplication in 38.076 seconds (JVM running for 40.314)
2022-11-21_00-24-33 [http-nio-8100-exec-3] INFO  o.a.c.c.C.[.[.[/ipTreatmentOffering] - Initializing Spring DispatcherServlet 'dispatcherServlet'
2022-11-21_00-24-33 [http-nio-8100-exec-3] INFO  o.s.web.servlet.DispatcherServlet - Initializing Servlet 'dispatcherServlet'
2022-11-21_00-24-33 [http-nio-8100-exec-3] INFO  o.s.web.servlet.DispatcherServlet - Completed initialization in 4 ms
2022-11-21_00-24-33 [http-nio-8100-exec-3] INFO  c.c.m.s.IPTreatmentOfferingServiceImpl - [Specialist details:] [SpecialistDetail(specialistId=1, name=Dr Riya, areaOfExpertise=ORTHOPAIDICS, experienceInYears=10, contactNumber=9945672345), SpecialistDetail(specialistId=2, name=Dr Karan, areaOfExpertise=ORTHOPAIDICS, experienceInYears=8, contactNumber=8876523457), SpecialistDetail(specialistId=3, name=Dr Harsh, areaOfExpertise=UROLOGY, experienceInYears=7, contactNumber=9422467465), SpecialistDetail(specialistId=4, name=Dr Shreya, areaOfExpertise=UROLOGY, experienceInYears=11, contactNumber=756842689)]
2022-11-21_00-24-33 [http-nio-8100-exec-2] INFO  c.c.m.s.IPTreatmentOfferingServiceImpl - [Specialist details:] [SpecialistDetail(specialistId=1, name=Dr Riya, areaOfExpertise=ORTHOPAIDICS, experienceInYears=10, contactNumber=9945672345), SpecialistDetail(specialistId=2, name=Dr Karan, areaOfExpertise=ORTHOPAIDICS, experienceInYears=8, contactNumber=8876523457), SpecialistDetail(specialistId=3, name=Dr Harsh, areaOfExpertise=UROLOGY, experienceInYears=7, contactNumber=9422467465), SpecialistDetail(specialistId=4, name=Dr Shreya, areaOfExpertise=UROLOGY, experienceInYears=11, contactNumber=756842689)]
2022-11-21_00-24-33 [http-nio-8100-exec-8] INFO  c.c.m.s.IPTreatmentOfferingServiceImpl - [Specialist details:] [SpecialistDetail(specialistId=1, name=Dr Riya, areaOfExpertise=ORTHOPAIDICS, experienceInYears=10, contactNumber=9945672345), SpecialistDetail(specialistId=2, name=Dr Karan, areaOfExpertise=ORTHOPAIDICS, experienceInYears=8, contactNumber=8876523457), SpecialistDetail(specialistId=3, name=Dr Harsh, areaOfExpertise=UROLOGY, experienceInYears=7, contactNumber=9422467465), SpecialistDetail(specialistId=4, name=Dr Shreya, areaOfExpertise=UROLOGY, experienceInYears=11, contactNumber=756842689)]
2022-11-21_00-24-33 [http-nio-8100-exec-5] INFO  c.c.m.s.IPTreatmentOfferingServiceImpl - [Specialist details:] [SpecialistDetail(specialistId=1, name=Dr Riya, areaOfExpertise=ORTHOPAIDICS, experienceInYears=10, contactNumber=9945672345), SpecialistDetail(specialistId=2, name=Dr Karan, areaOfExpertise=ORTHOPAIDICS, experienceInYears=8, contactNumber=8876523457), SpecialistDetail(specialistId=3, name=Dr Harsh, areaOfExpertise=UROLOGY, experienceInYears=7, contactNumber=9422467465), SpecialistDetail(specialistId=4, name=Dr Shreya, areaOfExpertise=UROLOGY, experienceInYears=11, contactNumber=756842689)]
2022-11-21_00-24-33 [http-nio-8100-exec-7] INFO  c.c.m.s.IPTreatmentOfferingServiceImpl - [Specialist details:] [SpecialistDetail(specialistId=1, name=Dr Riya, areaOfExpertise=ORTHOPAIDICS, experienceInYears=10, contactNumber=9945672345), SpecialistDetail(specialistId=2, name=Dr Karan, areaOfExpertise=ORTHOPAIDICS, experienceInYears=8, contactNumber=8876523457), SpecialistDetail(specialistId=3, name=Dr Harsh, areaOfExpertise=UROLOGY, experienceInYears=7, contactNumber=9422467465), SpecialistDetail(specialistId=4, name=Dr Shreya, areaOfExpertise=UROLOGY, experienceInYears=11, contactNumber=756842689)]
2022-11-21_00-24-33 [http-nio-8100-exec-1] INFO  c.c.m.s.IPTreatmentOfferingServiceImpl - [Specialist details:] [SpecialistDetail(specialistId=3, name=Dr Harsh, areaOfExpertise=UROLOGY, experienceInYears=7, contactNumber=9422467465), SpecialistDetail(specialistId=4, name=Dr Shreya, areaOfExpertise=UROLOGY, experienceInYears=11, contactNumber=756842689)]
2022-11-21_00-24-33 [http-nio-8100-exec-4] INFO  c.c.m.s.IPTreatmentOfferingServiceImpl - [Specialist details:] [SpecialistDetail(specialistId=1, name=Dr Riya, areaOfExpertise=ORTHOPAIDICS, experienceInYears=10, contactNumber=9945672345), SpecialistDetail(specialistId=2, name=Dr Karan, areaOfExpertise=ORTHOPAIDICS, experienceInYears=8, contactNumber=8876523457)]
2022-11-21_00-24-33 [http-nio-8100-exec-10] INFO  c.c.m.s.IPTreatmentOfferingServiceImpl - [IPTreatmentPackage (Package 1) detail:] [IPTreatmentPackage(treatmentPackageId=3, ailmentCategory=UROLOGY, packageDetail=PackageDetail(pid=103, treatmentPackageName=Package 1, testDetails=[UPT1, UPT2], cost=40000, treatmentDuration=4))]
2022-11-21_00-24-33 [http-nio-8100-exec-6] INFO  c.c.m.s.IPTreatmentOfferingServiceImpl - [IPTreatmentPackage (Package 2) detail:] [IPTreatmentPackage(treatmentPackageId=4, ailmentCategory=UROLOGY, packageDetail=PackageDetail(pid=104, treatmentPackageName=Package 2, testDetails=[UPT3, UPT4], cost=50000, treatmentDuration=6))]
2022-11-21_00-24-33 [http-nio-8100-exec-3] INFO  c.c.m.s.IPTreatmentOfferingServiceImpl - [IPTreatmentPackage (Package 1) detail:] IPTreatmentPackage(treatmentPackageId=3, ailmentCategory=UROLOGY, packageDetail=PackageDetail(pid=103, treatmentPackageName=Package 1, testDetails=[UPT1, UPT2], cost=40000, treatmentDuration=4))
2022-11-21_00-24-33 [http-nio-8100-exec-2] INFO  c.c.m.s.IPTreatmentOfferingServiceImpl - [Specialist details:] [SpecialistDetail(specialistId=1, name=Dr Riya, areaOfExpertise=ORTHOPAIDICS, experienceInYears=10, contactNumber=9945672345), SpecialistDetail(specialistId=2, name=Dr Karan, areaOfExpertise=ORTHOPAIDICS, experienceInYears=8, contactNumber=8876523457), SpecialistDetail(specialistId=3, name=Dr Harsh, areaOfExpertise=UROLOGY, experienceInYears=7, contactNumber=9422467465), SpecialistDetail(specialistId=4, name=Dr Shreya, areaOfExpertise=UROLOGY, experienceInYears=11, contactNumber=756842689)]
2022-11-21_00-24-33 [http-nio-8100-exec-5] INFO  c.c.m.s.IPTreatmentOfferingServiceImpl - [Specialist details:] [SpecialistDetail(specialistId=1, name=Dr Riya, areaOfExpertise=ORTHOPAIDICS, experienceInYears=10, contactNumber=9945672345), SpecialistDetail(specialistId=2, name=Dr Karan, areaOfExpertise=ORTHOPAIDICS, experienceInYears=8, contactNumber=8876523457), SpecialistDetail(specialistId=3, name=Dr Harsh, areaOfExpertise=UROLOGY, experienceInYears=7, contactNumber=9422467465), SpecialistDetail(specialistId=4, name=Dr Shreya, areaOfExpertise=UROLOGY, experienceInYears=11, contactNumber=756842689)]
2022-11-21_00-24-33 [http-nio-8100-exec-7] INFO  c.c.m.s.IPTreatmentOfferingServiceImpl - [IPTreatmentPackage details:] [IPTreatmentPackage(treatmentPackageId=1, ailmentCategory=ORTHOPAIDICS, packageDetail=PackageDetail(pid=101, treatmentPackageName=Package 1, testDetails=[OPT1, OPT2], cost=25000, treatmentDuration=4)), IPTreatmentPackage(treatmentPackageId=2, ailmentCategory=ORTHOPAIDICS, packageDetail=PackageDetail(pid=102, treatmentPackageName=Package 2, testDetails=[OPT3, OPT4], cost=30000, treatmentDuration=6)), IPTreatmentPackage(treatmentPackageId=3, ailmentCategory=UROLOGY, packageDetail=PackageDetail(pid=103, treatmentPackageName=Package 1, testDetails=[UPT1, UPT2], cost=40000, treatmentDuration=4)), IPTreatmentPackage(treatmentPackageId=4, ailmentCategory=UROLOGY, packageDetail=PackageDetail(pid=104, treatmentPackageName=Package 2, testDetails=[UPT3, UPT4], cost=50000, treatmentDuration=6))]
2022-11-21_00-24-33 [http-nio-8100-exec-1] INFO  c.c.m.s.IPTreatmentOfferingServiceImpl - [IPTreatmentPackage (Package 1) detail:] [IPTreatmentPackage(treatmentPackageId=3, ailmentCategory=UROLOGY, packageDetail=PackageDetail(pid=103, treatmentPackageName=Package 1, testDetails=[UPT1, UPT2], cost=40000, treatmentDuration=4))]
2022-11-21_00-24-33 [http-nio-8100-exec-4] INFO  c.c.m.s.IPTreatmentOfferingServiceImpl - [IPTreatmentPackage (Package 2) detail:] IPTreatmentPackage(treatmentPackageId=4, ailmentCategory=UROLOGY, packageDetail=PackageDetail(pid=104, treatmentPackageName=Package 2, testDetails=[UPT3, UPT4], cost=50000, treatmentDuration=6))
2022-11-21_00-24-33 [http-nio-8100-exec-10] INFO  c.c.m.s.IPTreatmentOfferingServiceImpl - [Specialist details:] [SpecialistDetail(specialistId=1, name=Dr Riya, areaOfExpertise=ORTHOPAIDICS, experienceInYears=10, contactNumber=9945672345), SpecialistDetail(specialistId=2, name=Dr Karan, areaOfExpertise=ORTHOPAIDICS, experienceInYears=8, contactNumber=8876523457), SpecialistDetail(specialistId=3, name=Dr Harsh, areaOfExpertise=UROLOGY, experienceInYears=7, contactNumber=9422467465), SpecialistDetail(specialistId=4, name=Dr Shreya, areaOfExpertise=UROLOGY, experienceInYears=11, contactNumber=756842689)]
2022-11-21_00-24-33 [http-nio-8100-exec-3] INFO  c.c.m.s.IPTreatmentOfferingServiceImpl - [Specialist details:] [SpecialistDetail(specialistId=1, name=Dr Riya, areaOfExpertise=ORTHOPAIDICS, experienceInYears=10, contactNumber=9945672345), SpecialistDetail(specialistId=2, name=Dr Karan, areaOfExpertise=ORTHOPAIDICS, experienceInYears=8, contactNumber=8876523457), SpecialistDetail(specialistId=3, name=Dr Harsh, areaOfExpertise=UROLOGY, experienceInYears=7, contactNumber=9422467465), SpecialistDetail(specialistId=4, name=Dr Shreya, areaOfExpertise=UROLOGY, experienceInYears=11, contactNumber=756842689)]
2022-11-21_00-24-33 [http-nio-8100-exec-2] INFO  c.c.m.s.IPTreatmentOfferingServiceImpl - [IPTreatmentPackage details:] [IPTreatmentPackage(treatmentPackageId=1, ailmentCategory=ORTHOPAIDICS, packageDetail=PackageDetail(pid=101, treatmentPackageName=Package 1, testDetails=[OPT1, OPT2], cost=25000, treatmentDuration=4)), IPTreatmentPackage(treatmentPackageId=2, ailmentCategory=ORTHOPAIDICS, packageDetail=PackageDetail(pid=102, treatmentPackageName=Package 2, testDetails=[OPT3, OPT4], cost=30000, treatmentDuration=6)), IPTreatmentPackage(treatmentPackageId=3, ailmentCategory=UROLOGY, packageDetail=PackageDetail(pid=103, treatmentPackageName=Package 1, testDetails=[UPT1, UPT2], cost=40000, treatmentDuration=4)), IPTreatmentPackage(treatmentPackageId=4, ailmentCategory=UROLOGY, packageDetail=PackageDetail(pid=104, treatmentPackageName=Package 2, testDetails=[UPT3, UPT4], cost=50000, treatmentDuration=6))]
2022-11-21_00-24-33 [http-nio-8100-exec-5] INFO  c.c.m.s.IPTreatmentOfferingServiceImpl - [Specialist details:] [SpecialistDetail(specialistId=1, name=Dr Riya, areaOfExpertise=ORTHOPAIDICS, experienceInYears=10, contactNumber=9945672345), SpecialistDetail(specialistId=2, name=Dr Karan, areaOfExpertise=ORTHOPAIDICS, experienceInYears=8, contactNumber=8876523457), SpecialistDetail(specialistId=3, name=Dr Harsh, areaOfExpertise=UROLOGY, experienceInYears=7, contactNumber=9422467465), SpecialistDetail(specialistId=4, name=Dr Shreya, areaOfExpertise=UROLOGY, experienceInYears=11, contactNumber=756842689)]
2022-11-21_10-44-52 [restartedMain] INFO  c.c.m.IpTreatmentOfferingApplication - Starting IpTreatmentOfferingApplication using Java 17.0.4.1 on DESKTOP-E1ED4GH with PID 16212 (C:\Users\SANJAY KUMAR\Java-Final-Project\CDE-Simulation-Project-International-Patients-Treatment-Management-master\IPTreatmentOffering-Microservice\target\classes started by SANJAY KUMAR in C:\Users\SANJAY KUMAR\Java-Final-Project\CDE-Simulation-Project-International-Patients-Treatment-Management-master\IPTreatmentOffering-Microservice)
2022-11-21_10-44-52 [restartedMain] INFO  c.c.m.IpTreatmentOfferingApplication - No active profile set, falling back to default profiles: default
2022-11-21_10-44-52 [restartedMain] INFO  o.s.b.d.e.DevToolsPropertyDefaultsPostProcessor - Devtools property defaults active! Set 'spring.devtools.add-properties' to 'false' to disable
2022-11-21_10-44-52 [restartedMain] INFO  o.s.b.d.e.DevToolsPropertyDefaultsPostProcessor - For additional web related logging consider setting the 'logging.level.web' property to 'DEBUG'
2022-11-21_10-44-52 [restartedMain] INFO  o.s.d.r.c.RepositoryConfigurationDelegate - Bootstrapping Spring Data JPA repositories in DEFAULT mode.
2022-11-21_10-44-52 [restartedMain] INFO  o.s.d.r.c.RepositoryConfigurationDelegate - Finished Spring Data repository scanning in 134 ms. Found 3 JPA repository interfaces.
2022-11-21_10-44-52 [restartedMain] INFO  o.s.cloud.context.scope.GenericScope - BeanFactory id=48fde87a-f98c-3278-b0ad-815ae73789d1
2022-11-21_10-44-52 [restartedMain] INFO  o.s.c.s.PostProcessorRegistrationDelegate$BeanPostProcessorChecker - Bean 'com.cts.mfpe.feign.AuthorisingClient' of type [org.springframework.cloud.openfeign.FeignClientFactoryBean] is not eligible for getting processed by all BeanPostProcessors (for example: not eligible for auto-proxying)
2022-11-21_10-44-52 [restartedMain] INFO  o.s.b.w.e.tomcat.TomcatWebServer - Tomcat initialized with port(s): 8100 (http)
2022-11-21_10-44-52 [restartedMain] INFO  o.a.coyote.http11.Http11NioProtocol - Initializing ProtocolHandler ["http-nio-8100"]
2022-11-21_10-44-52 [restartedMain] INFO  o.a.catalina.core.StandardService - Starting service [Tomcat]
2022-11-21_10-44-52 [restartedMain] INFO  o.a.catalina.core.StandardEngine - Starting Servlet engine: [Apache Tomcat/9.0.41]
2022-11-21_10-44-52 [restartedMain] INFO  o.a.c.c.C.[.[.[/ipTreatmentOffering] - Initializing Spring embedded WebApplicationContext
2022-11-21_10-44-52 [restartedMain] INFO  o.s.b.w.s.c.ServletWebServerApplicationContext - Root WebApplicationContext: initialization completed in 5858 ms
2022-11-21_10-44-52 [restartedMain] INFO  com.zaxxer.hikari.HikariDataSource - HikariPool-1 - Starting...
2022-11-21_10-44-52 [restartedMain] INFO  com.zaxxer.hikari.HikariDataSource - HikariPool-1 - Start completed.
2022-11-21_10-44-52 [restartedMain] INFO  o.s.b.a.h.H2ConsoleAutoConfiguration - H2 console available at '/db'. Database available at 'jdbc:h2:mem:ipms_db'
2022-11-21_10-44-52 [restartedMain] INFO  o.s.o.j.LocalContainerEntityManagerFactoryBean - Initialized JPA EntityManagerFactory for persistence unit 'default'
2022-11-21_10-44-52 [restartedMain] INFO  o.s.b.d.a.OptionalLiveReloadServer - LiveReload server is running on port 35729
2022-11-21_10-44-52 [restartedMain] INFO  s.d.s.w.PropertySourcedRequestMappingHandlerMapping - Mapped URL path [/v2/api-docs] onto method [springfox.documentation.swagger2.web.Swagger2Controller#getDocumentation(String, HttpServletRequest)]
2022-11-21_10-44-52 [restartedMain] INFO  o.s.s.c.ThreadPoolTaskExecutor - Initializing ExecutorService 'applicationTaskExecutor'
2022-11-21_10-44-52 [restartedMain] INFO  o.a.coyote.http11.Http11NioProtocol - Starting ProtocolHandler ["http-nio-8100"]
2022-11-21_10-44-52 [restartedMain] INFO  o.s.b.w.e.tomcat.TomcatWebServer - Tomcat started on port(s): 8100 (http) with context path '/ipTreatmentOffering'
2022-11-21_10-44-52 [restartedMain] INFO  s.d.s.w.p.DocumentationPluginsBootstrapper - Context refreshed
2022-11-21_10-44-52 [restartedMain] INFO  s.d.s.w.p.DocumentationPluginsBootstrapper - Found 1 custom documentation plugin(s)
2022-11-21_10-44-52 [restartedMain] INFO  s.d.s.w.s.ApiListingReferenceScanner - Scanning for api listing references
2022-11-21_10-44-52 [restartedMain] INFO  c.c.m.IpTreatmentOfferingApplication - Started IpTreatmentOfferingApplication in 30.523 seconds (JVM running for 31.491)
2022-11-21_10-44-52 [http-nio-8100-exec-1] INFO  o.a.c.c.C.[.[.[/ipTreatmentOffering] - Initializing Spring DispatcherServlet 'dispatcherServlet'
2022-11-21_10-44-52 [http-nio-8100-exec-1] INFO  o.s.web.servlet.DispatcherServlet - Initializing Servlet 'dispatcherServlet'
2022-11-21_10-44-52 [http-nio-8100-exec-1] INFO  o.s.web.servlet.DispatcherServlet - Completed initialization in 9 ms
2022-11-21_10-44-52 [http-nio-8100-exec-1] INFO  c.c.m.s.IPTreatmentOfferingServiceImpl - [Specialist details:] [SpecialistDetail(specialistId=1, name=Dr Riya, areaOfExpertise=ORTHOPAIDICS, experienceInYears=10, contactNumber=9945672345), SpecialistDetail(specialistId=2, name=Dr Karan, areaOfExpertise=ORTHOPAIDICS, experienceInYears=8, contactNumber=8876523457), SpecialistDetail(specialistId=3, name=Dr Harsh, areaOfExpertise=UROLOGY, experienceInYears=7, contactNumber=9422467465), SpecialistDetail(specialistId=4, name=Dr Shreya, areaOfExpertise=UROLOGY, experienceInYears=11, contactNumber=756842689)]
2022-11-21_10-44-52 [http-nio-8100-exec-4] INFO  c.c.m.s.IPTreatmentOfferingServiceImpl - [Specialist details:] [SpecialistDetail(specialistId=1, name=Dr Riya, areaOfExpertise=ORTHOPAIDICS, experienceInYears=10, contactNumber=9945672345), SpecialistDetail(specialistId=2, name=Dr Karan, areaOfExpertise=ORTHOPAIDICS, experienceInYears=8, contactNumber=8876523457), SpecialistDetail(specialistId=3, name=Dr Harsh, areaOfExpertise=UROLOGY, experienceInYears=7, contactNumber=9422467465), SpecialistDetail(specialistId=4, name=Dr Shreya, areaOfExpertise=UROLOGY, experienceInYears=11, contactNumber=756842689)]
2022-11-21_10-44-52 [http-nio-8100-exec-5] INFO  c.c.m.s.IPTreatmentOfferingServiceImpl - [Specialist details:] [SpecialistDetail(specialistId=1, name=Dr Riya, areaOfExpertise=ORTHOPAIDICS, experienceInYears=10, contactNumber=9945672345), SpecialistDetail(specialistId=2, name=Dr Karan, areaOfExpertise=ORTHOPAIDICS, experienceInYears=8, contactNumber=8876523457), SpecialistDetail(specialistId=3, name=Dr Harsh, areaOfExpertise=UROLOGY, experienceInYears=7, contactNumber=9422467465), SpecialistDetail(specialistId=4, name=Dr Shreya, areaOfExpertise=UROLOGY, experienceInYears=11, contactNumber=756842689)]
2022-11-21_10-44-52 [http-nio-8100-exec-8] INFO  c.c.m.s.IPTreatmentOfferingServiceImpl - [Specialist details:] [SpecialistDetail(specialistId=3, name=Dr Harsh, areaOfExpertise=UROLOGY, experienceInYears=7, contactNumber=9422467465), SpecialistDetail(specialistId=4, name=Dr Shreya, areaOfExpertise=UROLOGY, experienceInYears=11, contactNumber=756842689)]
2022-11-21_10-44-52 [http-nio-8100-exec-2] INFO  c.c.m.s.IPTreatmentOfferingServiceImpl - [Specialist details:] [SpecialistDetail(specialistId=1, name=Dr Riya, areaOfExpertise=ORTHOPAIDICS, experienceInYears=10, contactNumber=9945672345), SpecialistDetail(specialistId=2, name=Dr Karan, areaOfExpertise=ORTHOPAIDICS, experienceInYears=8, contactNumber=8876523457), SpecialistDetail(specialistId=3, name=Dr Harsh, areaOfExpertise=UROLOGY, experienceInYears=7, contactNumber=9422467465), SpecialistDetail(specialistId=4, name=Dr Shreya, areaOfExpertise=UROLOGY, experienceInYears=11, contactNumber=756842689)]
2022-11-21_10-44-52 [http-nio-8100-exec-6] INFO  c.c.m.s.IPTreatmentOfferingServiceImpl - [IPTreatmentPackage details:] [IPTreatmentPackage(treatmentPackageId=1, ailmentCategory=ORTHOPAIDICS, packageDetail=PackageDetail(pid=101, treatmentPackageName=Package 1, testDetails=[OPT1, OPT2], cost=25000, treatmentDuration=4)), IPTreatmentPackage(treatmentPackageId=2, ailmentCategory=ORTHOPAIDICS, packageDetail=PackageDetail(pid=102, treatmentPackageName=Package 2, testDetails=[OPT3, OPT4], cost=30000, treatmentDuration=6)), IPTreatmentPackage(treatmentPackageId=3, ailmentCategory=UROLOGY, packageDetail=PackageDetail(pid=103, treatmentPackageName=Package 1, testDetails=[UPT1, UPT2], cost=40000, treatmentDuration=4)), IPTreatmentPackage(treatmentPackageId=4, ailmentCategory=UROLOGY, packageDetail=PackageDetail(pid=104, treatmentPackageName=Package 2, testDetails=[UPT3, UPT4], cost=50000, treatmentDuration=6))]
2022-11-21_10-44-52 [http-nio-8100-exec-3] INFO  c.c.m.s.IPTreatmentOfferingServiceImpl - [IPTreatmentPackage (Package 1) detail:] [IPTreatmentPackage(treatmentPackageId=3, ailmentCategory=UROLOGY, packageDetail=PackageDetail(pid=103, treatmentPackageName=Package 1, testDetails=[UPT1, UPT2], cost=40000, treatmentDuration=4))]
2022-11-21_10-44-52 [http-nio-8100-exec-7] INFO  c.c.m.s.IPTreatmentOfferingServiceImpl - [IPTreatmentPackage (Package 1) detail:] IPTreatmentPackage(treatmentPackageId=3, ailmentCategory=UROLOGY, packageDetail=PackageDetail(pid=103, treatmentPackageName=Package 1, testDetails=[UPT1, UPT2], cost=40000, treatmentDuration=4))
2022-11-21_10-44-52 [http-nio-8100-exec-10] INFO  c.c.m.s.IPTreatmentOfferingServiceImpl - [Specialist details:] [SpecialistDetail(specialistId=1, name=Dr Riya, areaOfExpertise=ORTHOPAIDICS, experienceInYears=10, contactNumber=9945672345), SpecialistDetail(specialistId=2, name=Dr Karan, areaOfExpertise=ORTHOPAIDICS, experienceInYears=8, contactNumber=8876523457), SpecialistDetail(specialistId=3, name=Dr Harsh, areaOfExpertise=UROLOGY, experienceInYears=7, contactNumber=9422467465), SpecialistDetail(specialistId=4, name=Dr Shreya, areaOfExpertise=UROLOGY, experienceInYears=11, contactNumber=756842689)]
2022-11-21_10-44-52 [http-nio-8100-exec-5] INFO  c.c.m.s.IPTreatmentOfferingServiceImpl - [Specialist details:] [SpecialistDetail(specialistId=1, name=Dr Riya, areaOfExpertise=ORTHOPAIDICS, experienceInYears=10, contactNumber=9945672345), SpecialistDetail(specialistId=2, name=Dr Karan, areaOfExpertise=ORTHOPAIDICS, experienceInYears=8, contactNumber=8876523457), SpecialistDetail(specialistId=3, name=Dr Harsh, areaOfExpertise=UROLOGY, experienceInYears=7, contactNumber=9422467465), SpecialistDetail(specialistId=4, name=Dr Shreya, areaOfExpertise=UROLOGY, experienceInYears=11, contactNumber=756842689)]
2022-11-21_10-44-52 [http-nio-8100-exec-8] INFO  c.c.m.s.IPTreatmentOfferingServiceImpl - [IPTreatmentPackage details:] [IPTreatmentPackage(treatmentPackageId=1, ailmentCategory=ORTHOPAIDICS, packageDetail=PackageDetail(pid=101, treatmentPackageName=Package 1, testDetails=[OPT1, OPT2], cost=25000, treatmentDuration=4)), IPTreatmentPackage(treatmentPackageId=2, ailmentCategory=ORTHOPAIDICS, packageDetail=PackageDetail(pid=102, treatmentPackageName=Package 2, testDetails=[OPT3, OPT4], cost=30000, treatmentDuration=6)), IPTreatmentPackage(treatmentPackageId=3, ailmentCategory=UROLOGY, packageDetail=PackageDetail(pid=103, treatmentPackageName=Package 1, testDetails=[UPT1, UPT2], cost=40000, treatmentDuration=4)), IPTreatmentPackage(treatmentPackageId=4, ailmentCategory=UROLOGY, packageDetail=PackageDetail(pid=104, treatmentPackageName=Package 2, testDetails=[UPT3, UPT4], cost=50000, treatmentDuration=6))]
2022-11-21_10-44-52 [http-nio-8100-exec-9] INFO  c.c.m.s.IPTreatmentOfferingServiceImpl - [Specialist details:] [SpecialistDetail(specialistId=1, name=Dr Riya, areaOfExpertise=ORTHOPAIDICS, experienceInYears=10, contactNumber=9945672345), SpecialistDetail(specialistId=2, name=Dr Karan, areaOfExpertise=ORTHOPAIDICS, experienceInYears=8, contactNumber=8876523457), SpecialistDetail(specialistId=3, name=Dr Harsh, areaOfExpertise=UROLOGY, experienceInYears=7, contactNumber=9422467465), SpecialistDetail(specialistId=4, name=Dr Shreya, areaOfExpertise=UROLOGY, experienceInYears=11, contactNumber=756842689)]
2022-11-21_10-44-52 [http-nio-8100-exec-6] INFO  c.c.m.s.IPTreatmentOfferingServiceImpl - [Specialist details:] [SpecialistDetail(specialistId=1, name=Dr Riya, areaOfExpertise=ORTHOPAIDICS, experienceInYears=10, contactNumber=9945672345), SpecialistDetail(specialistId=2, name=Dr Karan, areaOfExpertise=ORTHOPAIDICS, experienceInYears=8, contactNumber=8876523457), SpecialistDetail(specialistId=3, name=Dr Harsh, areaOfExpertise=UROLOGY, experienceInYears=7, contactNumber=9422467465), SpecialistDetail(specialistId=4, name=Dr Shreya, areaOfExpertise=UROLOGY, experienceInYears=11, contactNumber=756842689)]
2022-11-21_10-44-52 [http-nio-8100-exec-7] INFO  c.c.m.s.IPTreatmentOfferingServiceImpl - [Specialist details:] [SpecialistDetail(specialistId=1, name=Dr Riya, areaOfExpertise=ORTHOPAIDICS, experienceInYears=10, contactNumber=9945672345), SpecialistDetail(specialistId=2, name=Dr Karan, areaOfExpertise=ORTHOPAIDICS, experienceInYears=8, contactNumber=8876523457), SpecialistDetail(specialistId=3, name=Dr Harsh, areaOfExpertise=UROLOGY, experienceInYears=7, contactNumber=9422467465), SpecialistDetail(specialistId=4, name=Dr Shreya, areaOfExpertise=UROLOGY, experienceInYears=11, contactNumber=756842689)]
2022-11-21_10-44-52 [http-nio-8100-exec-10] INFO  c.c.m.s.IPTreatmentOfferingServiceImpl - [Specialist details:] [SpecialistDetail(specialistId=1, name=Dr Riya, areaOfExpertise=ORTHOPAIDICS, experienceInYears=10, contactNumber=9945672345), SpecialistDetail(specialistId=2, name=Dr Karan, areaOfExpertise=ORTHOPAIDICS, experienceInYears=8, contactNumber=8876523457), SpecialistDetail(specialistId=3, name=Dr Harsh, areaOfExpertise=UROLOGY, experienceInYears=7, contactNumber=9422467465), SpecialistDetail(specialistId=4, name=Dr Shreya, areaOfExpertise=UROLOGY, experienceInYears=11, contactNumber=756842689)]
2022-11-21_10-44-52 [http-nio-8100-exec-1] INFO  c.c.m.s.IPTreatmentOfferingServiceImpl - [Specialist details:] [SpecialistDetail(specialistId=1, name=Dr Riya, areaOfExpertise=ORTHOPAIDICS, experienceInYears=10, contactNumber=9945672345), SpecialistDetail(specialistId=2, name=Dr Karan, areaOfExpertise=ORTHOPAIDICS, experienceInYears=8, contactNumber=8876523457), SpecialistDetail(specialistId=3, name=Dr Harsh, areaOfExpertise=UROLOGY, experienceInYears=7, contactNumber=9422467465), SpecialistDetail(specialistId=4, name=Dr Shreya, areaOfExpertise=UROLOGY, experienceInYears=11, contactNumber=756842689)]
2022-11-21_10-44-52 [http-nio-8100-exec-4] INFO  c.c.m.s.IPTreatmentOfferingServiceImpl - [Specialist details:] [SpecialistDetail(specialistId=1, name=Dr Riya, areaOfExpertise=ORTHOPAIDICS, experienceInYears=10, contactNumber=9945672345), SpecialistDetail(specialistId=2, name=Dr Karan, areaOfExpertise=ORTHOPAIDICS, experienceInYears=8, contactNumber=8876523457), SpecialistDetail(specialistId=3, name=Dr Harsh, areaOfExpertise=UROLOGY, experienceInYears=7, contactNumber=9422467465), SpecialistDetail(specialistId=4, name=Dr Shreya, areaOfExpertise=UROLOGY, experienceInYears=11, contactNumber=756842689)]
2022-11-21_10-44-52 [http-nio-8100-exec-5] INFO  c.c.m.s.IPTreatmentOfferingServiceImpl - [IPTreatmentPackage details:] [IPTreatmentPackage(treatmentPackageId=1, ailmentCategory=ORTHOPAIDICS, packageDetail=PackageDetail(pid=101, treatmentPackageName=Package 1, testDetails=[OPT1, OPT2], cost=25000, treatmentDuration=4)), IPTreatmentPackage(treatmentPackageId=2, ailmentCategory=ORTHOPAIDICS, packageDetail=PackageDetail(pid=102, treatmentPackageName=Package 2, testDetails=[OPT3, OPT4], cost=30000, treatmentDuration=6)), IPTreatmentPackage(treatmentPackageId=3, ailmentCategory=UROLOGY, packageDetail=PackageDetail(pid=103, treatmentPackageName=Package 1, testDetails=[UPT1, UPT2], cost=40000, treatmentDuration=4)), IPTreatmentPackage(treatmentPackageId=4, ailmentCategory=UROLOGY, packageDetail=PackageDetail(pid=104, treatmentPackageName=Package 2, testDetails=[UPT3, UPT4], cost=50000, treatmentDuration=6))]
2022-11-21_20-29-21 [restartedMain] INFO  c.c.m.IpTreatmentOfferingApplication - Starting IpTreatmentOfferingApplication using Java 17.0.4.1 on DESKTOP-E1ED4GH with PID 4560 (C:\Users\SANJAY KUMAR\Java-Final-Project\CDE-Simulation-Project-International-Patients-Treatment-Management-master\IPTreatmentOffering-Microservice\target\classes started by SANJAY KUMAR in C:\Users\SANJAY KUMAR\Java-Final-Project\CDE-Simulation-Project-International-Patients-Treatment-Management-master\IPTreatmentOffering-Microservice)
2022-11-21_20-29-21 [restartedMain] INFO  c.c.m.IpTreatmentOfferingApplication - No active profile set, falling back to default profiles: default
2022-11-21_20-29-21 [restartedMain] INFO  o.s.b.d.e.DevToolsPropertyDefaultsPostProcessor - Devtools property defaults active! Set 'spring.devtools.add-properties' to 'false' to disable
2022-11-21_20-29-21 [restartedMain] INFO  o.s.b.d.e.DevToolsPropertyDefaultsPostProcessor - For additional web related logging consider setting the 'logging.level.web' property to 'DEBUG'
2022-11-21_20-29-21 [restartedMain] INFO  o.s.d.r.c.RepositoryConfigurationDelegate - Bootstrapping Spring Data JPA repositories in DEFAULT mode.
2022-11-21_20-29-21 [restartedMain] INFO  o.s.d.r.c.RepositoryConfigurationDelegate - Finished Spring Data repository scanning in 176 ms. Found 3 JPA repository interfaces.
2022-11-21_20-29-21 [restartedMain] INFO  o.s.cloud.context.scope.GenericScope - BeanFactory id=48fde87a-f98c-3278-b0ad-815ae73789d1
2022-11-21_20-29-21 [restartedMain] INFO  o.s.c.s.PostProcessorRegistrationDelegate$BeanPostProcessorChecker - Bean 'com.cts.mfpe.feign.AuthorisingClient' of type [org.springframework.cloud.openfeign.FeignClientFactoryBean] is not eligible for getting processed by all BeanPostProcessors (for example: not eligible for auto-proxying)
2022-11-21_20-29-21 [restartedMain] INFO  o.s.b.w.e.tomcat.TomcatWebServer - Tomcat initialized with port(s): 8100 (http)
2022-11-21_20-29-21 [restartedMain] INFO  o.a.coyote.http11.Http11NioProtocol - Initializing ProtocolHandler ["http-nio-8100"]
2022-11-21_20-29-21 [restartedMain] INFO  o.a.catalina.core.StandardService - Starting service [Tomcat]
2022-11-21_20-29-21 [restartedMain] INFO  o.a.catalina.core.StandardEngine - Starting Servlet engine: [Apache Tomcat/9.0.41]
2022-11-21_20-29-21 [restartedMain] INFO  o.a.c.c.C.[.[.[/ipTreatmentOffering] - Initializing Spring embedded WebApplicationContext
2022-11-21_20-29-21 [restartedMain] INFO  o.s.b.w.s.c.ServletWebServerApplicationContext - Root WebApplicationContext: initialization completed in 7484 ms
2022-11-21_20-29-21 [restartedMain] INFO  com.zaxxer.hikari.HikariDataSource - HikariPool-1 - Starting...
2022-11-21_20-29-21 [restartedMain] INFO  com.zaxxer.hikari.HikariDataSource - HikariPool-1 - Start completed.
2022-11-21_20-29-21 [restartedMain] INFO  o.s.b.a.h.H2ConsoleAutoConfiguration - H2 console available at '/db'. Database available at 'jdbc:h2:mem:ipms_db'
2022-11-21_20-29-21 [restartedMain] INFO  o.s.o.j.LocalContainerEntityManagerFactoryBean - Initialized JPA EntityManagerFactory for persistence unit 'default'
2022-11-21_20-29-21 [restartedMain] INFO  o.s.b.d.a.OptionalLiveReloadServer - LiveReload server is running on port 35729
2022-11-21_20-29-21 [restartedMain] INFO  s.d.s.w.PropertySourcedRequestMappingHandlerMapping - Mapped URL path [/v2/api-docs] onto method [springfox.documentation.swagger2.web.Swagger2Controller#getDocumentation(String, HttpServletRequest)]
2022-11-21_20-29-21 [restartedMain] INFO  o.s.s.c.ThreadPoolTaskExecutor - Initializing ExecutorService 'applicationTaskExecutor'
2022-11-21_20-29-21 [restartedMain] INFO  o.a.coyote.http11.Http11NioProtocol - Starting ProtocolHandler ["http-nio-8100"]
2022-11-21_20-29-21 [restartedMain] INFO  o.s.b.w.e.tomcat.TomcatWebServer - Tomcat started on port(s): 8100 (http) with context path '/ipTreatmentOffering'
2022-11-21_20-29-21 [restartedMain] INFO  s.d.s.w.p.DocumentationPluginsBootstrapper - Context refreshed
2022-11-21_20-29-21 [restartedMain] INFO  s.d.s.w.p.DocumentationPluginsBootstrapper - Found 1 custom documentation plugin(s)
2022-11-21_20-29-21 [restartedMain] INFO  s.d.s.w.s.ApiListingReferenceScanner - Scanning for api listing references
2022-11-21_20-29-21 [restartedMain] INFO  c.c.m.IpTreatmentOfferingApplication - Started IpTreatmentOfferingApplication in 27.993 seconds (JVM running for 29.433)
2022-11-21_20-33-41 [restartedMain] INFO  c.c.m.IpTreatmentOfferingApplication - Starting IpTreatmentOfferingApplication using Java 17.0.4.1 on DESKTOP-E1ED4GH with PID 12132 (C:\Users\SANJAY KUMAR\Java-Final-Project\CDE-Simulation-Project-International-Patients-Treatment-Management-master\IPTreatmentOffering-Microservice\target\classes started by SANJAY KUMAR in C:\Users\SANJAY KUMAR\Java-Final-Project\CDE-Simulation-Project-International-Patients-Treatment-Management-master\IPTreatmentOffering-Microservice)
2022-11-21_20-33-41 [restartedMain] INFO  c.c.m.IpTreatmentOfferingApplication - No active profile set, falling back to default profiles: default
2022-11-21_20-33-41 [restartedMain] INFO  o.s.b.d.e.DevToolsPropertyDefaultsPostProcessor - Devtools property defaults active! Set 'spring.devtools.add-properties' to 'false' to disable
2022-11-21_20-33-41 [restartedMain] INFO  o.s.b.d.e.DevToolsPropertyDefaultsPostProcessor - For additional web related logging consider setting the 'logging.level.web' property to 'DEBUG'
2022-11-21_20-33-41 [restartedMain] INFO  o.s.d.r.c.RepositoryConfigurationDelegate - Bootstrapping Spring Data JPA repositories in DEFAULT mode.
2022-11-21_20-33-41 [restartedMain] INFO  o.s.d.r.c.RepositoryConfigurationDelegate - Finished Spring Data repository scanning in 105 ms. Found 3 JPA repository interfaces.
2022-11-21_20-33-41 [restartedMain] INFO  o.s.cloud.context.scope.GenericScope - BeanFactory id=48fde87a-f98c-3278-b0ad-815ae73789d1
2022-11-21_20-33-41 [restartedMain] INFO  o.s.c.s.PostProcessorRegistrationDelegate$BeanPostProcessorChecker - Bean 'com.cts.mfpe.feign.AuthorisingClient' of type [org.springframework.cloud.openfeign.FeignClientFactoryBean] is not eligible for getting processed by all BeanPostProcessors (for example: not eligible for auto-proxying)
2022-11-21_20-33-41 [restartedMain] INFO  o.s.b.w.e.tomcat.TomcatWebServer - Tomcat initialized with port(s): 8100 (http)
2022-11-21_20-33-41 [restartedMain] INFO  o.a.coyote.http11.Http11NioProtocol - Initializing ProtocolHandler ["http-nio-8100"]
2022-11-21_20-33-41 [restartedMain] INFO  o.a.catalina.core.StandardService - Starting service [Tomcat]
2022-11-21_20-33-41 [restartedMain] INFO  o.a.catalina.core.StandardEngine - Starting Servlet engine: [Apache Tomcat/9.0.41]
2022-11-21_20-33-41 [restartedMain] INFO  o.a.c.c.C.[.[.[/ipTreatmentOffering] - Initializing Spring embedded WebApplicationContext
2022-11-21_20-33-41 [restartedMain] INFO  o.s.b.w.s.c.ServletWebServerApplicationContext - Root WebApplicationContext: initialization completed in 3895 ms
2022-11-21_20-33-41 [restartedMain] INFO  com.zaxxer.hikari.HikariDataSource - HikariPool-1 - Starting...
2022-11-21_20-33-41 [restartedMain] INFO  com.zaxxer.hikari.HikariDataSource - HikariPool-1 - Start completed.
2022-11-21_20-33-41 [restartedMain] INFO  o.s.b.a.h.H2ConsoleAutoConfiguration - H2 console available at '/db'. Database available at 'jdbc:h2:mem:ipms_db'
2022-11-21_20-33-41 [restartedMain] INFO  o.s.o.j.LocalContainerEntityManagerFactoryBean - Initialized JPA EntityManagerFactory for persistence unit 'default'
2022-11-21_20-33-41 [restartedMain] INFO  o.s.b.d.a.OptionalLiveReloadServer - LiveReload server is running on port 35729
2022-11-21_20-33-41 [restartedMain] INFO  s.d.s.w.PropertySourcedRequestMappingHandlerMapping - Mapped URL path [/v2/api-docs] onto method [springfox.documentation.swagger2.web.Swagger2Controller#getDocumentation(String, HttpServletRequest)]
2022-11-21_20-33-41 [restartedMain] INFO  o.s.s.c.ThreadPoolTaskExecutor - Initializing ExecutorService 'applicationTaskExecutor'
2022-11-21_20-33-41 [restartedMain] INFO  o.a.coyote.http11.Http11NioProtocol - Starting ProtocolHandler ["http-nio-8100"]
2022-11-21_20-33-41 [restartedMain] INFO  o.s.b.w.e.tomcat.TomcatWebServer - Tomcat started on port(s): 8100 (http) with context path '/ipTreatmentOffering'
2022-11-21_20-33-41 [restartedMain] INFO  s.d.s.w.p.DocumentationPluginsBootstrapper - Context refreshed
2022-11-21_20-33-41 [restartedMain] INFO  s.d.s.w.p.DocumentationPluginsBootstrapper - Found 1 custom documentation plugin(s)
2022-11-21_20-33-41 [restartedMain] INFO  s.d.s.w.s.ApiListingReferenceScanner - Scanning for api listing references
2022-11-21_20-33-41 [restartedMain] INFO  c.c.m.IpTreatmentOfferingApplication - Started IpTreatmentOfferingApplication in 22.933 seconds (JVM running for 24.124)
2022-11-21_20-33-41 [http-nio-8100-exec-3] INFO  o.a.c.c.C.[.[.[/ipTreatmentOffering] - Initializing Spring DispatcherServlet 'dispatcherServlet'
2022-11-21_20-33-41 [http-nio-8100-exec-3] INFO  o.s.web.servlet.DispatcherServlet - Initializing Servlet 'dispatcherServlet'
2022-11-21_20-33-41 [http-nio-8100-exec-3] INFO  o.s.web.servlet.DispatcherServlet - Completed initialization in 5 ms
2022-11-21_20-33-41 [http-nio-8100-exec-3] INFO  c.c.m.s.IPTreatmentOfferingServiceImpl - [Specialist details:] [SpecialistDetail(specialistId=1, name=Dr Riya, areaOfExpertise=ORTHOPAIDICS, experienceInYears=10, contactNumber=9945672345), SpecialistDetail(specialistId=2, name=Dr Karan, areaOfExpertise=ORTHOPAIDICS, experienceInYears=8, contactNumber=8876523457), SpecialistDetail(specialistId=3, name=Dr Harsh, areaOfExpertise=UROLOGY, experienceInYears=7, contactNumber=9422467465), SpecialistDetail(specialistId=4, name=Dr Shreya, areaOfExpertise=UROLOGY, experienceInYears=11, contactNumber=756842689)]
2022-11-21_20-33-41 [http-nio-8100-exec-4] INFO  c.c.m.s.IPTreatmentOfferingServiceImpl - [IPTreatmentPackage details:] [IPTreatmentPackage(treatmentPackageId=1, ailmentCategory=ORTHOPAIDICS, packageDetail=PackageDetail(pid=101, treatmentPackageName=Package 1, testDetails=[OPT1, OPT2], cost=25000, treatmentDuration=4)), IPTreatmentPackage(treatmentPackageId=2, ailmentCategory=ORTHOPAIDICS, packageDetail=PackageDetail(pid=102, treatmentPackageName=Package 2, testDetails=[OPT3, OPT4], cost=30000, treatmentDuration=6)), IPTreatmentPackage(treatmentPackageId=3, ailmentCategory=UROLOGY, packageDetail=PackageDetail(pid=103, treatmentPackageName=Package 1, testDetails=[UPT1, UPT2], cost=40000, treatmentDuration=4)), IPTreatmentPackage(treatmentPackageId=4, ailmentCategory=UROLOGY, packageDetail=PackageDetail(pid=104, treatmentPackageName=Package 2, testDetails=[UPT3, UPT4], cost=50000, treatmentDuration=6))]
2022-11-21_20-33-41 [http-nio-8100-exec-7] INFO  c.c.m.s.IPTreatmentOfferingServiceImpl - [IPTreatmentPackage (Package 1) detail:] [IPTreatmentPackage(treatmentPackageId=3, ailmentCategory=UROLOGY, packageDetail=PackageDetail(pid=103, treatmentPackageName=Package 1, testDetails=[UPT1, UPT2], cost=40000, treatmentDuration=4))]
2022-11-21_20-33-41 [http-nio-8100-exec-8] INFO  c.c.m.s.IPTreatmentOfferingServiceImpl - [IPTreatmentPackage (Package 1) detail:] IPTreatmentPackage(treatmentPackageId=3, ailmentCategory=UROLOGY, packageDetail=PackageDetail(pid=103, treatmentPackageName=Package 1, testDetails=[UPT1, UPT2], cost=40000, treatmentDuration=4))
2022-11-21_20-33-41 [http-nio-8100-exec-1] INFO  c.c.m.s.IPTreatmentOfferingServiceImpl - [Specialist details:] [SpecialistDetail(specialistId=1, name=Dr Riya, areaOfExpertise=ORTHOPAIDICS, experienceInYears=10, contactNumber=9945672345), SpecialistDetail(specialistId=2, name=Dr Karan, areaOfExpertise=ORTHOPAIDICS, experienceInYears=8, contactNumber=8876523457), SpecialistDetail(specialistId=3, name=Dr Harsh, areaOfExpertise=UROLOGY, experienceInYears=7, contactNumber=9422467465), SpecialistDetail(specialistId=4, name=Dr Shreya, areaOfExpertise=UROLOGY, experienceInYears=11, contactNumber=756842689)]
2022-11-21_20-46-08 [restartedMain] INFO  c.c.m.IpTreatmentOfferingApplication - Starting IpTreatmentOfferingApplication using Java 17.0.4.1 on DESKTOP-E1ED4GH with PID 11956 (C:\Users\SANJAY KUMAR\Java-Final-Project\CDE-Simulation-Project-International-Patients-Treatment-Management-master\IPTreatmentOffering-Microservice\target\classes started by SANJAY KUMAR in C:\Users\SANJAY KUMAR\Java-Final-Project\CDE-Simulation-Project-International-Patients-Treatment-Management-master\IPTreatmentOffering-Microservice)
2022-11-21_20-46-08 [restartedMain] INFO  c.c.m.IpTreatmentOfferingApplication - No active profile set, falling back to default profiles: default
2022-11-21_20-46-08 [restartedMain] INFO  o.s.b.d.e.DevToolsPropertyDefaultsPostProcessor - Devtools property defaults active! Set 'spring.devtools.add-properties' to 'false' to disable
2022-11-21_20-46-08 [restartedMain] INFO  o.s.b.d.e.DevToolsPropertyDefaultsPostProcessor - For additional web related logging consider setting the 'logging.level.web' property to 'DEBUG'
2022-11-21_20-46-08 [restartedMain] INFO  o.s.d.r.c.RepositoryConfigurationDelegate - Bootstrapping Spring Data JPA repositories in DEFAULT mode.
2022-11-21_20-46-08 [restartedMain] INFO  o.s.d.r.c.RepositoryConfigurationDelegate - Finished Spring Data repository scanning in 188 ms. Found 3 JPA repository interfaces.
2022-11-21_20-46-08 [restartedMain] INFO  o.s.cloud.context.scope.GenericScope - BeanFactory id=48fde87a-f98c-3278-b0ad-815ae73789d1
2022-11-21_20-46-08 [restartedMain] INFO  o.s.c.s.PostProcessorRegistrationDelegate$BeanPostProcessorChecker - Bean 'com.cts.mfpe.feign.AuthorisingClient' of type [org.springframework.cloud.openfeign.FeignClientFactoryBean] is not eligible for getting processed by all BeanPostProcessors (for example: not eligible for auto-proxying)
2022-11-21_20-46-08 [restartedMain] INFO  o.s.b.w.e.tomcat.TomcatWebServer - Tomcat initialized with port(s): 8100 (http)
2022-11-21_20-46-08 [restartedMain] INFO  o.a.coyote.http11.Http11NioProtocol - Initializing ProtocolHandler ["http-nio-8100"]
2022-11-21_20-46-08 [restartedMain] INFO  o.a.catalina.core.StandardService - Starting service [Tomcat]
2022-11-21_20-46-08 [restartedMain] INFO  o.a.catalina.core.StandardEngine - Starting Servlet engine: [Apache Tomcat/9.0.41]
2022-11-21_20-46-08 [restartedMain] INFO  o.a.c.c.C.[.[.[/ipTreatmentOffering] - Initializing Spring embedded WebApplicationContext
2022-11-21_20-46-08 [restartedMain] INFO  o.s.b.w.s.c.ServletWebServerApplicationContext - Root WebApplicationContext: initialization completed in 6184 ms
2022-11-21_20-46-08 [restartedMain] INFO  com.zaxxer.hikari.HikariDataSource - HikariPool-1 - Starting...
2022-11-21_20-46-08 [restartedMain] INFO  com.zaxxer.hikari.HikariDataSource - HikariPool-1 - Start completed.
2022-11-21_20-46-08 [restartedMain] INFO  o.s.b.a.h.H2ConsoleAutoConfiguration - H2 console available at '/db'. Database available at 'jdbc:h2:mem:ipms_db'
2022-11-21_20-46-08 [restartedMain] INFO  o.s.o.j.LocalContainerEntityManagerFactoryBean - Initialized JPA EntityManagerFactory for persistence unit 'default'
2022-11-21_20-46-08 [restartedMain] INFO  o.s.b.d.a.OptionalLiveReloadServer - LiveReload server is running on port 35729
2022-11-21_20-46-08 [restartedMain] INFO  s.d.s.w.PropertySourcedRequestMappingHandlerMapping - Mapped URL path [/v2/api-docs] onto method [springfox.documentation.swagger2.web.Swagger2Controller#getDocumentation(String, HttpServletRequest)]
2022-11-21_20-46-08 [restartedMain] INFO  o.s.s.c.ThreadPoolTaskExecutor - Initializing ExecutorService 'applicationTaskExecutor'
2022-11-21_20-46-08 [restartedMain] INFO  o.a.coyote.http11.Http11NioProtocol - Starting ProtocolHandler ["http-nio-8100"]
2022-11-21_20-46-08 [restartedMain] INFO  o.s.b.w.e.tomcat.TomcatWebServer - Tomcat started on port(s): 8100 (http) with context path '/ipTreatmentOffering'
2022-11-21_20-46-08 [restartedMain] INFO  s.d.s.w.p.DocumentationPluginsBootstrapper - Context refreshed
2022-11-21_20-46-08 [restartedMain] INFO  s.d.s.w.p.DocumentationPluginsBootstrapper - Found 1 custom documentation plugin(s)
2022-11-21_20-46-08 [restartedMain] INFO  s.d.s.w.s.ApiListingReferenceScanner - Scanning for api listing references
2022-11-21_20-46-08 [restartedMain] INFO  c.c.m.IpTreatmentOfferingApplication - Started IpTreatmentOfferingApplication in 20.933 seconds (JVM running for 22.341)
2022-11-21_20-46-08 [http-nio-8100-exec-1] INFO  o.a.c.c.C.[.[.[/ipTreatmentOffering] - Initializing Spring DispatcherServlet 'dispatcherServlet'
2022-11-21_20-46-08 [http-nio-8100-exec-1] INFO  o.s.web.servlet.DispatcherServlet - Initializing Servlet 'dispatcherServlet'
2022-11-21_20-46-08 [http-nio-8100-exec-1] INFO  o.s.web.servlet.DispatcherServlet - Completed initialization in 8 ms
2022-11-21_20-46-08 [http-nio-8100-exec-1] INFO  c.c.m.s.IPTreatmentOfferingServiceImpl - [Specialist details:] [SpecialistDetail(specialistId=1, name=Dr Riya, areaOfExpertise=ORTHOPAIDICS, experienceInYears=10, contactNumber=9945672345), SpecialistDetail(specialistId=2, name=Dr Karan, areaOfExpertise=ORTHOPAIDICS, experienceInYears=8, contactNumber=8876523457), SpecialistDetail(specialistId=3, name=Dr Harsh, areaOfExpertise=UROLOGY, experienceInYears=7, contactNumber=9422467465), SpecialistDetail(specialistId=4, name=Dr Shreya, areaOfExpertise=UROLOGY, experienceInYears=11, contactNumber=756842689)]
2022-11-21_20-46-08 [http-nio-8100-exec-4] INFO  c.c.m.s.IPTreatmentOfferingServiceImpl - [IPTreatmentPackage details:] [IPTreatmentPackage(treatmentPackageId=1, ailmentCategory=ORTHOPAIDICS, packageDetail=PackageDetail(pid=101, treatmentPackageName=Package 1, testDetails=[OPT1, OPT2], cost=25000, treatmentDuration=4)), IPTreatmentPackage(treatmentPackageId=2, ailmentCategory=ORTHOPAIDICS, packageDetail=PackageDetail(pid=102, treatmentPackageName=Package 2, testDetails=[OPT3, OPT4], cost=30000, treatmentDuration=6)), IPTreatmentPackage(treatmentPackageId=3, ailmentCategory=UROLOGY, packageDetail=PackageDetail(pid=103, treatmentPackageName=Package 1, testDetails=[UPT1, UPT2], cost=40000, treatmentDuration=4)), IPTreatmentPackage(treatmentPackageId=4, ailmentCategory=UROLOGY, packageDetail=PackageDetail(pid=104, treatmentPackageName=Package 2, testDetails=[UPT3, UPT4], cost=50000, treatmentDuration=6))]
2022-11-21_20-46-08 [http-nio-8100-exec-5] INFO  c.c.m.s.IPTreatmentOfferingServiceImpl - [IPTreatmentPackage (Package 2) detail:] [IPTreatmentPackage(treatmentPackageId=4, ailmentCategory=UROLOGY, packageDetail=PackageDetail(pid=104, treatmentPackageName=Package 2, testDetails=[UPT3, UPT4], cost=50000, treatmentDuration=6))]
2022-11-21_20-46-08 [http-nio-8100-exec-8] INFO  c.c.m.s.IPTreatmentOfferingServiceImpl - [IPTreatmentPackage (Package 2) detail:] IPTreatmentPackage(treatmentPackageId=4, ailmentCategory=UROLOGY, packageDetail=PackageDetail(pid=104, treatmentPackageName=Package 2, testDetails=[UPT3, UPT4], cost=50000, treatmentDuration=6))
2022-11-21_20-46-08 [http-nio-8100-exec-9] INFO  c.c.m.s.IPTreatmentOfferingServiceImpl - [Specialist details:] [SpecialistDetail(specialistId=1, name=Dr Riya, areaOfExpertise=ORTHOPAIDICS, experienceInYears=10, contactNumber=9945672345), SpecialistDetail(specialistId=2, name=Dr Karan, areaOfExpertise=ORTHOPAIDICS, experienceInYears=8, contactNumber=8876523457), SpecialistDetail(specialistId=3, name=Dr Harsh, areaOfExpertise=UROLOGY, experienceInYears=7, contactNumber=9422467465), SpecialistDetail(specialistId=4, name=Dr Shreya, areaOfExpertise=UROLOGY, experienceInYears=11, contactNumber=756842689)]
2022-11-21_20-46-08 [http-nio-8100-exec-6] INFO  c.c.m.s.IPTreatmentOfferingServiceImpl - [Specialist details:] [SpecialistDetail(specialistId=1, name=Dr Riya, areaOfExpertise=ORTHOPAIDICS, experienceInYears=10, contactNumber=9945672345), SpecialistDetail(specialistId=2, name=Dr Karan, areaOfExpertise=ORTHOPAIDICS, experienceInYears=8, contactNumber=8876523457), SpecialistDetail(specialistId=3, name=Dr Harsh, areaOfExpertise=UROLOGY, experienceInYears=7, contactNumber=9422467465), SpecialistDetail(specialistId=4, name=Dr Shreya, areaOfExpertise=UROLOGY, experienceInYears=11, contactNumber=756842689), SpecialistDetail(specialistId=5, name=Dr. Vimal, areaOfExpertise=UROLOGY, experienceInYears=18, contactNumber=9898977788)]
2022-11-21_20-46-08 [http-nio-8100-exec-7] INFO  c.c.m.s.IPTreatmentOfferingServiceImpl - [Specialist details:] [SpecialistDetail(specialistId=1, name=Dr Riya, areaOfExpertise=ORTHOPAIDICS, experienceInYears=10, contactNumber=9945672345), SpecialistDetail(specialistId=2, name=Dr Karan, areaOfExpertise=ORTHOPAIDICS, experienceInYears=8, contactNumber=8876523457), SpecialistDetail(specialistId=3, name=Dr Harsh, areaOfExpertise=UROLOGY, experienceInYears=7, contactNumber=9422467465), SpecialistDetail(specialistId=4, name=Dr Shreya, areaOfExpertise=UROLOGY, experienceInYears=11, contactNumber=756842689), SpecialistDetail(specialistId=5, name=Dr. Vimal, areaOfExpertise=UROLOGY, experienceInYears=18, contactNumber=9898977788)]
2022-11-21_20-46-08 [http-nio-8100-exec-10] INFO  c.c.m.s.IPTreatmentOfferingServiceImpl - [Specialist details:] [SpecialistDetail(specialistId=1, name=Dr Riya, areaOfExpertise=ORTHOPAIDICS, experienceInYears=10, contactNumber=9945672345), SpecialistDetail(specialistId=2, name=Dr Karan, areaOfExpertise=ORTHOPAIDICS, experienceInYears=8, contactNumber=8876523457), SpecialistDetail(specialistId=3, name=Dr Harsh, areaOfExpertise=UROLOGY, experienceInYears=7, contactNumber=9422467465), SpecialistDetail(specialistId=4, name=Dr Shreya, areaOfExpertise=UROLOGY, experienceInYears=11, contactNumber=756842689), SpecialistDetail(specialistId=5, name=Dr. Vimal, areaOfExpertise=UROLOGY, experienceInYears=18, contactNumber=9898977788)]
2022-11-21_20-46-08 [http-nio-8100-exec-1] INFO  c.c.m.s.IPTreatmentOfferingServiceImpl - [Specialist details:] [SpecialistDetail(specialistId=1, name=Dr Riya, areaOfExpertise=ORTHOPAIDICS, experienceInYears=10, contactNumber=9945672345), SpecialistDetail(specialistId=2, name=Dr Karan, areaOfExpertise=ORTHOPAIDICS, experienceInYears=8, contactNumber=8876523457), SpecialistDetail(specialistId=3, name=Dr Harsh, areaOfExpertise=UROLOGY, experienceInYears=7, contactNumber=9422467465), SpecialistDetail(specialistId=4, name=Dr Shreya, areaOfExpertise=UROLOGY, experienceInYears=11, contactNumber=756842689), SpecialistDetail(specialistId=5, name=Dr. Vimal, areaOfExpertise=UROLOGY, experienceInYears=18, contactNumber=9898977788)]
2022-11-21_20-46-08 [http-nio-8100-exec-4] INFO  c.c.m.s.IPTreatmentOfferingServiceImpl - [Specialist details:] [SpecialistDetail(specialistId=1, name=Dr Riya, areaOfExpertise=ORTHOPAIDICS, experienceInYears=10, contactNumber=9945672345), SpecialistDetail(specialistId=2, name=Dr Karan, areaOfExpertise=ORTHOPAIDICS, experienceInYears=8, contactNumber=8876523457), SpecialistDetail(specialistId=3, name=Dr Harsh, areaOfExpertise=UROLOGY, experienceInYears=7, contactNumber=9422467465), SpecialistDetail(specialistId=4, name=Dr Shreya, areaOfExpertise=UROLOGY, experienceInYears=11, contactNumber=756842689), SpecialistDetail(specialistId=5, name=Dr. Vimal, areaOfExpertise=UROLOGY, experienceInYears=18, contactNumber=9898977788)]
2022-11-21_20-46-08 [http-nio-8100-exec-5] INFO  c.c.m.s.IPTreatmentOfferingServiceImpl - [Specialist details:] [SpecialistDetail(specialistId=1, name=Dr Riya, areaOfExpertise=ORTHOPAIDICS, experienceInYears=10, contactNumber=9945672345), SpecialistDetail(specialistId=2, name=Dr Karan, areaOfExpertise=ORTHOPAIDICS, experienceInYears=8, contactNumber=8876523457), SpecialistDetail(specialistId=3, name=Dr Harsh, areaOfExpertise=UROLOGY, experienceInYears=7, contactNumber=9422467465), SpecialistDetail(specialistId=4, name=Dr Shreya, areaOfExpertise=UROLOGY, experienceInYears=11, contactNumber=756842689), SpecialistDetail(specialistId=5, name=Dr. Vimal, areaOfExpertise=UROLOGY, experienceInYears=18, contactNumber=9898977788)]
2022-11-21_20-46-08 [http-nio-8100-exec-8] INFO  c.c.m.s.IPTreatmentOfferingServiceImpl - [Specialist details:] [SpecialistDetail(specialistId=1, name=Dr Riya, areaOfExpertise=ORTHOPAIDICS, experienceInYears=10, contactNumber=9945672345), SpecialistDetail(specialistId=2, name=Dr Karan, areaOfExpertise=ORTHOPAIDICS, experienceInYears=8, contactNumber=8876523457), SpecialistDetail(specialistId=3, name=Dr Harsh, areaOfExpertise=UROLOGY, experienceInYears=7, contactNumber=9422467465), SpecialistDetail(specialistId=4, name=Dr Shreya, areaOfExpertise=UROLOGY, experienceInYears=11, contactNumber=756842689), SpecialistDetail(specialistId=5, name=Dr. Vimal, areaOfExpertise=UROLOGY, experienceInYears=18, contactNumber=9898977788)]
2022-11-21_20-46-08 [http-nio-8100-exec-9] INFO  c.c.m.s.IPTreatmentOfferingServiceImpl - [Specialist details:] [SpecialistDetail(specialistId=3, name=Dr Harsh, areaOfExpertise=UROLOGY, experienceInYears=7, contactNumber=9422467465), SpecialistDetail(specialistId=4, name=Dr Shreya, areaOfExpertise=UROLOGY, experienceInYears=11, contactNumber=756842689), SpecialistDetail(specialistId=5, name=Dr. Vimal, areaOfExpertise=UROLOGY, experienceInYears=18, contactNumber=9898977788)]
2022-11-21_20-46-08 [http-nio-8100-exec-3] INFO  c.c.m.s.IPTreatmentOfferingServiceImpl - [IPTreatmentPackage details:] [IPTreatmentPackage(treatmentPackageId=1, ailmentCategory=ORTHOPAIDICS, packageDetail=PackageDetail(pid=101, treatmentPackageName=Package 1, testDetails=[OPT1, OPT2], cost=25000, treatmentDuration=4)), IPTreatmentPackage(treatmentPackageId=2, ailmentCategory=ORTHOPAIDICS, packageDetail=PackageDetail(pid=102, treatmentPackageName=Package 2, testDetails=[OPT3, OPT4], cost=30000, treatmentDuration=6)), IPTreatmentPackage(treatmentPackageId=3, ailmentCategory=UROLOGY, packageDetail=PackageDetail(pid=103, treatmentPackageName=Package 1, testDetails=[UPT1, UPT2], cost=40000, treatmentDuration=4)), IPTreatmentPackage(treatmentPackageId=4, ailmentCategory=UROLOGY, packageDetail=PackageDetail(pid=104, treatmentPackageName=Package 2, testDetails=[UPT3, UPT4], cost=50000, treatmentDuration=6))]
2022-11-21_20-46-08 [http-nio-8100-exec-6] INFO  c.c.m.s.IPTreatmentOfferingServiceImpl - [Specialist details:] [SpecialistDetail(specialistId=1, name=Dr Riya, areaOfExpertise=ORTHOPAIDICS, experienceInYears=10, contactNumber=9945672345), SpecialistDetail(specialistId=2, name=Dr Karan, areaOfExpertise=ORTHOPAIDICS, experienceInYears=8, contactNumber=8876523457), SpecialistDetail(specialistId=3, name=Dr Harsh, areaOfExpertise=UROLOGY, experienceInYears=7, contactNumber=9422467465), SpecialistDetail(specialistId=4, name=Dr Shreya, areaOfExpertise=UROLOGY, experienceInYears=11, contactNumber=756842689), SpecialistDetail(specialistId=5, name=Dr. Vimal, areaOfExpertise=UROLOGY, experienceInYears=18, contactNumber=9898977788)]
2022-11-21_20-46-08 [http-nio-8100-exec-7] INFO  c.c.m.s.IPTreatmentOfferingServiceImpl - [IPTreatmentPackage details:] [IPTreatmentPackage(treatmentPackageId=1, ailmentCategory=ORTHOPAIDICS, packageDetail=PackageDetail(pid=101, treatmentPackageName=Package 1, testDetails=[OPT1, OPT2], cost=25000, treatmentDuration=4)), IPTreatmentPackage(treatmentPackageId=2, ailmentCategory=ORTHOPAIDICS, packageDetail=PackageDetail(pid=102, treatmentPackageName=Package 2, testDetails=[OPT3, OPT4], cost=30000, treatmentDuration=6)), IPTreatmentPackage(treatmentPackageId=3, ailmentCategory=UROLOGY, packageDetail=PackageDetail(pid=103, treatmentPackageName=Package 1, testDetails=[UPT1, UPT2], cost=40000, treatmentDuration=4)), IPTreatmentPackage(treatmentPackageId=4, ailmentCategory=UROLOGY, packageDetail=PackageDetail(pid=104, treatmentPackageName=Package 2, testDetails=[UPT3, UPT4], cost=50000, treatmentDuration=6))]
2022-11-21_20-46-08 [http-nio-8100-exec-10] INFO  c.c.m.s.IPTreatmentOfferingServiceImpl - [IPTreatmentPackage (Package 2) detail:] [IPTreatmentPackage(treatmentPackageId=4, ailmentCategory=UROLOGY, packageDetail=PackageDetail(pid=104, treatmentPackageName=Package 2, testDetails=[UPT3, UPT4], cost=50000, treatmentDuration=6))]
2022-11-21_20-46-08 [http-nio-8100-exec-4] INFO  c.c.m.s.IPTreatmentOfferingServiceImpl - [Specialist details:] [SpecialistDetail(specialistId=1, name=Dr Riya, areaOfExpertise=ORTHOPAIDICS, experienceInYears=10, contactNumber=9945672345), SpecialistDetail(specialistId=2, name=Dr Karan, areaOfExpertise=ORTHOPAIDICS, experienceInYears=8, contactNumber=8876523457), SpecialistDetail(specialistId=3, name=Dr Harsh, areaOfExpertise=UROLOGY, experienceInYears=7, contactNumber=9422467465), SpecialistDetail(specialistId=4, name=Dr Shreya, areaOfExpertise=UROLOGY, experienceInYears=11, contactNumber=756842689), SpecialistDetail(specialistId=5, name=Dr. Vimal, areaOfExpertise=UROLOGY, experienceInYears=18, contactNumber=9898977788)]
2022-11-21_20-46-08 [http-nio-8100-exec-5] INFO  c.c.m.s.IPTreatmentOfferingServiceImpl - [IPTreatmentPackage details:] [IPTreatmentPackage(treatmentPackageId=1, ailmentCategory=ORTHOPAIDICS, packageDetail=PackageDetail(pid=101, treatmentPackageName=Package 1, testDetails=[OPT1, OPT2], cost=25000, treatmentDuration=4)), IPTreatmentPackage(treatmentPackageId=2, ailmentCategory=ORTHOPAIDICS, packageDetail=PackageDetail(pid=102, treatmentPackageName=Package 2, testDetails=[OPT3, OPT4], cost=30000, treatmentDuration=6)), IPTreatmentPackage(treatmentPackageId=3, ailmentCategory=UROLOGY, packageDetail=PackageDetail(pid=103, treatmentPackageName=Package 1, testDetails=[UPT1, UPT2], cost=40000, treatmentDuration=4)), IPTreatmentPackage(treatmentPackageId=4, ailmentCategory=UROLOGY, packageDetail=PackageDetail(pid=104, treatmentPackageName=Package 2, testDetails=[UPT3, UPT4], cost=50000, treatmentDuration=6))]
2022-11-21_20-46-08 [http-nio-8100-exec-9] INFO  c.c.m.s.IPTreatmentOfferingServiceImpl - [IPTreatmentPackage (Package 1) detail:] IPTreatmentPackage(treatmentPackageId=3, ailmentCategory=UROLOGY, packageDetail=PackageDetail(pid=103, treatmentPackageName=Package 1, testDetails=[UPT1, UPT2], cost=40000, treatmentDuration=4))
2022-11-21_20-46-08 [http-nio-8100-exec-3] INFO  c.c.m.s.IPTreatmentOfferingServiceImpl - [Specialist details:] [SpecialistDetail(specialistId=1, name=Dr Riya, areaOfExpertise=ORTHOPAIDICS, experienceInYears=10, contactNumber=9945672345), SpecialistDetail(specialistId=2, name=Dr Karan, areaOfExpertise=ORTHOPAIDICS, experienceInYears=8, contactNumber=8876523457), SpecialistDetail(specialistId=3, name=Dr Harsh, areaOfExpertise=UROLOGY, experienceInYears=7, contactNumber=9422467465), SpecialistDetail(specialistId=4, name=Dr Shreya, areaOfExpertise=UROLOGY, experienceInYears=11, contactNumber=756842689), SpecialistDetail(specialistId=5, name=Dr. Vimal, areaOfExpertise=UROLOGY, experienceInYears=18, contactNumber=9898977788)]
2022-11-21_20-46-08 [http-nio-8100-exec-6] INFO  c.c.m.s.IPTreatmentOfferingServiceImpl - [Specialist details:] [SpecialistDetail(specialistId=1, name=Dr Riya, areaOfExpertise=ORTHOPAIDICS, experienceInYears=10, contactNumber=9945672345), SpecialistDetail(specialistId=2, name=Dr Karan, areaOfExpertise=ORTHOPAIDICS, experienceInYears=8, contactNumber=8876523457), SpecialistDetail(specialistId=3, name=Dr Harsh, areaOfExpertise=UROLOGY, experienceInYears=7, contactNumber=9422467465), SpecialistDetail(specialistId=4, name=Dr Shreya, areaOfExpertise=UROLOGY, experienceInYears=11, contactNumber=756842689), SpecialistDetail(specialistId=5, name=Dr. Vimal, areaOfExpertise=UROLOGY, experienceInYears=18, contactNumber=9898977788)]
2022-11-21_20-46-08 [http-nio-8100-exec-10] INFO  c.c.m.s.IPTreatmentOfferingServiceImpl - [Specialist details:] [SpecialistDetail(specialistId=1, name=Dr Riya, areaOfExpertise=ORTHOPAIDICS, experienceInYears=10, contactNumber=9945672345), SpecialistDetail(specialistId=2, name=Dr Karan, areaOfExpertise=ORTHOPAIDICS, experienceInYears=8, contactNumber=8876523457), SpecialistDetail(specialistId=3, name=Dr Harsh, areaOfExpertise=UROLOGY, experienceInYears=7, contactNumber=9422467465), SpecialistDetail(specialistId=4, name=Dr Shreya, areaOfExpertise=UROLOGY, experienceInYears=11, contactNumber=756842689), SpecialistDetail(specialistId=5, name=Dr. Vimal, areaOfExpertise=UROLOGY, experienceInYears=18, contactNumber=9898977788)]
2022-11-21_20-46-08 [http-nio-8100-exec-1] INFO  c.c.m.s.IPTreatmentOfferingServiceImpl - [Specialist details:] [SpecialistDetail(specialistId=1, name=Dr Riya, areaOfExpertise=ORTHOPAIDICS, experienceInYears=10, contactNumber=9945672345), SpecialistDetail(specialistId=2, name=Dr Karan, areaOfExpertise=ORTHOPAIDICS, experienceInYears=8, contactNumber=8876523457), SpecialistDetail(specialistId=3, name=Dr Harsh, areaOfExpertise=UROLOGY, experienceInYears=7, contactNumber=9422467465), SpecialistDetail(specialistId=4, name=Dr Shreya, areaOfExpertise=UROLOGY, experienceInYears=11, contactNumber=756842689), SpecialistDetail(specialistId=5, name=Dr. Vimal, areaOfExpertise=UROLOGY, experienceInYears=18, contactNumber=9898977788)]
2022-11-21_20-46-08 [http-nio-8100-exec-4] INFO  c.c.m.s.IPTreatmentOfferingServiceImpl - [IPTreatmentPackage details:] [IPTreatmentPackage(treatmentPackageId=1, ailmentCategory=ORTHOPAIDICS, packageDetail=PackageDetail(pid=101, treatmentPackageName=Package 1, testDetails=[OPT1, OPT2], cost=25000, treatmentDuration=4)), IPTreatmentPackage(treatmentPackageId=2, ailmentCategory=ORTHOPAIDICS, packageDetail=PackageDetail(pid=102, treatmentPackageName=Package 2, testDetails=[OPT3, OPT4], cost=30000, treatmentDuration=6)), IPTreatmentPackage(treatmentPackageId=3, ailmentCategory=UROLOGY, packageDetail=PackageDetail(pid=103, treatmentPackageName=Package 1, testDetails=[UPT1, UPT2], cost=40000, treatmentDuration=4)), IPTreatmentPackage(treatmentPackageId=4, ailmentCategory=UROLOGY, packageDetail=PackageDetail(pid=104, treatmentPackageName=Package 2, testDetails=[UPT3, UPT4], cost=50000, treatmentDuration=6))]
2022-11-21_20-46-08 [http-nio-8100-exec-5] INFO  c.c.m.s.IPTreatmentOfferingServiceImpl - [IPTreatmentPackage details:] [IPTreatmentPackage(treatmentPackageId=1, ailmentCategory=ORTHOPAIDICS, packageDetail=PackageDetail(pid=101, treatmentPackageName=Package 1, testDetails=[OPT1, OPT2], cost=25000, treatmentDuration=4)), IPTreatmentPackage(treatmentPackageId=2, ailmentCategory=ORTHOPAIDICS, packageDetail=PackageDetail(pid=102, treatmentPackageName=Package 2, testDetails=[OPT3, OPT4], cost=30000, treatmentDuration=6)), IPTreatmentPackage(treatmentPackageId=3, ailmentCategory=UROLOGY, packageDetail=PackageDetail(pid=103, treatmentPackageName=Package 1, testDetails=[UPT1, UPT2], cost=40000, treatmentDuration=4)), IPTreatmentPackage(treatmentPackageId=4, ailmentCategory=UROLOGY, packageDetail=PackageDetail(pid=104, treatmentPackageName=Package 2, testDetails=[UPT3, UPT4], cost=50000, treatmentDuration=6))]
2022-11-21_20-46-08 [http-nio-8100-exec-8] INFO  c.c.m.s.IPTreatmentOfferingServiceImpl - [IPTreatmentPackage details:] [IPTreatmentPackage(treatmentPackageId=1, ailmentCategory=ORTHOPAIDICS, packageDetail=PackageDetail(pid=101, treatmentPackageName=Package 1, testDetails=[OPT1, OPT2], cost=25000, treatmentDuration=4)), IPTreatmentPackage(treatmentPackageId=2, ailmentCategory=ORTHOPAIDICS, packageDetail=PackageDetail(pid=102, treatmentPackageName=Package 2, testDetails=[OPT3, OPT4], cost=30000, treatmentDuration=6)), IPTreatmentPackage(treatmentPackageId=3, ailmentCategory=UROLOGY, packageDetail=PackageDetail(pid=103, treatmentPackageName=Package 1, testDetails=[UPT1, UPT2], cost=40000, treatmentDuration=4)), IPTreatmentPackage(treatmentPackageId=4, ailmentCategory=UROLOGY, packageDetail=PackageDetail(pid=104, treatmentPackageName=Package 2, testDetails=[UPT3, UPT4], cost=50000, treatmentDuration=6))]
2022-11-21_20-46-08 [http-nio-8100-exec-3] INFO  c.c.m.s.IPTreatmentOfferingServiceImpl - [Package updated successfully] 
2022-11-21_20-46-08 [http-nio-8100-exec-2] INFO  c.c.m.s.IPTreatmentOfferingServiceImpl - [IPTreatmentPackage details:] [IPTreatmentPackage(treatmentPackageId=1, ailmentCategory=ORTHOPAIDICS, packageDetail=PackageDetail(pid=101, treatmentPackageName=Package 1, testDetails=[OPT1, OPT2], cost=25000, treatmentDuration=4)), IPTreatmentPackage(treatmentPackageId=2, ailmentCategory=ORTHOPAIDICS, packageDetail=PackageDetail(pid=102, treatmentPackageName=Package 2, testDetails=[OPT3, OPT4], cost=30000, treatmentDuration=6)), IPTreatmentPackage(treatmentPackageId=3, ailmentCategory=UROLOGY, packageDetail=PackageDetail(pid=103, treatmentPackageName=Package 1, testDetails=[UPT1, UPT2], cost=40000, treatmentDuration=4)), IPTreatmentPackage(treatmentPackageId=4, ailmentCategory=UROLOGY, packageDetail=PackageDetail(pid=104, treatmentPackageName=Package 2, testDetails=[UPT3, UPT4], cost=50000, treatmentDuration=6))]
2022-11-21_20-46-08 [http-nio-8100-exec-7] INFO  c.c.m.s.IPTreatmentOfferingServiceImpl - [IPTreatmentPackage (Package 1) detail:] [IPTreatmentPackage(treatmentPackageId=3, ailmentCategory=UROLOGY, packageDetail=PackageDetail(pid=103, treatmentPackageName=Package 1, testDetails=[UPT1, UPT2], cost=40000, treatmentDuration=4))]
