2022-11-20_12-42-46 [restartedMain] INFO  c.c.a.AuthorizatiionMicroserviceApplication - Starting AuthorizatiionMicroserviceApplication using Java 17.0.4.1 on DESKTOP-E1ED4GH with PID 11232 (C:\Users\SANJAY KUMAR\Java-Final-Project\CDE-Simulation-Project-International-Patients-Treatment-Management-master\Authorizatiion-Microservice-Skeleton\target\classes started by SANJAY KUMAR in C:\Users\SANJAY KUMAR\Java-Final-Project\CDE-Simulation-Project-International-Patients-Treatment-Management-master\Authorizatiion-Microservice-Skeleton)
2022-11-20_12-42-46 [restartedMain] INFO  c.c.a.AuthorizatiionMicroserviceApplication - No active profile set, falling back to default profiles: default
2022-11-20_12-42-46 [restartedMain] INFO  o.s.b.d.e.DevToolsPropertyDefaultsPostProcessor - Devtools property defaults active! Set 'spring.devtools.add-properties' to 'false' to disable
2022-11-20_12-42-46 [restartedMain] INFO  o.s.b.d.e.DevToolsPropertyDefaultsPostProcessor - For additional web related logging consider setting the 'logging.level.web' property to 'DEBUG'
2022-11-20_12-42-46 [restartedMain] INFO  o.s.d.r.c.RepositoryConfigurationDelegate - Bootstrapping Spring Data JPA repositories in DEFAULT mode.
2022-11-20_12-42-46 [restartedMain] INFO  o.s.d.r.c.RepositoryConfigurationDelegate - Finished Spring Data repository scanning in 131 ms. Found 1 JPA repository interfaces.
2022-11-20_12-42-46 [restartedMain] INFO  o.s.cloud.context.scope.GenericScope - BeanFactory id=17a149ef-bdf0-3183-9b89-1dc5d9e72896
2022-11-20_12-42-46 [restartedMain] INFO  o.s.b.w.e.tomcat.TomcatWebServer - Tomcat initialized with port(s): 8400 (http)
2022-11-20_12-42-46 [restartedMain] INFO  o.a.coyote.http11.Http11NioProtocol - Initializing ProtocolHandler ["http-nio-8400"]
2022-11-20_12-42-46 [restartedMain] INFO  o.a.catalina.core.StandardService - Starting service [Tomcat]
2022-11-20_12-42-46 [restartedMain] INFO  o.a.catalina.core.StandardEngine - Starting Servlet engine: [Apache Tomcat/9.0.41]
2022-11-20_12-42-46 [restartedMain] INFO  o.a.c.c.C.[.[localhost].[/auth] - Initializing Spring embedded WebApplicationContext
2022-11-20_12-42-46 [restartedMain] INFO  o.s.b.w.s.c.ServletWebServerApplicationContext - Root WebApplicationContext: initialization completed in 4459 ms
2022-11-20_12-42-46 [restartedMain] INFO  com.zaxxer.hikari.HikariDataSource - HikariPool-1 - Starting...
2022-11-20_12-42-46 [restartedMain] INFO  com.zaxxer.hikari.HikariDataSource - HikariPool-1 - Start completed.
2022-11-20_12-42-46 [restartedMain] INFO  o.s.b.a.h.H2ConsoleAutoConfiguration - H2 console available at '/db'. Database available at 'jdbc:h2:mem:testdb'
2022-11-20_12-42-46 [restartedMain] INFO  o.h.jpa.internal.util.LogHelper - HHH000204: Processing PersistenceUnitInfo [name: default]
2022-11-20_12-42-46 [restartedMain] INFO  org.hibernate.Version - HHH000412: Hibernate ORM core version 5.4.27.Final
2022-11-20_12-42-46 [restartedMain] INFO  o.h.annotations.common.Version - HCANN000001: Hibernate Commons Annotations {5.1.2.Final}
2022-11-20_12-42-46 [restartedMain] INFO  org.hibernate.dialect.Dialect - HHH000400: Using dialect: org.hibernate.dialect.H2Dialect
2022-11-20_12-42-46 [restartedMain] INFO  o.h.e.t.j.p.i.JtaPlatformInitiator - HHH000490: Using JtaPlatform implementation: [org.hibernate.engine.transaction.jta.platform.internal.NoJtaPlatform]
2022-11-20_12-42-46 [restartedMain] INFO  o.s.o.j.LocalContainerEntityManagerFactoryBean - Initialized JPA EntityManagerFactory for persistence unit 'default'
2022-11-20_12-42-46 [restartedMain] INFO  s.d.s.w.PropertySourcedRequestMappingHandlerMapping - Mapped URL path [/v2/api-docs] onto method [springfox.documentation.swagger2.web.Swagger2Controller#getDocumentation(String, HttpServletRequest)]
2022-11-20_12-42-46 [restartedMain] INFO  o.s.s.web.DefaultSecurityFilterChain - Will secure any request with [org.springframework.security.web.context.request.async.WebAsyncManagerIntegrationFilter@603ecbae, org.springframework.security.web.context.SecurityContextPersistenceFilter@4d37e68, org.springframework.security.web.header.HeaderWriterFilter@7a96513f, org.springframework.security.web.authentication.logout.LogoutFilter@488226d, com.cts.authorization.config.JwtRequestFilter@76b8dbf3, org.springframework.security.web.savedrequest.RequestCacheAwareFilter@4963eb0f, org.springframework.security.web.servletapi.SecurityContextHolderAwareRequestFilter@742a6fca, org.springframework.security.web.authentication.AnonymousAuthenticationFilter@63c99e27, org.springframework.security.web.session.SessionManagementFilter@4faf708d, org.springframework.security.web.access.ExceptionTranslationFilter@6df5043b, org.springframework.security.web.access.intercept.FilterSecurityInterceptor@540faad8]
2022-11-20_12-42-46 [restartedMain] INFO  o.s.s.c.ThreadPoolTaskExecutor - Initializing ExecutorService 'applicationTaskExecutor'
2022-11-20_12-42-46 [restartedMain] INFO  o.a.coyote.http11.Http11NioProtocol - Starting ProtocolHandler ["http-nio-8400"]
2022-11-20_12-42-46 [restartedMain] INFO  o.s.b.w.e.tomcat.TomcatWebServer - Tomcat started on port(s): 8400 (http) with context path '/auth'
2022-11-20_12-42-46 [restartedMain] INFO  s.d.s.w.p.DocumentationPluginsBootstrapper - Context refreshed
2022-11-20_12-42-46 [restartedMain] INFO  s.d.s.w.p.DocumentationPluginsBootstrapper - Found 1 custom documentation plugin(s)
2022-11-20_12-42-46 [restartedMain] INFO  s.d.s.w.s.ApiListingReferenceScanner - Scanning for api listing references
2022-11-20_12-42-46 [restartedMain] INFO  c.c.a.AuthorizatiionMicroserviceApplication - Started AuthorizatiionMicroserviceApplication in 14.476 seconds (JVM running for 15.534)
2022-11-20_12-42-46 [http-nio-8400-exec-2] INFO  o.a.c.c.C.[.[localhost].[/auth] - Initializing Spring DispatcherServlet 'dispatcherServlet'
2022-11-20_12-42-46 [http-nio-8400-exec-2] INFO  o.s.web.servlet.DispatcherServlet - Initializing Servlet 'dispatcherServlet'
2022-11-20_12-42-46 [http-nio-8400-exec-2] INFO  o.s.web.servlet.DispatcherServlet - Completed initialization in 7 ms
