2022-11-23_01-08-54 [background-preinit] INFO  o.h.validator.internal.util.Version - HV000001: Hibernate Validator 6.0.13.Final
2022-11-23_01-08-54 [restartedMain] INFO  c.c.a.AuthorizatiionMicroserviceApplication - Starting AuthorizatiionMicroserviceApplication using Java 17.0.4.1 on DESKTOP-E1ED4GH with PID 14260 (D:\International-Patients-Treatment-Management\Authorizatiion-Microservice-Skeleton\target\classes started by SANJAY KUMAR in D:\International-Patients-Treatment-Management\Authorizatiion-Microservice-Skeleton)
2022-11-23_01-08-54 [restartedMain] INFO  c.c.a.AuthorizatiionMicroserviceApplication - No active profile set, falling back to default profiles: default
2022-11-23_01-08-54 [restartedMain] INFO  o.s.b.d.e.DevToolsPropertyDefaultsPostProcessor - Devtools property defaults active! Set 'spring.devtools.add-properties' to 'false' to disable
2022-11-23_01-08-54 [restartedMain] INFO  o.s.b.d.e.DevToolsPropertyDefaultsPostProcessor - For additional web related logging consider setting the 'logging.level.web' property to 'DEBUG'
2022-11-23_01-08-54 [restartedMain] INFO  o.s.d.r.c.RepositoryConfigurationDelegate - Bootstrapping Spring Data JPA repositories in DEFAULT mode.
2022-11-23_01-08-54 [restartedMain] INFO  o.s.d.r.c.RepositoryConfigurationDelegate - Finished Spring Data repository scanning in 400 ms. Found 1 JPA repository interfaces.
2022-11-23_01-08-54 [restartedMain] INFO  o.s.cloud.context.scope.GenericScope - BeanFactory id=fb9b3317-987e-3653-8b85-c2ab67fa512e
2022-11-23_01-08-54 [restartedMain] INFO  o.s.b.w.e.tomcat.TomcatWebServer - Tomcat initialized with port(s): 8400 (http)
2022-11-23_01-08-54 [restartedMain] INFO  o.a.coyote.http11.Http11NioProtocol - Initializing ProtocolHandler ["http-nio-8400"]
2022-11-23_01-08-54 [restartedMain] INFO  o.a.catalina.core.StandardService - Starting service [Tomcat]
2022-11-23_01-08-54 [restartedMain] INFO  o.a.catalina.core.StandardEngine - Starting Servlet engine: [Apache Tomcat/9.0.41]
2022-11-23_01-08-54 [restartedMain] INFO  o.a.c.c.C.[.[localhost].[/auth] - Initializing Spring embedded WebApplicationContext
2022-11-23_01-08-54 [restartedMain] INFO  o.s.b.w.s.c.ServletWebServerApplicationContext - Root WebApplicationContext: initialization completed in 15736 ms
2022-11-23_01-08-54 [restartedMain] INFO  com.zaxxer.hikari.HikariDataSource - HikariPool-1 - Starting...
2022-11-23_01-08-54 [restartedMain] INFO  com.zaxxer.hikari.HikariDataSource - HikariPool-1 - Start completed.
2022-11-23_01-08-54 [restartedMain] INFO  o.s.b.a.h.H2ConsoleAutoConfiguration - H2 console available at '/db'. Database available at 'jdbc:h2:mem:testdb'
2022-11-23_01-08-54 [restartedMain] INFO  o.h.jpa.internal.util.LogHelper - HHH000204: Processing PersistenceUnitInfo [name: default]
2022-11-23_01-08-54 [restartedMain] INFO  org.hibernate.Version - HHH000412: Hibernate ORM core version 5.4.27.Final
2022-11-23_01-08-54 [restartedMain] INFO  o.h.annotations.common.Version - HCANN000001: Hibernate Commons Annotations {5.1.2.Final}
2022-11-23_01-08-54 [restartedMain] INFO  org.hibernate.dialect.Dialect - HHH000400: Using dialect: org.hibernate.dialect.H2Dialect
2022-11-23_01-08-54 [restartedMain] INFO  o.h.e.t.j.p.i.JtaPlatformInitiator - HHH000490: Using JtaPlatform implementation: [org.hibernate.engine.transaction.jta.platform.internal.NoJtaPlatform]
2022-11-23_01-08-54 [restartedMain] INFO  o.s.o.j.LocalContainerEntityManagerFactoryBean - Initialized JPA EntityManagerFactory for persistence unit 'default'
2022-11-23_01-08-54 [restartedMain] INFO  s.d.s.w.PropertySourcedRequestMappingHandlerMapping - Mapped URL path [/v2/api-docs] onto method [springfox.documentation.swagger2.web.Swagger2Controller#getDocumentation(String, HttpServletRequest)]
2022-11-23_01-08-54 [restartedMain] INFO  o.s.s.web.DefaultSecurityFilterChain - Will secure any request with [org.springframework.security.web.context.request.async.WebAsyncManagerIntegrationFilter@2e843940, org.springframework.security.web.context.SecurityContextPersistenceFilter@29edca0c, org.springframework.security.web.header.HeaderWriterFilter@a73369d, org.springframework.security.web.authentication.logout.LogoutFilter@3196a37e, com.cts.authorization.config.JwtRequestFilter@62957baf, org.springframework.security.web.savedrequest.RequestCacheAwareFilter@6a000300, org.springframework.security.web.servletapi.SecurityContextHolderAwareRequestFilter@7acd3cd6, org.springframework.security.web.authentication.AnonymousAuthenticationFilter@7656b6bc, org.springframework.security.web.session.SessionManagementFilter@7c90e983, org.springframework.security.web.access.ExceptionTranslationFilter@22b1758d, org.springframework.security.web.access.intercept.FilterSecurityInterceptor@602e70ac]
2022-11-23_01-08-54 [restartedMain] INFO  o.s.s.c.ThreadPoolTaskExecutor - Initializing ExecutorService 'applicationTaskExecutor'
2022-11-23_01-08-54 [restartedMain] INFO  o.a.coyote.http11.Http11NioProtocol - Starting ProtocolHandler ["http-nio-8400"]
2022-11-23_01-08-54 [restartedMain] INFO  o.s.b.w.e.tomcat.TomcatWebServer - Tomcat started on port(s): 8400 (http) with context path '/auth'
2022-11-23_01-08-54 [restartedMain] INFO  s.d.s.w.p.DocumentationPluginsBootstrapper - Context refreshed
2022-11-23_01-08-54 [restartedMain] INFO  s.d.s.w.p.DocumentationPluginsBootstrapper - Found 1 custom documentation plugin(s)
2022-11-23_01-08-54 [restartedMain] INFO  s.d.s.w.s.ApiListingReferenceScanner - Scanning for api listing references
2022-11-23_01-08-54 [restartedMain] INFO  c.c.a.AuthorizatiionMicroserviceApplication - Started AuthorizatiionMicroserviceApplication in 40.929 seconds (JVM running for 53.649)
2022-11-23_01-08-54 [http-nio-8400-exec-3] INFO  o.a.c.c.C.[.[localhost].[/auth] - Initializing Spring DispatcherServlet 'dispatcherServlet'
2022-11-23_01-08-54 [http-nio-8400-exec-3] INFO  o.s.web.servlet.DispatcherServlet - Initializing Servlet 'dispatcherServlet'
2022-11-23_01-08-54 [http-nio-8400-exec-3] INFO  o.s.web.servlet.DispatcherServlet - Completed initialization in 3 ms
2022-11-23_01-08-54 [http-nio-8400-exec-4] INFO  c.c.a.service.JwtUserDetailsService - User found
2022-11-23_01-08-54 [http-nio-8400-exec-4] INFO  c.c.a.service.JwtUserDetailsService - user successfully located
2022-11-23_01-08-54 [http-nio-8400-exec-4] INFO  c.c.a.service.JwtUserDetailsService - User found
2022-11-23_01-08-54 [http-nio-8400-exec-4] INFO  c.c.a.service.JwtUserDetailsService - user successfully located
2022-11-23_01-08-54 [http-nio-8400-exec-7] INFO  c.c.a.service.JwtUserDetailsService - User found
2022-11-23_01-08-54 [http-nio-8400-exec-7] INFO  c.c.a.service.JwtUserDetailsService - user successfully located
2022-11-23_01-08-54 [http-nio-8400-exec-8] INFO  c.c.a.service.JwtUserDetailsService - User found
2022-11-23_01-08-54 [http-nio-8400-exec-8] INFO  c.c.a.service.JwtUserDetailsService - user successfully located
2022-11-23_01-08-54 [http-nio-8400-exec-1] INFO  c.c.a.service.JwtUserDetailsService - User found
2022-11-23_01-08-54 [http-nio-8400-exec-1] INFO  c.c.a.service.JwtUserDetailsService - user successfully located
2022-11-23_01-08-54 [http-nio-8400-exec-5] INFO  c.c.a.service.JwtUserDetailsService - User found
2022-11-23_01-08-54 [http-nio-8400-exec-5] INFO  c.c.a.service.JwtUserDetailsService - user successfully located
2022-11-23_01-08-54 [http-nio-8400-exec-9] INFO  c.c.a.service.JwtUserDetailsService - User found
2022-11-23_01-08-54 [http-nio-8400-exec-9] INFO  c.c.a.service.JwtUserDetailsService - user successfully located
2022-11-23_01-08-54 [http-nio-8400-exec-10] INFO  c.c.a.service.JwtUserDetailsService - User found
2022-11-23_01-08-54 [http-nio-8400-exec-10] INFO  c.c.a.service.JwtUserDetailsService - user successfully located
2022-11-23_01-08-54 [http-nio-8400-exec-3] INFO  c.c.a.service.JwtUserDetailsService - User found
2022-11-23_01-08-54 [http-nio-8400-exec-3] INFO  c.c.a.service.JwtUserDetailsService - user successfully located
2022-11-23_01-08-54 [http-nio-8400-exec-8] INFO  c.c.a.service.JwtUserDetailsService - User found
2022-11-23_01-08-54 [http-nio-8400-exec-8] INFO  c.c.a.service.JwtUserDetailsService - user successfully located
2022-11-23_01-08-54 [http-nio-8400-exec-8] INFO  c.c.a.service.JwtUserDetailsService - User found
2022-11-23_01-08-54 [http-nio-8400-exec-8] INFO  c.c.a.service.JwtUserDetailsService - user successfully located
2022-11-23_01-08-54 [http-nio-8400-exec-1] INFO  c.c.a.service.JwtUserDetailsService - User found
2022-11-23_01-08-54 [http-nio-8400-exec-1] INFO  c.c.a.service.JwtUserDetailsService - user successfully located
2022-11-23_01-08-54 [http-nio-8400-exec-2] INFO  c.c.a.service.JwtUserDetailsService - User found
2022-11-23_01-08-54 [http-nio-8400-exec-2] INFO  c.c.a.service.JwtUserDetailsService - user successfully located
2022-11-23_01-08-54 [http-nio-8400-exec-5] INFO  c.c.a.service.JwtUserDetailsService - User found
2022-11-23_01-08-54 [http-nio-8400-exec-5] INFO  c.c.a.service.JwtUserDetailsService - user successfully located
2022-11-23_01-08-54 [http-nio-8400-exec-6] INFO  c.c.a.service.JwtUserDetailsService - User found
2022-11-23_01-08-54 [http-nio-8400-exec-6] INFO  c.c.a.service.JwtUserDetailsService - user successfully located
2022-11-23_01-08-54 [http-nio-8400-exec-9] INFO  c.c.a.service.JwtUserDetailsService - User found
2022-11-23_01-08-54 [http-nio-8400-exec-9] INFO  c.c.a.service.JwtUserDetailsService - user successfully located
2022-11-23_01-08-54 [http-nio-8400-exec-10] INFO  c.c.a.service.JwtUserDetailsService - User found
2022-11-23_01-08-54 [http-nio-8400-exec-10] INFO  c.c.a.service.JwtUserDetailsService - user successfully located
2022-11-23_01-08-54 [http-nio-8400-exec-4] INFO  c.c.a.service.JwtUserDetailsService - User found
2022-11-23_01-08-54 [http-nio-8400-exec-4] INFO  c.c.a.service.JwtUserDetailsService - user successfully located
2022-11-23_01-08-54 [http-nio-8400-exec-7] INFO  c.c.a.service.JwtUserDetailsService - User found
2022-11-23_01-08-54 [http-nio-8400-exec-7] INFO  c.c.a.service.JwtUserDetailsService - user successfully located
2022-11-23_01-08-54 [http-nio-8400-exec-8] INFO  c.c.a.service.JwtUserDetailsService - User found
2022-11-23_01-08-54 [http-nio-8400-exec-8] INFO  c.c.a.service.JwtUserDetailsService - user successfully located
2022-11-23_01-08-54 [http-nio-8400-exec-1] INFO  c.c.a.service.JwtUserDetailsService - User found
2022-11-23_01-08-54 [http-nio-8400-exec-1] INFO  c.c.a.service.JwtUserDetailsService - user successfully located
2022-11-23_08-42-51 [restartedMain] INFO  c.c.a.AuthorizatiionMicroserviceApplication - Starting AuthorizatiionMicroserviceApplication using Java 17.0.4.1 on DESKTOP-E1ED4GH with PID 9980 (D:\International-Patients-Treatment-Management\Authorizatiion-Microservice-Skeleton\target\classes started by SANJAY KUMAR in D:\International-Patients-Treatment-Management\Authorizatiion-Microservice-Skeleton)
2022-11-23_08-42-51 [restartedMain] INFO  c.c.a.AuthorizatiionMicroserviceApplication - No active profile set, falling back to default profiles: default
2022-11-23_08-42-51 [background-preinit] INFO  o.h.validator.internal.util.Version - HV000001: Hibernate Validator 6.0.13.Final
2022-11-23_08-42-51 [restartedMain] INFO  o.s.b.d.e.DevToolsPropertyDefaultsPostProcessor - Devtools property defaults active! Set 'spring.devtools.add-properties' to 'false' to disable
2022-11-23_08-42-51 [restartedMain] INFO  o.s.b.d.e.DevToolsPropertyDefaultsPostProcessor - For additional web related logging consider setting the 'logging.level.web' property to 'DEBUG'
2022-11-23_08-42-51 [restartedMain] INFO  o.s.d.r.c.RepositoryConfigurationDelegate - Bootstrapping Spring Data JPA repositories in DEFAULT mode.
2022-11-23_08-42-51 [restartedMain] INFO  o.s.d.r.c.RepositoryConfigurationDelegate - Finished Spring Data repository scanning in 579 ms. Found 1 JPA repository interfaces.
2022-11-23_08-42-51 [restartedMain] INFO  o.s.cloud.context.scope.GenericScope - BeanFactory id=fb9b3317-987e-3653-8b85-c2ab67fa512e
2022-11-23_08-42-51 [restartedMain] INFO  o.s.b.w.e.tomcat.TomcatWebServer - Tomcat initialized with port(s): 8400 (http)
2022-11-23_08-42-51 [restartedMain] INFO  o.a.coyote.http11.Http11NioProtocol - Initializing ProtocolHandler ["http-nio-8400"]
2022-11-23_08-42-51 [restartedMain] INFO  o.a.catalina.core.StandardService - Starting service [Tomcat]
2022-11-23_08-42-51 [restartedMain] INFO  o.a.catalina.core.StandardEngine - Starting Servlet engine: [Apache Tomcat/9.0.41]
2022-11-23_08-42-51 [restartedMain] INFO  o.a.c.c.C.[.[localhost].[/auth] - Initializing Spring embedded WebApplicationContext
2022-11-23_08-42-51 [restartedMain] INFO  o.s.b.w.s.c.ServletWebServerApplicationContext - Root WebApplicationContext: initialization completed in 14491 ms
2022-11-23_08-42-51 [restartedMain] INFO  com.zaxxer.hikari.HikariDataSource - HikariPool-1 - Starting...
2022-11-23_08-42-51 [restartedMain] INFO  com.zaxxer.hikari.HikariDataSource - HikariPool-1 - Start completed.
2022-11-23_08-42-51 [restartedMain] INFO  o.s.b.a.h.H2ConsoleAutoConfiguration - H2 console available at '/db'. Database available at 'jdbc:h2:mem:testdb'
2022-11-23_08-42-51 [restartedMain] INFO  o.h.jpa.internal.util.LogHelper - HHH000204: Processing PersistenceUnitInfo [name: default]
2022-11-23_08-42-51 [restartedMain] INFO  org.hibernate.Version - HHH000412: Hibernate ORM core version 5.4.27.Final
2022-11-23_08-42-51 [restartedMain] INFO  o.h.annotations.common.Version - HCANN000001: Hibernate Commons Annotations {5.1.2.Final}
2022-11-23_08-42-51 [restartedMain] INFO  org.hibernate.dialect.Dialect - HHH000400: Using dialect: org.hibernate.dialect.H2Dialect
2022-11-23_08-42-51 [restartedMain] INFO  o.h.e.t.j.p.i.JtaPlatformInitiator - HHH000490: Using JtaPlatform implementation: [org.hibernate.engine.transaction.jta.platform.internal.NoJtaPlatform]
2022-11-23_08-42-51 [restartedMain] INFO  o.s.o.j.LocalContainerEntityManagerFactoryBean - Initialized JPA EntityManagerFactory for persistence unit 'default'
2022-11-23_08-42-51 [restartedMain] INFO  s.d.s.w.PropertySourcedRequestMappingHandlerMapping - Mapped URL path [/v2/api-docs] onto method [springfox.documentation.swagger2.web.Swagger2Controller#getDocumentation(String, HttpServletRequest)]
2022-11-23_08-42-51 [restartedMain] INFO  o.s.s.web.DefaultSecurityFilterChain - Will secure any request with [org.springframework.security.web.context.request.async.WebAsyncManagerIntegrationFilter@2d958036, org.springframework.security.web.context.SecurityContextPersistenceFilter@3084d85d, org.springframework.security.web.header.HeaderWriterFilter@348f00b9, org.springframework.security.web.authentication.logout.LogoutFilter@2454ca56, com.cts.authorization.config.JwtRequestFilter@3674e65, org.springframework.security.web.savedrequest.RequestCacheAwareFilter@5c7836ce, org.springframework.security.web.servletapi.SecurityContextHolderAwareRequestFilter@3b7437fb, org.springframework.security.web.authentication.AnonymousAuthenticationFilter@e62a103, org.springframework.security.web.session.SessionManagementFilter@677cfe72, org.springframework.security.web.access.ExceptionTranslationFilter@685eef08, org.springframework.security.web.access.intercept.FilterSecurityInterceptor@67d99389]
2022-11-23_08-42-51 [restartedMain] INFO  o.s.s.c.ThreadPoolTaskExecutor - Initializing ExecutorService 'applicationTaskExecutor'
2022-11-23_08-42-51 [restartedMain] INFO  o.a.coyote.http11.Http11NioProtocol - Starting ProtocolHandler ["http-nio-8400"]
2022-11-23_08-42-51 [restartedMain] INFO  o.s.b.w.e.tomcat.TomcatWebServer - Tomcat started on port(s): 8400 (http) with context path '/auth'
2022-11-23_08-42-51 [restartedMain] INFO  s.d.s.w.p.DocumentationPluginsBootstrapper - Context refreshed
2022-11-23_08-42-51 [restartedMain] INFO  s.d.s.w.p.DocumentationPluginsBootstrapper - Found 1 custom documentation plugin(s)
2022-11-23_08-42-51 [restartedMain] INFO  s.d.s.w.s.ApiListingReferenceScanner - Scanning for api listing references
2022-11-23_08-42-51 [restartedMain] INFO  c.c.a.AuthorizatiionMicroserviceApplication - Started AuthorizatiionMicroserviceApplication in 45.155 seconds (JVM running for 51.736)
2022-11-23_08-42-51 [http-nio-8400-exec-1] INFO  o.a.c.c.C.[.[localhost].[/auth] - Initializing Spring DispatcherServlet 'dispatcherServlet'
2022-11-23_08-42-51 [http-nio-8400-exec-1] INFO  o.s.web.servlet.DispatcherServlet - Initializing Servlet 'dispatcherServlet'
2022-11-23_08-42-51 [http-nio-8400-exec-1] INFO  o.s.web.servlet.DispatcherServlet - Completed initialization in 8 ms
2022-11-23_08-42-51 [http-nio-8400-exec-1] INFO  c.c.a.service.JwtUserDetailsService - User found
2022-11-23_08-42-51 [http-nio-8400-exec-1] INFO  c.c.a.service.JwtUserDetailsService - user successfully located
2022-11-23_08-42-51 [http-nio-8400-exec-1] INFO  c.c.a.service.JwtUserDetailsService - User found
2022-11-23_08-42-51 [http-nio-8400-exec-1] INFO  c.c.a.service.JwtUserDetailsService - user successfully located
2022-11-23_08-42-51 [http-nio-8400-exec-2] INFO  c.c.a.service.JwtUserDetailsService - User found
2022-11-23_08-42-51 [http-nio-8400-exec-2] INFO  c.c.a.service.JwtUserDetailsService - user successfully located
2022-11-23_08-42-51 [http-nio-8400-exec-5] INFO  c.c.a.service.JwtUserDetailsService - User found
2022-11-23_08-42-51 [http-nio-8400-exec-5] INFO  c.c.a.service.JwtUserDetailsService - user successfully located
2022-11-23_08-42-51 [http-nio-8400-exec-6] INFO  c.c.a.service.JwtUserDetailsService - User found
2022-11-23_08-42-51 [http-nio-8400-exec-6] INFO  c.c.a.service.JwtUserDetailsService - user successfully located
2022-11-23_08-42-51 [http-nio-8400-exec-9] INFO  c.c.a.service.JwtUserDetailsService - User found
2022-11-23_08-42-51 [http-nio-8400-exec-9] INFO  c.c.a.service.JwtUserDetailsService - user successfully located
2022-11-23_08-42-51 [http-nio-8400-exec-10] INFO  c.c.a.service.JwtUserDetailsService - User found
2022-11-23_08-42-51 [http-nio-8400-exec-10] INFO  c.c.a.service.JwtUserDetailsService - user successfully located
2022-11-23_08-42-51 [http-nio-8400-exec-3] INFO  c.c.a.service.JwtUserDetailsService - User found
2022-11-23_08-42-51 [http-nio-8400-exec-3] INFO  c.c.a.service.JwtUserDetailsService - user successfully located
2022-11-23_08-42-51 [http-nio-8400-exec-4] INFO  c.c.a.service.JwtUserDetailsService - User found
2022-11-23_08-42-51 [http-nio-8400-exec-4] INFO  c.c.a.service.JwtUserDetailsService - user successfully located
2022-11-23_08-42-51 [http-nio-8400-exec-7] INFO  c.c.a.service.JwtUserDetailsService - User found
2022-11-23_08-42-51 [http-nio-8400-exec-7] INFO  c.c.a.service.JwtUserDetailsService - user successfully located
2022-11-23_08-42-51 [http-nio-8400-exec-8] INFO  c.c.a.service.JwtUserDetailsService - User found
2022-11-23_08-42-51 [http-nio-8400-exec-8] INFO  c.c.a.service.JwtUserDetailsService - user successfully located
2022-11-23_08-42-51 [http-nio-8400-exec-9] INFO  c.c.a.service.JwtUserDetailsService - User found
2022-11-23_08-42-51 [http-nio-8400-exec-9] INFO  c.c.a.service.JwtUserDetailsService - user successfully located
2022-11-23_08-42-51 [http-nio-8400-exec-10] INFO  c.c.a.service.JwtUserDetailsService - User found
2022-11-23_08-42-51 [http-nio-8400-exec-10] INFO  c.c.a.service.JwtUserDetailsService - user successfully located
2022-11-23_08-42-51 [http-nio-8400-exec-3] INFO  c.c.a.service.JwtUserDetailsService - User found
2022-11-23_08-42-51 [http-nio-8400-exec-3] INFO  c.c.a.service.JwtUserDetailsService - user successfully located
2022-11-23_08-42-51 [http-nio-8400-exec-4] INFO  c.c.a.service.JwtUserDetailsService - User found
2022-11-23_08-42-51 [http-nio-8400-exec-4] INFO  c.c.a.service.JwtUserDetailsService - user successfully located
2022-11-23_08-42-51 [http-nio-8400-exec-7] INFO  c.c.a.service.JwtUserDetailsService - User found
2022-11-23_08-42-51 [http-nio-8400-exec-7] INFO  c.c.a.service.JwtUserDetailsService - user successfully located
2022-11-23_08-42-51 [http-nio-8400-exec-8] INFO  c.c.a.service.JwtUserDetailsService - User found
2022-11-23_08-42-51 [http-nio-8400-exec-8] INFO  c.c.a.service.JwtUserDetailsService - user successfully located
2022-11-23_08-42-51 [http-nio-8400-exec-1] INFO  c.c.a.service.JwtUserDetailsService - User found
2022-11-23_08-42-51 [http-nio-8400-exec-1] INFO  c.c.a.service.JwtUserDetailsService - user successfully located
2022-11-23_08-42-51 [http-nio-8400-exec-2] INFO  c.c.a.service.JwtUserDetailsService - User found
2022-11-23_08-42-51 [http-nio-8400-exec-2] INFO  c.c.a.service.JwtUserDetailsService - user successfully located
2022-11-23_08-42-51 [http-nio-8400-exec-5] INFO  c.c.a.service.JwtUserDetailsService - User found
2022-11-23_08-42-51 [http-nio-8400-exec-5] INFO  c.c.a.service.JwtUserDetailsService - user successfully located
2022-11-23_08-42-51 [http-nio-8400-exec-3] INFO  c.c.a.service.JwtUserDetailsService - User found
2022-11-23_08-42-51 [http-nio-8400-exec-3] INFO  c.c.a.service.JwtUserDetailsService - user successfully located
2022-11-23_08-42-51 [http-nio-8400-exec-4] INFO  c.c.a.service.JwtUserDetailsService - User found
2022-11-23_08-42-51 [http-nio-8400-exec-4] INFO  c.c.a.service.JwtUserDetailsService - user successfully located
2022-11-23_08-42-51 [http-nio-8400-exec-7] INFO  c.c.a.service.JwtUserDetailsService - User found
2022-11-23_08-42-51 [http-nio-8400-exec-7] INFO  c.c.a.service.JwtUserDetailsService - user successfully located
2022-11-23_08-42-51 [http-nio-8400-exec-8] INFO  c.c.a.service.JwtUserDetailsService - User found
2022-11-23_08-42-51 [http-nio-8400-exec-8] INFO  c.c.a.service.JwtUserDetailsService - user successfully located
2022-11-23_08-42-51 [http-nio-8400-exec-1] INFO  c.c.a.service.JwtUserDetailsService - User found
2022-11-23_08-42-51 [http-nio-8400-exec-1] INFO  c.c.a.service.JwtUserDetailsService - user successfully located
2022-11-23_08-42-51 [http-nio-8400-exec-2] INFO  c.c.a.service.JwtUserDetailsService - User found
2022-11-23_08-42-51 [http-nio-8400-exec-2] INFO  c.c.a.service.JwtUserDetailsService - user successfully located
2022-11-23_08-42-51 [http-nio-8400-exec-5] INFO  c.c.a.service.JwtUserDetailsService - User found
2022-11-23_08-42-51 [http-nio-8400-exec-5] INFO  c.c.a.service.JwtUserDetailsService - user successfully located
2022-11-23_08-42-51 [http-nio-8400-exec-6] INFO  c.c.a.service.JwtUserDetailsService - User found
2022-11-23_08-42-51 [http-nio-8400-exec-6] INFO  c.c.a.service.JwtUserDetailsService - user successfully located
2022-11-23_08-42-51 [http-nio-8400-exec-9] INFO  c.c.a.service.JwtUserDetailsService - User found
2022-11-23_08-42-51 [http-nio-8400-exec-9] INFO  c.c.a.service.JwtUserDetailsService - user successfully located
2022-11-23_08-42-51 [http-nio-8400-exec-7] INFO  c.c.a.service.JwtUserDetailsService - User found
2022-11-23_08-42-51 [http-nio-8400-exec-7] INFO  c.c.a.service.JwtUserDetailsService - user successfully located
2022-11-23_08-42-51 [http-nio-8400-exec-7] INFO  c.c.a.service.JwtUserDetailsService - User found
2022-11-23_08-42-51 [http-nio-8400-exec-7] INFO  c.c.a.service.JwtUserDetailsService - user successfully located
2022-11-23_08-42-51 [http-nio-8400-exec-8] INFO  c.c.a.service.JwtUserDetailsService - User found
2022-11-23_08-42-51 [http-nio-8400-exec-8] INFO  c.c.a.service.JwtUserDetailsService - user successfully located
2022-11-23_08-42-51 [http-nio-8400-exec-1] INFO  c.c.a.service.JwtUserDetailsService - User found
2022-11-23_08-42-51 [http-nio-8400-exec-1] INFO  c.c.a.service.JwtUserDetailsService - user successfully located
2022-11-23_08-42-51 [http-nio-8400-exec-2] INFO  c.c.a.service.JwtUserDetailsService - User found
2022-11-23_08-42-51 [http-nio-8400-exec-2] INFO  c.c.a.service.JwtUserDetailsService - user successfully located
2022-11-23_08-42-51 [http-nio-8400-exec-10] INFO  c.c.a.service.JwtUserDetailsService - User found
2022-11-23_08-42-51 [http-nio-8400-exec-10] INFO  c.c.a.service.JwtUserDetailsService - user successfully located
2022-11-23_08-42-51 [http-nio-8400-exec-10] INFO  c.c.a.service.JwtUserDetailsService - User found
2022-11-23_08-42-51 [http-nio-8400-exec-10] INFO  c.c.a.service.JwtUserDetailsService - user successfully located
2022-11-23_08-42-51 [http-nio-8400-exec-4] INFO  c.c.a.service.JwtUserDetailsService - User found
2022-11-23_08-42-51 [http-nio-8400-exec-4] INFO  c.c.a.service.JwtUserDetailsService - user successfully located
2022-11-23_08-42-51 [http-nio-8400-exec-4] INFO  c.c.a.service.JwtUserDetailsService - User found
2022-11-23_08-42-51 [http-nio-8400-exec-4] INFO  c.c.a.service.JwtUserDetailsService - user successfully located
2022-11-23_08-42-51 [http-nio-8400-exec-7] INFO  c.c.a.service.JwtUserDetailsService - User found
2022-11-23_08-42-51 [http-nio-8400-exec-7] INFO  c.c.a.service.JwtUserDetailsService - user successfully located
2022-11-23_08-42-51 [http-nio-8400-exec-7] INFO  c.c.a.service.JwtUserDetailsService - User found
2022-11-23_08-42-51 [http-nio-8400-exec-7] INFO  c.c.a.service.JwtUserDetailsService - user successfully located
2022-11-23_08-42-51 [Thread-1] INFO  o.s.s.c.ThreadPoolTaskExecutor - Shutting down ExecutorService 'applicationTaskExecutor'
2022-11-23_08-42-51 [Thread-1] INFO  o.s.o.j.LocalContainerEntityManagerFactoryBean - Closing JPA EntityManagerFactory for persistence unit 'default'
2022-11-23_08-42-51 [Thread-1] INFO  o.h.t.s.i.SchemaDropperImpl$DelayedDropActionImpl - HHH000477: Starting delayed evictData of schema as part of SessionFactory shut-down'
2022-11-23_08-42-51 [Thread-1] INFO  com.zaxxer.hikari.HikariDataSource - HikariPool-1 - Shutdown initiated...
2022-11-23_08-42-51 [Thread-1] INFO  com.zaxxer.hikari.HikariDataSource - HikariPool-1 - Shutdown completed.
2022-11-23_09-15-58 [restartedMain] INFO  c.c.a.AuthorizatiionMicroserviceApplication - Starting AuthorizatiionMicroserviceApplication using Java 17.0.4.1 on DESKTOP-E1ED4GH with PID 9980 (D:\International-Patients-Treatment-Management\Authorizatiion-Microservice-Skeleton\target\classes started by SANJAY KUMAR in D:\International-Patients-Treatment-Management\Authorizatiion-Microservice-Skeleton)
2022-11-23_09-15-58 [restartedMain] INFO  c.c.a.AuthorizatiionMicroserviceApplication - No active profile set, falling back to default profiles: default
2022-11-23_09-15-58 [restartedMain] INFO  o.s.d.r.c.RepositoryConfigurationDelegate - Bootstrapping Spring Data JPA repositories in DEFAULT mode.
2022-11-23_09-15-58 [restartedMain] INFO  o.s.d.r.c.RepositoryConfigurationDelegate - Finished Spring Data repository scanning in 139 ms. Found 1 JPA repository interfaces.
2022-11-23_09-15-58 [restartedMain] INFO  o.s.cloud.context.scope.GenericScope - BeanFactory id=fb9b3317-987e-3653-8b85-c2ab67fa512e
2022-11-23_09-15-58 [restartedMain] INFO  o.s.b.w.e.tomcat.TomcatWebServer - Tomcat initialized with port(s): 8400 (http)
2022-11-23_09-15-58 [restartedMain] INFO  o.a.coyote.http11.Http11NioProtocol - Initializing ProtocolHandler ["http-nio-8400"]
2022-11-23_09-15-58 [restartedMain] INFO  o.a.catalina.core.StandardService - Starting service [Tomcat]
2022-11-23_09-15-58 [restartedMain] INFO  o.a.catalina.core.StandardEngine - Starting Servlet engine: [Apache Tomcat/9.0.41]
2022-11-23_09-15-58 [restartedMain] INFO  o.a.c.c.C.[.[localhost].[/auth] - Initializing Spring embedded WebApplicationContext
2022-11-23_09-15-58 [restartedMain] INFO  o.s.b.w.s.c.ServletWebServerApplicationContext - Root WebApplicationContext: initialization completed in 4206 ms
2022-11-23_09-15-58 [restartedMain] INFO  com.zaxxer.hikari.HikariDataSource - HikariPool-2 - Starting...
2022-11-23_09-15-58 [restartedMain] INFO  com.zaxxer.hikari.HikariDataSource - HikariPool-2 - Start completed.
2022-11-23_09-15-58 [restartedMain] INFO  o.s.b.a.h.H2ConsoleAutoConfiguration - H2 console available at '/db'. Database available at 'jdbc:h2:mem:testdb'
2022-11-23_09-15-58 [restartedMain] INFO  o.h.jpa.internal.util.LogHelper - HHH000204: Processing PersistenceUnitInfo [name: default]
2022-11-23_09-15-58 [restartedMain] INFO  org.hibernate.dialect.Dialect - HHH000400: Using dialect: org.hibernate.dialect.H2Dialect
2022-11-23_09-15-58 [restartedMain] INFO  o.h.e.t.j.p.i.JtaPlatformInitiator - HHH000490: Using JtaPlatform implementation: [org.hibernate.engine.transaction.jta.platform.internal.NoJtaPlatform]
2022-11-23_09-15-58 [restartedMain] INFO  o.s.o.j.LocalContainerEntityManagerFactoryBean - Initialized JPA EntityManagerFactory for persistence unit 'default'
2022-11-23_09-15-58 [restartedMain] INFO  s.d.s.w.PropertySourcedRequestMappingHandlerMapping - Mapped URL path [/v2/api-docs] onto method [springfox.documentation.swagger2.web.Swagger2Controller#getDocumentation(String, HttpServletRequest)]
2022-11-23_09-15-58 [restartedMain] INFO  o.s.s.web.DefaultSecurityFilterChain - Will secure any request with [org.springframework.security.web.context.request.async.WebAsyncManagerIntegrationFilter@486818fa, org.springframework.security.web.context.SecurityContextPersistenceFilter@47c65a84, org.springframework.security.web.header.HeaderWriterFilter@16b52709, org.springframework.security.web.authentication.logout.LogoutFilter@7047465a, com.cts.authorization.config.JwtRequestFilter@72db0b8e, org.springframework.security.web.savedrequest.RequestCacheAwareFilter@1d626472, org.springframework.security.web.servletapi.SecurityContextHolderAwareRequestFilter@225095b8, org.springframework.security.web.authentication.AnonymousAuthenticationFilter@2e816bd2, org.springframework.security.web.session.SessionManagementFilter@1e97381a, org.springframework.security.web.access.ExceptionTranslationFilter@39bc7846, org.springframework.security.web.access.intercept.FilterSecurityInterceptor@58e90c27]
2022-11-23_09-15-58 [restartedMain] INFO  o.s.s.c.ThreadPoolTaskExecutor - Initializing ExecutorService 'applicationTaskExecutor'
2022-11-23_09-15-58 [restartedMain] INFO  o.a.coyote.http11.Http11NioProtocol - Starting ProtocolHandler ["http-nio-8400"]
2022-11-23_09-15-58 [restartedMain] INFO  o.s.b.w.e.tomcat.TomcatWebServer - Tomcat started on port(s): 8400 (http) with context path '/auth'
2022-11-23_09-15-58 [restartedMain] INFO  s.d.s.w.p.DocumentationPluginsBootstrapper - Context refreshed
2022-11-23_09-15-58 [restartedMain] INFO  s.d.s.w.p.DocumentationPluginsBootstrapper - Found 1 custom documentation plugin(s)
2022-11-23_09-15-58 [restartedMain] INFO  s.d.s.w.s.ApiListingReferenceScanner - Scanning for api listing references
2022-11-23_09-15-58 [restartedMain] INFO  c.c.a.AuthorizatiionMicroserviceApplication - Started AuthorizatiionMicroserviceApplication in 10.067 seconds (JVM running for 2007.33)
2022-11-23_09-15-58 [restartedMain] INFO  o.s.b.d.a.ConditionEvaluationDeltaLoggingListener - Condition evaluation unchanged
2022-11-23_09-15-58 [http-nio-8400-exec-1] INFO  o.a.c.c.C.[.[localhost].[/auth] - Initializing Spring DispatcherServlet 'dispatcherServlet'
2022-11-23_09-15-58 [http-nio-8400-exec-1] INFO  o.s.web.servlet.DispatcherServlet - Initializing Servlet 'dispatcherServlet'
2022-11-23_09-15-58 [http-nio-8400-exec-1] INFO  o.s.web.servlet.DispatcherServlet - Completed initialization in 2 ms
2022-11-23_09-15-58 [http-nio-8400-exec-4] INFO  c.c.a.service.JwtUserDetailsService - User found
2022-11-23_09-15-58 [http-nio-8400-exec-4] INFO  c.c.a.service.JwtUserDetailsService - user successfully located
2022-11-23_09-15-58 [http-nio-8400-exec-4] INFO  c.c.a.service.JwtUserDetailsService - User found
2022-11-23_09-15-58 [http-nio-8400-exec-4] INFO  c.c.a.service.JwtUserDetailsService - user successfully located
2022-11-23_09-15-58 [http-nio-8400-exec-5] INFO  c.c.a.service.JwtUserDetailsService - User found
2022-11-23_09-15-58 [http-nio-8400-exec-5] INFO  c.c.a.service.JwtUserDetailsService - user successfully located
2022-11-23_09-15-58 [http-nio-8400-exec-5] INFO  c.c.a.service.JwtUserDetailsService - User found
2022-11-23_09-15-58 [http-nio-8400-exec-5] INFO  c.c.a.service.JwtUserDetailsService - user successfully located
2022-11-23_09-15-58 [http-nio-8400-exec-9] INFO  c.c.a.service.JwtUserDetailsService - User found
2022-11-23_09-15-58 [http-nio-8400-exec-9] INFO  c.c.a.service.JwtUserDetailsService - user successfully located
2022-11-23_09-15-58 [http-nio-8400-exec-9] INFO  c.c.a.service.JwtUserDetailsService - User found
2022-11-23_09-15-58 [http-nio-8400-exec-9] INFO  c.c.a.service.JwtUserDetailsService - user successfully located
2022-11-23_09-15-58 [http-nio-8400-exec-2] INFO  c.c.a.service.JwtUserDetailsService - User found
2022-11-23_09-15-58 [http-nio-8400-exec-2] INFO  c.c.a.service.JwtUserDetailsService - user successfully located
2022-11-23_09-15-58 [http-nio-8400-exec-2] INFO  c.c.a.service.JwtUserDetailsService - User found
2022-11-23_09-15-58 [http-nio-8400-exec-2] INFO  c.c.a.service.JwtUserDetailsService - user successfully located
2022-11-23_09-15-58 [http-nio-8400-exec-10] INFO  c.c.a.service.JwtUserDetailsService - User found
2022-11-23_09-15-58 [http-nio-8400-exec-10] INFO  c.c.a.service.JwtUserDetailsService - user successfully located
2022-11-23_09-15-58 [http-nio-8400-exec-10] INFO  c.c.a.service.JwtUserDetailsService - User found
2022-11-23_09-15-58 [http-nio-8400-exec-10] INFO  c.c.a.service.JwtUserDetailsService - user successfully located
2022-11-23_09-15-58 [http-nio-8400-exec-7] INFO  c.c.a.service.JwtUserDetailsService - User found
2022-11-23_09-15-58 [http-nio-8400-exec-7] INFO  c.c.a.service.JwtUserDetailsService - user successfully located
2022-11-23_09-15-58 [http-nio-8400-exec-7] INFO  c.c.a.service.JwtUserDetailsService - User found
2022-11-23_09-15-58 [http-nio-8400-exec-7] INFO  c.c.a.service.JwtUserDetailsService - user successfully located
2022-11-23_09-15-58 [http-nio-8400-exec-6] INFO  c.c.a.service.JwtUserDetailsService - User found
2022-11-23_09-15-58 [http-nio-8400-exec-6] INFO  c.c.a.service.JwtUserDetailsService - user successfully located
2022-11-23_09-15-58 [http-nio-8400-exec-6] INFO  c.c.a.service.JwtUserDetailsService - User found
2022-11-23_09-15-58 [http-nio-8400-exec-6] INFO  c.c.a.service.JwtUserDetailsService - user successfully located
2022-11-23_09-15-58 [http-nio-8400-exec-4] INFO  c.c.a.service.JwtUserDetailsService - User found
2022-11-23_09-15-58 [http-nio-8400-exec-4] INFO  c.c.a.service.JwtUserDetailsService - user successfully located
2022-11-23_09-15-58 [http-nio-8400-exec-4] INFO  c.c.a.service.JwtUserDetailsService - User found
2022-11-23_09-15-58 [http-nio-8400-exec-4] INFO  c.c.a.service.JwtUserDetailsService - user successfully located
2022-11-23_09-15-58 [http-nio-8400-exec-8] INFO  c.c.a.service.JwtUserDetailsService - User found
2022-11-23_09-15-58 [http-nio-8400-exec-8] INFO  c.c.a.service.JwtUserDetailsService - user successfully located
2022-11-23_09-15-58 [http-nio-8400-exec-8] INFO  c.c.a.service.JwtUserDetailsService - User found
2022-11-23_09-15-58 [http-nio-8400-exec-8] INFO  c.c.a.service.JwtUserDetailsService - user successfully located
2022-11-23_09-15-58 [http-nio-8400-exec-9] INFO  c.c.a.service.JwtUserDetailsService - User found
2022-11-23_09-15-58 [http-nio-8400-exec-9] INFO  c.c.a.service.JwtUserDetailsService - user successfully located
2022-11-23_10-16-32 [background-preinit] INFO  o.h.validator.internal.util.Version - HV000001: Hibernate Validator 6.0.13.Final
2022-11-23_10-16-32 [restartedMain] INFO  c.c.a.AuthorizatiionMicroserviceApplication - Starting AuthorizatiionMicroserviceApplication using Java 17.0.4.1 on DESKTOP-E1ED4GH with PID 8396 (D:\International-Patients-Treatment-Management\Authorizatiion-Microservice-Skeleton\target\classes started by SANJAY KUMAR in D:\International-Patients-Treatment-Management\Authorizatiion-Microservice-Skeleton)
2022-11-23_10-16-32 [restartedMain] INFO  c.c.a.AuthorizatiionMicroserviceApplication - No active profile set, falling back to default profiles: default
2022-11-23_10-16-32 [restartedMain] INFO  o.s.b.d.e.DevToolsPropertyDefaultsPostProcessor - Devtools property defaults active! Set 'spring.devtools.add-properties' to 'false' to disable
2022-11-23_10-16-32 [restartedMain] INFO  o.s.b.d.e.DevToolsPropertyDefaultsPostProcessor - For additional web related logging consider setting the 'logging.level.web' property to 'DEBUG'
2022-11-23_10-16-32 [restartedMain] INFO  o.s.d.r.c.RepositoryConfigurationDelegate - Bootstrapping Spring Data JPA repositories in DEFAULT mode.
2022-11-23_10-16-32 [restartedMain] INFO  o.s.d.r.c.RepositoryConfigurationDelegate - Finished Spring Data repository scanning in 721 ms. Found 1 JPA repository interfaces.
2022-11-23_10-16-32 [restartedMain] INFO  o.s.cloud.context.scope.GenericScope - BeanFactory id=fb9b3317-987e-3653-8b85-c2ab67fa512e
2022-11-23_10-16-32 [restartedMain] INFO  o.s.b.w.e.tomcat.TomcatWebServer - Tomcat initialized with port(s): 8400 (http)
2022-11-23_10-16-32 [restartedMain] INFO  o.a.coyote.http11.Http11NioProtocol - Initializing ProtocolHandler ["http-nio-8400"]
2022-11-23_10-16-32 [restartedMain] INFO  o.a.catalina.core.StandardService - Starting service [Tomcat]
2022-11-23_10-16-32 [restartedMain] INFO  o.a.catalina.core.StandardEngine - Starting Servlet engine: [Apache Tomcat/9.0.41]
2022-11-23_10-16-32 [restartedMain] INFO  o.a.c.c.C.[.[localhost].[/auth] - Initializing Spring embedded WebApplicationContext
2022-11-23_10-16-32 [restartedMain] INFO  o.s.b.w.s.c.ServletWebServerApplicationContext - Root WebApplicationContext: initialization completed in 25403 ms
2022-11-23_10-16-32 [restartedMain] INFO  com.zaxxer.hikari.HikariDataSource - HikariPool-1 - Starting...
2022-11-23_10-16-32 [restartedMain] INFO  com.zaxxer.hikari.HikariDataSource - HikariPool-1 - Start completed.
2022-11-23_10-16-32 [restartedMain] INFO  o.s.b.a.h.H2ConsoleAutoConfiguration - H2 console available at '/db'. Database available at 'jdbc:h2:mem:testdb'
2022-11-23_10-16-32 [restartedMain] INFO  o.h.jpa.internal.util.LogHelper - HHH000204: Processing PersistenceUnitInfo [name: default]
2022-11-23_10-16-32 [restartedMain] INFO  org.hibernate.Version - HHH000412: Hibernate ORM core version 5.4.27.Final
2022-11-23_10-16-32 [restartedMain] INFO  o.h.annotations.common.Version - HCANN000001: Hibernate Commons Annotations {5.1.2.Final}
2022-11-23_10-16-32 [restartedMain] INFO  org.hibernate.dialect.Dialect - HHH000400: Using dialect: org.hibernate.dialect.H2Dialect
2022-11-23_10-16-32 [restartedMain] INFO  o.h.e.t.j.p.i.JtaPlatformInitiator - HHH000490: Using JtaPlatform implementation: [org.hibernate.engine.transaction.jta.platform.internal.NoJtaPlatform]
2022-11-23_10-16-32 [restartedMain] INFO  o.s.o.j.LocalContainerEntityManagerFactoryBean - Initialized JPA EntityManagerFactory for persistence unit 'default'
2022-11-23_10-16-32 [restartedMain] INFO  s.d.s.w.PropertySourcedRequestMappingHandlerMapping - Mapped URL path [/v2/api-docs] onto method [springfox.documentation.swagger2.web.Swagger2Controller#getDocumentation(String, HttpServletRequest)]
2022-11-23_10-16-32 [restartedMain] INFO  o.s.s.web.DefaultSecurityFilterChain - Will secure any request with [org.springframework.security.web.context.request.async.WebAsyncManagerIntegrationFilter@1008bb65, org.springframework.security.web.context.SecurityContextPersistenceFilter@3687ae7b, org.springframework.security.web.header.HeaderWriterFilter@7cc81e86, org.springframework.security.web.authentication.logout.LogoutFilter@61f81712, com.cts.authorization.config.JwtRequestFilter@606b5ac2, org.springframework.security.web.savedrequest.RequestCacheAwareFilter@723e6eb5, org.springframework.security.web.servletapi.SecurityContextHolderAwareRequestFilter@5c7d50f5, org.springframework.security.web.authentication.AnonymousAuthenticationFilter@71a0c579, org.springframework.security.web.session.SessionManagementFilter@6791b9fe, org.springframework.security.web.access.ExceptionTranslationFilter@2d829be1, org.springframework.security.web.access.intercept.FilterSecurityInterceptor@7a5c058b]
2022-11-23_10-16-32 [restartedMain] INFO  o.s.s.c.ThreadPoolTaskExecutor - Initializing ExecutorService 'applicationTaskExecutor'
2022-11-23_10-16-32 [restartedMain] INFO  o.a.coyote.http11.Http11NioProtocol - Starting ProtocolHandler ["http-nio-8400"]
2022-11-23_10-16-32 [restartedMain] INFO  o.s.b.w.e.tomcat.TomcatWebServer - Tomcat started on port(s): 8400 (http) with context path '/auth'
2022-11-23_10-16-32 [restartedMain] INFO  s.d.s.w.p.DocumentationPluginsBootstrapper - Context refreshed
2022-11-23_10-16-32 [restartedMain] INFO  s.d.s.w.p.DocumentationPluginsBootstrapper - Found 1 custom documentation plugin(s)
2022-11-23_10-16-32 [restartedMain] INFO  s.d.s.w.s.ApiListingReferenceScanner - Scanning for api listing references
2022-11-23_10-16-32 [restartedMain] INFO  c.c.a.AuthorizatiionMicroserviceApplication - Started AuthorizatiionMicroserviceApplication in 60.238 seconds (JVM running for 66.035)
2022-11-23_10-16-32 [http-nio-8400-exec-3] INFO  o.a.c.c.C.[.[localhost].[/auth] - Initializing Spring DispatcherServlet 'dispatcherServlet'
2022-11-23_10-16-32 [http-nio-8400-exec-3] INFO  o.s.web.servlet.DispatcherServlet - Initializing Servlet 'dispatcherServlet'
2022-11-23_10-16-32 [http-nio-8400-exec-3] INFO  o.s.web.servlet.DispatcherServlet - Completed initialization in 3 ms
2022-11-23_10-16-32 [http-nio-8400-exec-3] INFO  c.c.a.service.JwtUserDetailsService - User found
2022-11-23_10-16-32 [http-nio-8400-exec-3] INFO  c.c.a.service.JwtUserDetailsService - user successfully located
2022-11-23_10-16-32 [http-nio-8400-exec-3] INFO  c.c.a.service.JwtUserDetailsService - User found
2022-11-23_10-16-32 [http-nio-8400-exec-3] INFO  c.c.a.service.JwtUserDetailsService - user successfully located
2022-11-23_10-16-32 [http-nio-8400-exec-2] INFO  c.c.a.service.JwtUserDetailsService - User found
2022-11-23_10-16-32 [http-nio-8400-exec-2] INFO  c.c.a.service.JwtUserDetailsService - user successfully located
2022-11-23_10-16-32 [http-nio-8400-exec-5] INFO  c.c.a.service.JwtUserDetailsService - User found
2022-11-23_10-16-32 [http-nio-8400-exec-5] INFO  c.c.a.service.JwtUserDetailsService - user successfully located
2022-11-23_10-16-32 [http-nio-8400-exec-4] INFO  c.c.a.service.JwtUserDetailsService - User found
2022-11-23_10-16-32 [http-nio-8400-exec-4] INFO  c.c.a.service.JwtUserDetailsService - user successfully located
2022-11-23_10-16-32 [http-nio-8400-exec-7] INFO  c.c.a.service.JwtUserDetailsService - User found
2022-11-23_10-16-32 [http-nio-8400-exec-7] INFO  c.c.a.service.JwtUserDetailsService - user successfully located
2022-11-23_10-16-32 [http-nio-8400-exec-8] INFO  c.c.a.service.JwtUserDetailsService - User found
2022-11-23_10-16-32 [http-nio-8400-exec-8] INFO  c.c.a.service.JwtUserDetailsService - user successfully located
2022-11-23_10-16-32 [http-nio-8400-exec-8] INFO  c.c.a.service.JwtUserDetailsService - User found
2022-11-23_10-16-32 [http-nio-8400-exec-8] INFO  c.c.a.service.JwtUserDetailsService - user successfully located
2022-11-23_10-16-32 [http-nio-8400-exec-10] INFO  c.c.a.service.JwtUserDetailsService - User found
2022-11-23_10-16-32 [http-nio-8400-exec-10] INFO  c.c.a.service.JwtUserDetailsService - user successfully located
2022-11-23_10-16-32 [http-nio-8400-exec-9] INFO  c.c.a.service.JwtUserDetailsService - User found
2022-11-23_10-16-32 [http-nio-8400-exec-9] INFO  c.c.a.service.JwtUserDetailsService - user successfully located
2022-11-23_10-16-32 [http-nio-8400-exec-3] INFO  c.c.a.service.JwtUserDetailsService - User found
2022-11-23_10-16-32 [http-nio-8400-exec-3] INFO  c.c.a.service.JwtUserDetailsService - user successfully located
2022-11-23_10-16-32 [http-nio-8400-exec-5] INFO  c.c.a.service.JwtUserDetailsService - User found
2022-11-23_10-16-32 [http-nio-8400-exec-5] INFO  c.c.a.service.JwtUserDetailsService - user successfully located
2022-11-23_10-16-32 [http-nio-8400-exec-5] INFO  c.c.a.service.JwtUserDetailsService - User found
2022-11-23_10-16-32 [http-nio-8400-exec-5] INFO  c.c.a.service.JwtUserDetailsService - user successfully located
2022-11-23_10-16-32 [http-nio-8400-exec-4] INFO  c.c.a.service.JwtUserDetailsService - User found
2022-11-23_10-16-32 [http-nio-8400-exec-4] INFO  c.c.a.service.JwtUserDetailsService - user successfully located
2022-11-23_10-16-32 [http-nio-8400-exec-4] INFO  c.c.a.service.JwtUserDetailsService - User found
2022-11-23_10-16-32 [http-nio-8400-exec-4] INFO  c.c.a.service.JwtUserDetailsService - user successfully located
2022-11-23_10-16-32 [http-nio-8400-exec-6] INFO  c.c.a.service.JwtUserDetailsService - User found
2022-11-23_10-16-32 [http-nio-8400-exec-6] INFO  c.c.a.service.JwtUserDetailsService - user successfully located
2022-11-23_10-16-32 [http-nio-8400-exec-7] INFO  c.c.a.service.JwtUserDetailsService - User found
2022-11-23_10-16-32 [http-nio-8400-exec-7] INFO  c.c.a.service.JwtUserDetailsService - user successfully located
2022-11-23_10-16-32 [http-nio-8400-exec-7] INFO  c.c.a.service.JwtUserDetailsService - User found
2022-11-23_10-16-32 [http-nio-8400-exec-7] INFO  c.c.a.service.JwtUserDetailsService - user successfully located
2022-11-23_10-16-32 [http-nio-8400-exec-10] INFO  c.c.a.service.JwtUserDetailsService - User found
2022-11-23_10-16-32 [http-nio-8400-exec-10] INFO  c.c.a.service.JwtUserDetailsService - user successfully located
2022-11-23_10-16-32 [http-nio-8400-exec-2] INFO  c.c.a.service.JwtUserDetailsService - User found
2022-11-23_10-16-32 [http-nio-8400-exec-2] INFO  c.c.a.service.JwtUserDetailsService - user successfully located
2022-11-23_10-16-32 [http-nio-8400-exec-2] INFO  c.c.a.service.JwtUserDetailsService - User found
2022-11-23_10-16-32 [http-nio-8400-exec-2] INFO  c.c.a.service.JwtUserDetailsService - user successfully located
2022-11-23_10-16-32 [http-nio-8400-exec-5] INFO  c.c.a.service.JwtUserDetailsService - User found
2022-11-23_10-16-32 [http-nio-8400-exec-5] INFO  c.c.a.service.JwtUserDetailsService - user successfully located
2022-11-23_10-16-32 [http-nio-8400-exec-4] INFO  c.c.a.service.JwtUserDetailsService - User found
2022-11-23_10-16-32 [http-nio-8400-exec-4] INFO  c.c.a.service.JwtUserDetailsService - user successfully located
2022-11-23_10-16-32 [http-nio-8400-exec-6] INFO  c.c.a.service.JwtUserDetailsService - User found
2022-11-23_10-16-32 [http-nio-8400-exec-6] INFO  c.c.a.service.JwtUserDetailsService - user successfully located
2022-11-23_10-16-32 [http-nio-8400-exec-1] INFO  c.c.a.service.JwtUserDetailsService - User found
2022-11-23_10-16-32 [http-nio-8400-exec-1] INFO  c.c.a.service.JwtUserDetailsService - user successfully located
2022-11-23_10-16-32 [http-nio-8400-exec-1] INFO  c.c.a.service.JwtUserDetailsService - User found
2022-11-23_10-16-32 [http-nio-8400-exec-1] INFO  c.c.a.service.JwtUserDetailsService - user successfully located
2022-11-23_10-16-32 [http-nio-8400-exec-7] INFO  c.c.a.service.JwtUserDetailsService - User found
2022-11-23_10-16-32 [http-nio-8400-exec-7] INFO  c.c.a.service.JwtUserDetailsService - user successfully located
2022-11-23_10-16-32 [http-nio-8400-exec-8] INFO  c.c.a.service.JwtUserDetailsService - User found
2022-11-23_10-16-32 [http-nio-8400-exec-8] INFO  c.c.a.service.JwtUserDetailsService - user successfully located
2022-11-23_10-16-32 [http-nio-8400-exec-10] INFO  c.c.a.service.JwtUserDetailsService - User found
2022-11-23_10-16-32 [http-nio-8400-exec-10] INFO  c.c.a.service.JwtUserDetailsService - user successfully located
2022-11-23_10-16-32 [http-nio-8400-exec-9] INFO  c.c.a.service.JwtUserDetailsService - User found
2022-11-23_10-16-32 [http-nio-8400-exec-9] INFO  c.c.a.service.JwtUserDetailsService - user successfully located
2022-11-23_10-16-32 [http-nio-8400-exec-3] INFO  c.c.a.service.JwtUserDetailsService - User found
2022-11-23_10-16-32 [http-nio-8400-exec-3] INFO  c.c.a.service.JwtUserDetailsService - user successfully located
2022-11-23_10-16-32 [http-nio-8400-exec-2] INFO  c.c.a.service.JwtUserDetailsService - User found
2022-11-23_10-16-32 [http-nio-8400-exec-2] INFO  c.c.a.service.JwtUserDetailsService - user successfully located
2022-11-23_10-16-32 [http-nio-8400-exec-5] INFO  c.c.a.service.JwtUserDetailsService - User found
2022-11-23_10-16-32 [http-nio-8400-exec-5] INFO  c.c.a.service.JwtUserDetailsService - user successfully located
2022-11-23_10-16-32 [http-nio-8400-exec-10] INFO  c.c.a.service.JwtUserDetailsService - User found
2022-11-23_10-16-32 [http-nio-8400-exec-10] INFO  c.c.a.service.JwtUserDetailsService - user successfully located
2022-11-23_10-16-32 [http-nio-8400-exec-10] INFO  c.c.a.service.JwtUserDetailsService - User found
2022-11-23_10-16-32 [http-nio-8400-exec-10] INFO  c.c.a.service.JwtUserDetailsService - user successfully located
2022-11-23_10-16-32 [http-nio-8400-exec-9] INFO  c.c.a.service.JwtUserDetailsService - User found
2022-11-23_10-16-32 [http-nio-8400-exec-9] INFO  c.c.a.service.JwtUserDetailsService - user successfully located
2022-11-23_10-16-32 [http-nio-8400-exec-3] INFO  c.c.a.service.JwtUserDetailsService - User found
2022-11-23_10-16-32 [http-nio-8400-exec-3] INFO  c.c.a.service.JwtUserDetailsService - user successfully located
2022-11-23_10-16-32 [http-nio-8400-exec-2] INFO  c.c.a.service.JwtUserDetailsService - User found
2022-11-23_10-16-32 [http-nio-8400-exec-2] INFO  c.c.a.service.JwtUserDetailsService - user successfully located
2022-11-23_10-16-32 [http-nio-8400-exec-4] INFO  c.c.a.service.JwtUserDetailsService - User found
2022-11-23_10-16-32 [http-nio-8400-exec-4] INFO  c.c.a.service.JwtUserDetailsService - user successfully located
2022-11-23_10-16-32 [http-nio-8400-exec-4] INFO  c.c.a.service.JwtUserDetailsService - User found
2022-11-23_10-16-32 [http-nio-8400-exec-4] INFO  c.c.a.service.JwtUserDetailsService - user successfully located
2022-11-23_10-16-32 [http-nio-8400-exec-6] INFO  c.c.a.service.JwtUserDetailsService - User found
2022-11-23_10-16-32 [http-nio-8400-exec-6] INFO  c.c.a.service.JwtUserDetailsService - user successfully located
2022-11-23_10-16-32 [http-nio-8400-exec-10] INFO  c.c.a.service.JwtUserDetailsService - User found
2022-11-23_10-16-32 [http-nio-8400-exec-10] INFO  c.c.a.service.JwtUserDetailsService - user successfully located
2022-11-23_10-16-32 [http-nio-8400-exec-10] INFO  c.c.a.service.JwtUserDetailsService - User found
2022-11-23_10-16-32 [http-nio-8400-exec-10] INFO  c.c.a.service.JwtUserDetailsService - user successfully located
2022-11-23_10-16-32 [http-nio-8400-exec-9] INFO  c.c.a.service.JwtUserDetailsService - User found
2022-11-23_10-16-32 [http-nio-8400-exec-9] INFO  c.c.a.service.JwtUserDetailsService - user successfully located
2022-11-23_10-16-32 [http-nio-8400-exec-3] INFO  c.c.a.service.JwtUserDetailsService - User found
2022-11-23_10-16-32 [http-nio-8400-exec-3] INFO  c.c.a.service.JwtUserDetailsService - user successfully located
2022-11-23_10-16-32 [http-nio-8400-exec-2] INFO  c.c.a.service.JwtUserDetailsService - User found
2022-11-23_10-16-32 [http-nio-8400-exec-2] INFO  c.c.a.service.JwtUserDetailsService - user successfully located
2022-11-23_10-16-32 [http-nio-8400-exec-5] INFO  c.c.a.service.JwtUserDetailsService - User found
2022-11-23_10-16-32 [http-nio-8400-exec-5] INFO  c.c.a.service.JwtUserDetailsService - user successfully located
2022-11-23_10-16-32 [http-nio-8400-exec-4] INFO  c.c.a.service.JwtUserDetailsService - User found
2022-11-23_10-16-32 [http-nio-8400-exec-4] INFO  c.c.a.service.JwtUserDetailsService - user successfully located
2022-11-23_10-16-32 [http-nio-8400-exec-6] INFO  c.c.a.service.JwtUserDetailsService - User found
2022-11-23_10-16-32 [http-nio-8400-exec-6] INFO  c.c.a.service.JwtUserDetailsService - user successfully located
2022-11-23_10-16-32 [http-nio-8400-exec-7] INFO  c.c.a.service.JwtUserDetailsService - User found
2022-11-23_10-16-32 [http-nio-8400-exec-7] INFO  c.c.a.service.JwtUserDetailsService - user successfully located
2022-11-23_10-16-32 [http-nio-8400-exec-7] INFO  c.c.a.service.JwtUserDetailsService - User found
2022-11-23_10-16-32 [http-nio-8400-exec-7] INFO  c.c.a.service.JwtUserDetailsService - user successfully located
2022-11-23_10-16-32 [http-nio-8400-exec-10] INFO  c.c.a.service.JwtUserDetailsService - User found
2022-11-23_10-16-32 [http-nio-8400-exec-10] INFO  c.c.a.service.JwtUserDetailsService - user successfully located
2022-11-23_10-16-32 [http-nio-8400-exec-2] INFO  c.c.a.service.JwtUserDetailsService - User found
2022-11-23_10-16-32 [http-nio-8400-exec-2] INFO  c.c.a.service.JwtUserDetailsService - user successfully located
2022-11-23_10-16-32 [http-nio-8400-exec-2] INFO  c.c.a.service.JwtUserDetailsService - User found
2022-11-23_10-16-32 [http-nio-8400-exec-2] INFO  c.c.a.service.JwtUserDetailsService - user successfully located
2022-11-23_10-16-32 [http-nio-8400-exec-5] INFO  c.c.a.service.JwtUserDetailsService - User found
2022-11-23_10-16-32 [http-nio-8400-exec-5] INFO  c.c.a.service.JwtUserDetailsService - user successfully located
2022-11-23_10-16-32 [http-nio-8400-exec-4] INFO  c.c.a.service.JwtUserDetailsService - User found
2022-11-23_10-16-32 [http-nio-8400-exec-4] INFO  c.c.a.service.JwtUserDetailsService - user successfully located
2022-11-23_10-16-32 [http-nio-8400-exec-6] INFO  c.c.a.service.JwtUserDetailsService - User found
2022-11-23_10-16-32 [http-nio-8400-exec-6] INFO  c.c.a.service.JwtUserDetailsService - user successfully located
2022-11-23_10-16-32 [http-nio-8400-exec-10] INFO  c.c.a.service.JwtUserDetailsService - User found
2022-11-23_10-16-32 [http-nio-8400-exec-10] INFO  c.c.a.service.JwtUserDetailsService - user successfully located
2022-11-23_10-16-32 [http-nio-8400-exec-9] INFO  c.c.a.service.JwtUserDetailsService - User found
2022-11-23_10-16-32 [http-nio-8400-exec-9] INFO  c.c.a.service.JwtUserDetailsService - user successfully located
2022-11-23_11-33-36 [background-preinit] INFO  o.h.validator.internal.util.Version - HV000001: Hibernate Validator 6.0.13.Final
2022-11-23_11-33-36 [restartedMain] INFO  c.c.a.AuthorizatiionMicroserviceApplication - Starting AuthorizatiionMicroserviceApplication using Java 17.0.4.1 on DESKTOP-E1ED4GH with PID 8392 (D:\International-Patients-Treatment-Management\Authorizatiion-Microservice-Skeleton\target\classes started by SANJAY KUMAR in D:\International-Patients-Treatment-Management\Authorizatiion-Microservice-Skeleton)
2022-11-23_11-33-36 [restartedMain] INFO  c.c.a.AuthorizatiionMicroserviceApplication - No active profile set, falling back to default profiles: default
2022-11-23_11-33-36 [restartedMain] INFO  o.s.b.d.e.DevToolsPropertyDefaultsPostProcessor - Devtools property defaults active! Set 'spring.devtools.add-properties' to 'false' to disable
2022-11-23_11-33-36 [restartedMain] INFO  o.s.b.d.e.DevToolsPropertyDefaultsPostProcessor - For additional web related logging consider setting the 'logging.level.web' property to 'DEBUG'
2022-11-23_11-33-36 [restartedMain] INFO  o.s.d.r.c.RepositoryConfigurationDelegate - Bootstrapping Spring Data JPA repositories in DEFAULT mode.
2022-11-23_11-33-36 [restartedMain] INFO  o.s.d.r.c.RepositoryConfigurationDelegate - Finished Spring Data repository scanning in 491 ms. Found 1 JPA repository interfaces.
2022-11-23_11-33-36 [restartedMain] INFO  o.s.cloud.context.scope.GenericScope - BeanFactory id=fb9b3317-987e-3653-8b85-c2ab67fa512e
2022-11-23_11-33-36 [restartedMain] INFO  o.s.b.w.e.tomcat.TomcatWebServer - Tomcat initialized with port(s): 8400 (http)
2022-11-23_11-33-36 [restartedMain] INFO  o.a.coyote.http11.Http11NioProtocol - Initializing ProtocolHandler ["http-nio-8400"]
2022-11-23_11-33-36 [restartedMain] INFO  o.a.catalina.core.StandardService - Starting service [Tomcat]
2022-11-23_11-33-36 [restartedMain] INFO  o.a.catalina.core.StandardEngine - Starting Servlet engine: [Apache Tomcat/9.0.41]
2022-11-23_11-33-36 [restartedMain] INFO  o.a.c.c.C.[.[localhost].[/auth] - Initializing Spring embedded WebApplicationContext
2022-11-23_11-33-36 [restartedMain] INFO  o.s.b.w.s.c.ServletWebServerApplicationContext - Root WebApplicationContext: initialization completed in 23991 ms
2022-11-23_11-33-36 [restartedMain] INFO  com.zaxxer.hikari.HikariDataSource - HikariPool-1 - Starting...
2022-11-23_11-33-36 [restartedMain] INFO  com.zaxxer.hikari.HikariDataSource - HikariPool-1 - Start completed.
2022-11-23_11-33-36 [restartedMain] INFO  o.s.b.a.h.H2ConsoleAutoConfiguration - H2 console available at '/db'. Database available at 'jdbc:h2:mem:testdb'
2022-11-23_11-33-36 [restartedMain] INFO  o.h.jpa.internal.util.LogHelper - HHH000204: Processing PersistenceUnitInfo [name: default]
2022-11-23_11-33-36 [restartedMain] INFO  org.hibernate.Version - HHH000412: Hibernate ORM core version 5.4.27.Final
2022-11-23_11-33-36 [restartedMain] INFO  o.h.annotations.common.Version - HCANN000001: Hibernate Commons Annotations {5.1.2.Final}
2022-11-23_11-33-36 [restartedMain] INFO  org.hibernate.dialect.Dialect - HHH000400: Using dialect: org.hibernate.dialect.H2Dialect
2022-11-23_11-33-36 [restartedMain] INFO  o.h.e.t.j.p.i.JtaPlatformInitiator - HHH000490: Using JtaPlatform implementation: [org.hibernate.engine.transaction.jta.platform.internal.NoJtaPlatform]
2022-11-23_11-33-36 [restartedMain] INFO  o.s.o.j.LocalContainerEntityManagerFactoryBean - Initialized JPA EntityManagerFactory for persistence unit 'default'
2022-11-23_11-33-36 [restartedMain] INFO  s.d.s.w.PropertySourcedRequestMappingHandlerMapping - Mapped URL path [/v2/api-docs] onto method [springfox.documentation.swagger2.web.Swagger2Controller#getDocumentation(String, HttpServletRequest)]
2022-11-23_11-33-36 [restartedMain] INFO  o.s.s.web.DefaultSecurityFilterChain - Will secure any request with [org.springframework.security.web.context.request.async.WebAsyncManagerIntegrationFilter@4417846a, org.springframework.security.web.context.SecurityContextPersistenceFilter@4ac403ea, org.springframework.security.web.header.HeaderWriterFilter@9fe4c91, org.springframework.security.web.authentication.logout.LogoutFilter@5d0e6366, com.cts.authorization.config.JwtRequestFilter@56f7047c, org.springframework.security.web.savedrequest.RequestCacheAwareFilter@f9cfaf3, org.springframework.security.web.servletapi.SecurityContextHolderAwareRequestFilter@7044d397, org.springframework.security.web.authentication.AnonymousAuthenticationFilter@1ae72177, org.springframework.security.web.session.SessionManagementFilter@25df7776, org.springframework.security.web.access.ExceptionTranslationFilter@524992d, org.springframework.security.web.access.intercept.FilterSecurityInterceptor@1c54bdd9]
2022-11-23_11-33-36 [restartedMain] INFO  o.s.s.c.ThreadPoolTaskExecutor - Initializing ExecutorService 'applicationTaskExecutor'
2022-11-23_11-33-36 [restartedMain] INFO  o.a.coyote.http11.Http11NioProtocol - Starting ProtocolHandler ["http-nio-8400"]
2022-11-23_11-33-36 [restartedMain] INFO  o.s.b.w.e.tomcat.TomcatWebServer - Tomcat started on port(s): 8400 (http) with context path '/auth'
2022-11-23_11-33-36 [restartedMain] INFO  s.d.s.w.p.DocumentationPluginsBootstrapper - Context refreshed
2022-11-23_11-33-36 [restartedMain] INFO  s.d.s.w.p.DocumentationPluginsBootstrapper - Found 1 custom documentation plugin(s)
2022-11-23_11-33-36 [restartedMain] INFO  s.d.s.w.s.ApiListingReferenceScanner - Scanning for api listing references
2022-11-23_11-33-36 [restartedMain] INFO  c.c.a.AuthorizatiionMicroserviceApplication - Started AuthorizatiionMicroserviceApplication in 57.886 seconds (JVM running for 66.165)
2022-11-23_11-33-36 [http-nio-8400-exec-1] INFO  o.a.c.c.C.[.[localhost].[/auth] - Initializing Spring DispatcherServlet 'dispatcherServlet'
2022-11-23_11-33-36 [http-nio-8400-exec-1] INFO  o.s.web.servlet.DispatcherServlet - Initializing Servlet 'dispatcherServlet'
2022-11-23_11-33-36 [http-nio-8400-exec-1] INFO  o.s.web.servlet.DispatcherServlet - Completed initialization in 2 ms
2022-11-23_11-33-36 [http-nio-8400-exec-1] INFO  c.c.a.service.JwtUserDetailsService - User found
2022-11-23_11-33-36 [http-nio-8400-exec-1] INFO  c.c.a.service.JwtUserDetailsService - user successfully located
2022-11-23_11-33-36 [http-nio-8400-exec-1] INFO  c.c.a.service.JwtUserDetailsService - User found
2022-11-23_11-33-36 [http-nio-8400-exec-1] INFO  c.c.a.service.JwtUserDetailsService - user successfully located
2022-11-23_11-33-36 [http-nio-8400-exec-2] INFO  c.c.a.service.JwtUserDetailsService - User found
2022-11-23_11-33-36 [http-nio-8400-exec-2] INFO  c.c.a.service.JwtUserDetailsService - user successfully located
2022-11-23_11-33-36 [http-nio-8400-exec-2] INFO  c.c.a.service.JwtUserDetailsService - User found
2022-11-23_11-33-36 [http-nio-8400-exec-2] INFO  c.c.a.service.JwtUserDetailsService - user successfully located
2022-11-23_11-33-36 [http-nio-8400-exec-3] INFO  c.c.a.service.JwtUserDetailsService - User found
2022-11-23_11-33-36 [http-nio-8400-exec-3] INFO  c.c.a.service.JwtUserDetailsService - user successfully located
2022-11-23_11-33-36 [http-nio-8400-exec-4] INFO  c.c.a.service.JwtUserDetailsService - User found
2022-11-23_11-33-36 [http-nio-8400-exec-4] INFO  c.c.a.service.JwtUserDetailsService - user successfully located
2022-11-23_11-33-36 [http-nio-8400-exec-5] INFO  c.c.a.service.JwtUserDetailsService - User found
2022-11-23_11-33-36 [http-nio-8400-exec-5] INFO  c.c.a.service.JwtUserDetailsService - user successfully located
2022-11-23_11-33-36 [http-nio-8400-exec-6] INFO  c.c.a.service.JwtUserDetailsService - User found
2022-11-23_11-33-36 [http-nio-8400-exec-6] INFO  c.c.a.service.JwtUserDetailsService - user successfully located
2022-11-23_11-33-36 [http-nio-8400-exec-7] INFO  c.c.a.service.JwtUserDetailsService - User found
2022-11-23_11-33-36 [http-nio-8400-exec-7] INFO  c.c.a.service.JwtUserDetailsService - user successfully located
2022-11-23_11-33-36 [http-nio-8400-exec-8] INFO  c.c.a.service.JwtUserDetailsService - User found
2022-11-23_11-33-36 [http-nio-8400-exec-8] INFO  c.c.a.service.JwtUserDetailsService - user successfully located
2022-11-23_11-33-36 [http-nio-8400-exec-9] INFO  c.c.a.service.JwtUserDetailsService - User found
2022-11-23_11-33-36 [http-nio-8400-exec-9] INFO  c.c.a.service.JwtUserDetailsService - user successfully located
2022-11-23_11-33-36 [http-nio-8400-exec-10] INFO  c.c.a.service.JwtUserDetailsService - User found
2022-11-23_11-33-36 [http-nio-8400-exec-10] INFO  c.c.a.service.JwtUserDetailsService - user successfully located
2022-11-23_11-33-36 [http-nio-8400-exec-1] INFO  c.c.a.service.JwtUserDetailsService - User found
2022-11-23_11-33-36 [http-nio-8400-exec-1] INFO  c.c.a.service.JwtUserDetailsService - user successfully located
