2022-12-15_17-45-48 [restartedMain] INFO  c.c.a.AuthorizatiionMicroserviceApplication - Starting AuthorizatiionMicroserviceApplication using Java 17.0.4.1 on DESKTOP-E1ED4GH with PID 1512 (D:\International-Patients-Treatment-Management\Authorizatiion-Microservice-Skeleton\target\classes started by SANJAY KUMAR in D:\International-Patients-Treatment-Management\Authorizatiion-Microservice-Skeleton)
2022-12-15_17-45-48 [restartedMain] INFO  c.c.a.AuthorizatiionMicroserviceApplication - No active profile set, falling back to default profiles: default
2022-12-15_17-45-48 [restartedMain] INFO  o.s.b.d.e.DevToolsPropertyDefaultsPostProcessor - Devtools property defaults active! Set 'spring.devtools.add-properties' to 'false' to disable
2022-12-15_17-45-48 [restartedMain] INFO  o.s.b.d.e.DevToolsPropertyDefaultsPostProcessor - For additional web related logging consider setting the 'logging.level.web' property to 'DEBUG'
2022-12-15_17-45-48 [background-preinit] INFO  o.h.validator.internal.util.Version - HV000001: Hibernate Validator 6.0.13.Final
2022-12-15_17-45-48 [restartedMain] INFO  o.s.d.r.c.RepositoryConfigurationDelegate - Bootstrapping Spring Data JPA repositories in DEFAULT mode.
2022-12-15_17-45-48 [restartedMain] INFO  o.s.d.r.c.RepositoryConfigurationDelegate - Finished Spring Data repository scanning in 278 ms. Found 1 JPA repository interfaces.
2022-12-15_17-45-48 [restartedMain] INFO  o.s.cloud.context.scope.GenericScope - BeanFactory id=fb9b3317-987e-3653-8b85-c2ab67fa512e
2022-12-15_17-45-48 [restartedMain] INFO  o.s.b.w.e.tomcat.TomcatWebServer - Tomcat initialized with port(s): 8400 (http)
2022-12-15_17-45-48 [restartedMain] INFO  o.a.coyote.http11.Http11NioProtocol - Initializing ProtocolHandler ["http-nio-8400"]
2022-12-15_17-45-48 [restartedMain] INFO  o.a.catalina.core.StandardService - Starting service [Tomcat]
2022-12-15_17-45-48 [restartedMain] INFO  o.a.catalina.core.StandardEngine - Starting Servlet engine: [Apache Tomcat/9.0.41]
2022-12-15_17-45-48 [restartedMain] INFO  o.a.c.c.C.[.[localhost].[/auth] - Initializing Spring embedded WebApplicationContext
2022-12-15_17-45-48 [restartedMain] INFO  o.s.b.w.s.c.ServletWebServerApplicationContext - Root WebApplicationContext: initialization completed in 13475 ms
2022-12-15_17-45-48 [restartedMain] INFO  com.zaxxer.hikari.HikariDataSource - HikariPool-1 - Starting...
2022-12-15_17-45-48 [restartedMain] INFO  com.zaxxer.hikari.HikariDataSource - HikariPool-1 - Start completed.
2022-12-15_17-45-48 [restartedMain] INFO  o.s.b.a.h.H2ConsoleAutoConfiguration - H2 console available at '/db'. Database available at 'jdbc:h2:mem:testdb'
2022-12-15_17-45-48 [restartedMain] INFO  o.h.jpa.internal.util.LogHelper - HHH000204: Processing PersistenceUnitInfo [name: default]
2022-12-15_17-45-48 [restartedMain] INFO  org.hibernate.Version - HHH000412: Hibernate ORM core version 5.4.27.Final
2022-12-15_17-45-48 [restartedMain] INFO  o.h.annotations.common.Version - HCANN000001: Hibernate Commons Annotations {5.1.2.Final}
2022-12-15_17-45-48 [restartedMain] INFO  org.hibernate.dialect.Dialect - HHH000400: Using dialect: org.hibernate.dialect.H2Dialect
2022-12-15_17-45-48 [restartedMain] INFO  o.h.e.t.j.p.i.JtaPlatformInitiator - HHH000490: Using JtaPlatform implementation: [org.hibernate.engine.transaction.jta.platform.internal.NoJtaPlatform]
2022-12-15_17-45-48 [restartedMain] INFO  o.s.o.j.LocalContainerEntityManagerFactoryBean - Initialized JPA EntityManagerFactory for persistence unit 'default'
2022-12-15_17-45-48 [restartedMain] INFO  s.d.s.w.PropertySourcedRequestMappingHandlerMapping - Mapped URL path [/v2/api-docs] onto method [springfox.documentation.swagger2.web.Swagger2Controller#getDocumentation(String, HttpServletRequest)]
2022-12-15_17-45-48 [restartedMain] INFO  o.s.s.web.DefaultSecurityFilterChain - Will secure any request with [org.springframework.security.web.context.request.async.WebAsyncManagerIntegrationFilter@257dc434, org.springframework.security.web.context.SecurityContextPersistenceFilter@4d2b3616, org.springframework.security.web.header.HeaderWriterFilter@60039301, org.springframework.security.web.authentication.logout.LogoutFilter@64b74abd, com.cts.authorization.config.JwtRequestFilter@5a9959f1, org.springframework.security.web.savedrequest.RequestCacheAwareFilter@3250ec5d, org.springframework.security.web.servletapi.SecurityContextHolderAwareRequestFilter@50447b94, org.springframework.security.web.authentication.AnonymousAuthenticationFilter@522fc8e7, org.springframework.security.web.session.SessionManagementFilter@332ca750, org.springframework.security.web.access.ExceptionTranslationFilter@f97b709, org.springframework.security.web.access.intercept.FilterSecurityInterceptor@530696b0]
2022-12-15_17-45-48 [restartedMain] INFO  o.s.s.c.ThreadPoolTaskExecutor - Initializing ExecutorService 'applicationTaskExecutor'
2022-12-15_17-45-48 [restartedMain] INFO  o.a.coyote.http11.Http11NioProtocol - Starting ProtocolHandler ["http-nio-8400"]
2022-12-15_17-45-48 [restartedMain] INFO  o.s.b.w.e.tomcat.TomcatWebServer - Tomcat started on port(s): 8400 (http) with context path '/auth'
2022-12-15_17-45-48 [restartedMain] INFO  s.d.s.w.p.DocumentationPluginsBootstrapper - Context refreshed
2022-12-15_17-45-48 [restartedMain] INFO  s.d.s.w.p.DocumentationPluginsBootstrapper - Found 1 custom documentation plugin(s)
2022-12-15_17-45-48 [restartedMain] INFO  s.d.s.w.s.ApiListingReferenceScanner - Scanning for api listing references
2022-12-15_17-45-48 [restartedMain] INFO  c.c.a.AuthorizatiionMicroserviceApplication - Started AuthorizatiionMicroserviceApplication in 32.939 seconds (JVM running for 39.81)
2022-12-15_17-45-48 [http-nio-8400-exec-1] INFO  o.a.c.c.C.[.[localhost].[/auth] - Initializing Spring DispatcherServlet 'dispatcherServlet'
2022-12-15_17-45-48 [http-nio-8400-exec-1] INFO  o.s.web.servlet.DispatcherServlet - Initializing Servlet 'dispatcherServlet'
2022-12-15_17-45-48 [http-nio-8400-exec-1] INFO  o.s.web.servlet.DispatcherServlet - Completed initialization in 0 ms
2022-12-15_17-45-48 [http-nio-8400-exec-2] INFO  c.c.a.service.JwtUserDetailsService - User found
2022-12-15_17-45-48 [http-nio-8400-exec-2] INFO  c.c.a.service.JwtUserDetailsService - user successfully located
2022-12-15_17-45-48 [http-nio-8400-exec-2] INFO  c.c.a.service.JwtUserDetailsService - User found
2022-12-15_17-45-48 [http-nio-8400-exec-2] INFO  c.c.a.service.JwtUserDetailsService - user successfully located
2022-12-15_17-45-48 [http-nio-8400-exec-5] INFO  c.c.a.service.JwtUserDetailsService - User found
2022-12-15_17-45-48 [http-nio-8400-exec-5] INFO  c.c.a.service.JwtUserDetailsService - user successfully located
2022-12-15_17-45-48 [http-nio-8400-exec-6] INFO  c.c.a.service.JwtUserDetailsService - User found
2022-12-15_17-45-48 [http-nio-8400-exec-6] INFO  c.c.a.service.JwtUserDetailsService - user successfully located
2022-12-15_17-45-48 [http-nio-8400-exec-9] INFO  c.c.a.service.JwtUserDetailsService - User found
2022-12-15_17-45-48 [http-nio-8400-exec-9] INFO  c.c.a.service.JwtUserDetailsService - user successfully located
2022-12-15_17-45-48 [http-nio-8400-exec-3] INFO  c.c.a.service.JwtUserDetailsService - User found
2022-12-15_17-45-48 [http-nio-8400-exec-3] INFO  c.c.a.service.JwtUserDetailsService - user successfully located
2022-12-15_17-45-48 [http-nio-8400-exec-7] INFO  c.c.a.service.JwtUserDetailsService - User found
2022-12-15_17-45-48 [http-nio-8400-exec-7] INFO  c.c.a.service.JwtUserDetailsService - user successfully located
2022-12-15_17-45-48 [http-nio-8400-exec-8] INFO  c.c.a.service.JwtUserDetailsService - User found
2022-12-15_17-45-48 [http-nio-8400-exec-8] INFO  c.c.a.service.JwtUserDetailsService - user successfully located
2022-12-15_17-45-48 [http-nio-8400-exec-1] INFO  c.c.a.service.JwtUserDetailsService - User found
2022-12-15_17-45-48 [http-nio-8400-exec-1] INFO  c.c.a.service.JwtUserDetailsService - user successfully located
2022-12-15_17-45-48 [http-nio-8400-exec-2] INFO  c.c.a.service.JwtUserDetailsService - User found
2022-12-15_17-45-48 [http-nio-8400-exec-2] INFO  c.c.a.service.JwtUserDetailsService - user successfully located
2022-12-15_17-45-48 [http-nio-8400-exec-5] INFO  c.c.a.service.JwtUserDetailsService - User found
2022-12-15_17-45-48 [http-nio-8400-exec-5] INFO  c.c.a.service.JwtUserDetailsService - user successfully located
2022-12-15_17-45-48 [http-nio-8400-exec-10] INFO  c.c.a.service.JwtUserDetailsService - User found
2022-12-15_17-45-48 [http-nio-8400-exec-10] INFO  c.c.a.service.JwtUserDetailsService - user successfully located
2022-12-15_17-45-48 [http-nio-8400-exec-4] INFO  c.c.a.service.JwtUserDetailsService - User found
2022-12-15_17-45-48 [http-nio-8400-exec-4] INFO  c.c.a.service.JwtUserDetailsService - user successfully located
2022-12-15_17-45-48 [http-nio-8400-exec-4] INFO  c.c.a.service.JwtUserDetailsService - User found
2022-12-15_17-45-48 [http-nio-8400-exec-4] INFO  c.c.a.service.JwtUserDetailsService - user successfully located
2022-12-15_17-45-48 [http-nio-8400-exec-3] INFO  c.c.a.service.JwtUserDetailsService - User found
2022-12-15_17-45-48 [http-nio-8400-exec-3] INFO  c.c.a.service.JwtUserDetailsService - user successfully located
2022-12-15_17-45-48 [http-nio-8400-exec-7] INFO  c.c.a.service.JwtUserDetailsService - User found
2022-12-15_17-45-48 [http-nio-8400-exec-7] INFO  c.c.a.service.JwtUserDetailsService - user successfully located
2022-12-15_17-45-48 [http-nio-8400-exec-8] INFO  c.c.a.service.JwtUserDetailsService - User found
2022-12-15_17-45-48 [http-nio-8400-exec-8] INFO  c.c.a.service.JwtUserDetailsService - user successfully located
2022-12-15_17-45-48 [http-nio-8400-exec-1] INFO  c.c.a.service.JwtUserDetailsService - User found
2022-12-15_17-45-48 [http-nio-8400-exec-1] INFO  c.c.a.service.JwtUserDetailsService - user successfully located
2022-12-15_17-45-48 [http-nio-8400-exec-2] INFO  c.c.a.service.JwtUserDetailsService - User found
2022-12-15_17-45-48 [http-nio-8400-exec-2] INFO  c.c.a.service.JwtUserDetailsService - user successfully located
2022-12-15_17-45-48 [http-nio-8400-exec-5] INFO  c.c.a.service.JwtUserDetailsService - User found
2022-12-15_17-45-48 [http-nio-8400-exec-5] INFO  c.c.a.service.JwtUserDetailsService - user successfully located
2022-12-15_17-45-48 [http-nio-8400-exec-9] INFO  c.c.a.service.JwtUserDetailsService - User found
2022-12-15_17-45-48 [http-nio-8400-exec-9] INFO  c.c.a.service.JwtUserDetailsService - user successfully located
2022-12-15_17-45-48 [http-nio-8400-exec-10] INFO  c.c.a.service.JwtUserDetailsService - User found
2022-12-15_17-45-48 [http-nio-8400-exec-10] INFO  c.c.a.service.JwtUserDetailsService - user successfully located
2022-12-15_17-45-48 [http-nio-8400-exec-4] INFO  c.c.a.service.JwtUserDetailsService - User found
2022-12-15_17-45-48 [http-nio-8400-exec-4] INFO  c.c.a.service.JwtUserDetailsService - user successfully located
2022-12-15_17-45-48 [http-nio-8400-exec-3] INFO  c.c.a.service.JwtUserDetailsService - User found
2022-12-15_17-45-48 [http-nio-8400-exec-3] INFO  c.c.a.service.JwtUserDetailsService - user successfully located
2022-12-15_17-45-48 [http-nio-8400-exec-7] INFO  c.c.a.service.JwtUserDetailsService - User found
2022-12-15_17-45-48 [http-nio-8400-exec-7] INFO  c.c.a.service.JwtUserDetailsService - user successfully located
2022-12-15_17-45-48 [http-nio-8400-exec-8] INFO  c.c.a.service.JwtUserDetailsService - User found
2022-12-15_17-45-48 [http-nio-8400-exec-8] INFO  c.c.a.service.JwtUserDetailsService - user successfully located
2022-12-15_17-45-48 [http-nio-8400-exec-1] INFO  c.c.a.service.JwtUserDetailsService - User found
2022-12-15_17-45-48 [http-nio-8400-exec-1] INFO  c.c.a.service.JwtUserDetailsService - user successfully located
2022-12-15_17-45-48 [http-nio-8400-exec-5] INFO  c.c.a.service.JwtUserDetailsService - User found
2022-12-15_17-45-48 [http-nio-8400-exec-5] INFO  c.c.a.service.JwtUserDetailsService - user successfully located
2022-12-15_17-45-48 [http-nio-8400-exec-6] INFO  c.c.a.service.JwtUserDetailsService - User found
2022-12-15_17-45-48 [http-nio-8400-exec-6] INFO  c.c.a.service.JwtUserDetailsService - user successfully located
2022-12-15_17-45-48 [http-nio-8400-exec-10] INFO  c.c.a.service.JwtUserDetailsService - User found
2022-12-15_17-45-48 [http-nio-8400-exec-10] INFO  c.c.a.service.JwtUserDetailsService - user successfully located
2022-12-15_17-45-48 [http-nio-8400-exec-3] INFO  c.c.a.service.JwtUserDetailsService - User found
2022-12-15_17-45-48 [http-nio-8400-exec-3] INFO  c.c.a.service.JwtUserDetailsService - user successfully located
2022-12-15_17-45-48 [http-nio-8400-exec-7] INFO  c.c.a.service.JwtUserDetailsService - User found
2022-12-15_17-45-48 [http-nio-8400-exec-7] INFO  c.c.a.service.JwtUserDetailsService - user successfully located
2022-12-15_17-45-48 [http-nio-8400-exec-8] INFO  c.c.a.service.JwtUserDetailsService - User found
2022-12-15_17-45-48 [http-nio-8400-exec-8] INFO  c.c.a.service.JwtUserDetailsService - user successfully located
2022-12-15_17-45-48 [http-nio-8400-exec-1] INFO  c.c.a.service.JwtUserDetailsService - User found
2022-12-15_17-45-48 [http-nio-8400-exec-1] INFO  c.c.a.service.JwtUserDetailsService - user successfully located
2022-12-15_17-45-48 [http-nio-8400-exec-2] INFO  c.c.a.service.JwtUserDetailsService - User found
2022-12-15_17-45-48 [http-nio-8400-exec-2] INFO  c.c.a.service.JwtUserDetailsService - user successfully located
2022-12-15_17-45-48 [http-nio-8400-exec-5] INFO  c.c.a.service.JwtUserDetailsService - User found
2022-12-15_17-45-48 [http-nio-8400-exec-5] INFO  c.c.a.service.JwtUserDetailsService - user successfully located
2022-12-15_17-45-48 [http-nio-8400-exec-6] INFO  c.c.a.service.JwtUserDetailsService - User found
2022-12-15_17-45-48 [http-nio-8400-exec-6] INFO  c.c.a.service.JwtUserDetailsService - user successfully located
2022-12-15_17-45-48 [http-nio-8400-exec-9] INFO  c.c.a.service.JwtUserDetailsService - User found
2022-12-15_17-45-48 [http-nio-8400-exec-9] INFO  c.c.a.service.JwtUserDetailsService - user successfully located
2022-12-15_17-45-48 [http-nio-8400-exec-10] INFO  c.c.a.service.JwtUserDetailsService - User found
2022-12-15_17-45-48 [http-nio-8400-exec-10] INFO  c.c.a.service.JwtUserDetailsService - user successfully located
