2022-11-21_20-53-37 [http-nio-8400-exec-9] INFO  c.c.a.service.JwtUserDetailsService - User found
2022-11-21_20-53-37 [http-nio-8400-exec-9] INFO  c.c.a.service.JwtUserDetailsService - user successfully located
2022-11-21_20-53-37 [http-nio-8400-exec-10] INFO  c.c.a.service.JwtUserDetailsService - User found
2022-11-21_20-53-37 [http-nio-8400-exec-10] INFO  c.c.a.service.JwtUserDetailsService - user successfully located
2022-11-21_20-53-37 [http-nio-8400-exec-1] INFO  c.c.a.service.JwtUserDetailsService - User found
2022-11-21_20-53-37 [http-nio-8400-exec-1] INFO  c.c.a.service.JwtUserDetailsService - user successfully located
2022-11-21_20-53-37 [http-nio-8400-exec-2] INFO  c.c.a.service.JwtUserDetailsService - User found
2022-11-21_20-53-37 [http-nio-8400-exec-2] INFO  c.c.a.service.JwtUserDetailsService - user successfully located
2022-11-21_20-53-37 [http-nio-8400-exec-3] INFO  c.c.a.service.JwtUserDetailsService - User found
2022-11-21_20-53-37 [http-nio-8400-exec-3] INFO  c.c.a.service.JwtUserDetailsService - user successfully located
2022-11-21_20-53-37 [http-nio-8400-exec-4] INFO  c.c.a.service.JwtUserDetailsService - User found
2022-11-21_20-53-37 [http-nio-8400-exec-4] INFO  c.c.a.service.JwtUserDetailsService - user successfully located
2022-11-21_20-53-37 [http-nio-8400-exec-5] INFO  c.c.a.service.JwtUserDetailsService - User found
2022-11-21_20-53-37 [http-nio-8400-exec-5] INFO  c.c.a.service.JwtUserDetailsService - user successfully located
2022-11-21_20-53-37 [http-nio-8400-exec-6] INFO  c.c.a.service.JwtUserDetailsService - User found
2022-11-21_20-53-37 [http-nio-8400-exec-6] INFO  c.c.a.service.JwtUserDetailsService - user successfully located
2022-11-21_20-53-37 [http-nio-8400-exec-6] INFO  c.c.a.service.JwtUserDetailsService - User found
2022-11-21_20-53-37 [http-nio-8400-exec-6] INFO  c.c.a.service.JwtUserDetailsService - user successfully located
2022-11-21_20-53-37 [http-nio-8400-exec-7] INFO  c.c.a.service.JwtUserDetailsService - User found
2022-11-21_20-53-37 [http-nio-8400-exec-7] INFO  c.c.a.service.JwtUserDetailsService - user successfully located
2022-11-21_20-53-37 [http-nio-8400-exec-10] INFO  c.c.a.service.JwtUserDetailsService - User found
2022-11-21_20-53-37 [http-nio-8400-exec-10] INFO  c.c.a.service.JwtUserDetailsService - user successfully located
2022-11-21_20-53-37 [http-nio-8400-exec-10] INFO  c.c.a.service.JwtUserDetailsService - User found
2022-11-21_20-53-37 [http-nio-8400-exec-10] INFO  c.c.a.service.JwtUserDetailsService - user successfully located
2022-11-22_14-52-11 [restartedMain] INFO  c.c.a.AuthorizatiionMicroserviceApplication - Starting AuthorizatiionMicroserviceApplication using Java 17.0.4.1 on DESKTOP-E1ED4GH with PID 9428 (D:\International-Patients-Treatment-Management\Authorizatiion-Microservice-Skeleton\target\classes started by SANJAY KUMAR in D:\International-Patients-Treatment-Management\Authorizatiion-Microservice-Skeleton)
2022-11-22_14-52-11 [background-preinit] INFO  o.h.validator.internal.util.Version - HV000001: Hibernate Validator 6.0.13.Final
2022-11-22_14-52-11 [restartedMain] INFO  c.c.a.AuthorizatiionMicroserviceApplication - No active profile set, falling back to default profiles: default
2022-11-22_14-52-11 [restartedMain] INFO  o.s.b.d.e.DevToolsPropertyDefaultsPostProcessor - Devtools property defaults active! Set 'spring.devtools.add-properties' to 'false' to disable
2022-11-22_14-52-11 [restartedMain] INFO  o.s.b.d.e.DevToolsPropertyDefaultsPostProcessor - For additional web related logging consider setting the 'logging.level.web' property to 'DEBUG'
2022-11-22_14-52-11 [restartedMain] INFO  o.s.d.r.c.RepositoryConfigurationDelegate - Bootstrapping Spring Data JPA repositories in DEFAULT mode.
2022-11-22_14-52-11 [restartedMain] INFO  o.s.d.r.c.RepositoryConfigurationDelegate - Finished Spring Data repository scanning in 136 ms. Found 1 JPA repository interfaces.
2022-11-22_14-52-11 [restartedMain] INFO  o.s.cloud.context.scope.GenericScope - BeanFactory id=fb9b3317-987e-3653-8b85-c2ab67fa512e
2022-11-22_14-52-11 [restartedMain] INFO  o.s.b.w.e.tomcat.TomcatWebServer - Tomcat initialized with port(s): 8400 (http)
2022-11-22_14-52-11 [restartedMain] INFO  o.a.coyote.http11.Http11NioProtocol - Initializing ProtocolHandler ["http-nio-8400"]
2022-11-22_14-52-11 [restartedMain] INFO  o.a.catalina.core.StandardService - Starting service [Tomcat]
2022-11-22_14-52-11 [restartedMain] INFO  o.a.catalina.core.StandardEngine - Starting Servlet engine: [Apache Tomcat/9.0.41]
2022-11-22_14-52-11 [restartedMain] INFO  o.a.c.c.C.[.[localhost].[/auth] - Initializing Spring embedded WebApplicationContext
2022-11-22_14-52-11 [restartedMain] INFO  o.s.b.w.s.c.ServletWebServerApplicationContext - Root WebApplicationContext: initialization completed in 5311 ms
2022-11-22_14-52-11 [restartedMain] INFO  com.zaxxer.hikari.HikariDataSource - HikariPool-1 - Starting...
2022-11-22_14-52-11 [restartedMain] INFO  com.zaxxer.hikari.HikariDataSource - HikariPool-1 - Start completed.
2022-11-22_14-52-11 [restartedMain] INFO  o.s.b.a.h.H2ConsoleAutoConfiguration - H2 console available at '/db'. Database available at 'jdbc:h2:mem:testdb'
2022-11-22_14-52-11 [restartedMain] INFO  o.h.jpa.internal.util.LogHelper - HHH000204: Processing PersistenceUnitInfo [name: default]
2022-11-22_14-52-11 [restartedMain] INFO  org.hibernate.Version - HHH000412: Hibernate ORM core version 5.4.27.Final
2022-11-22_14-52-11 [restartedMain] INFO  o.h.annotations.common.Version - HCANN000001: Hibernate Commons Annotations {5.1.2.Final}
2022-11-22_14-52-11 [restartedMain] INFO  org.hibernate.dialect.Dialect - HHH000400: Using dialect: org.hibernate.dialect.H2Dialect
2022-11-22_14-52-11 [restartedMain] INFO  o.h.e.t.j.p.i.JtaPlatformInitiator - HHH000490: Using JtaPlatform implementation: [org.hibernate.engine.transaction.jta.platform.internal.NoJtaPlatform]
2022-11-22_14-52-11 [restartedMain] INFO  o.s.o.j.LocalContainerEntityManagerFactoryBean - Initialized JPA EntityManagerFactory for persistence unit 'default'
2022-11-22_14-52-11 [restartedMain] INFO  s.d.s.w.PropertySourcedRequestMappingHandlerMapping - Mapped URL path [/v2/api-docs] onto method [springfox.documentation.swagger2.web.Swagger2Controller#getDocumentation(String, HttpServletRequest)]
2022-11-22_14-52-11 [restartedMain] INFO  o.s.s.web.DefaultSecurityFilterChain - Will secure any request with [org.springframework.security.web.context.request.async.WebAsyncManagerIntegrationFilter@7c66f1d5, org.springframework.security.web.context.SecurityContextPersistenceFilter@5f53c5cd, org.springframework.security.web.header.HeaderWriterFilter@1d6da311, org.springframework.security.web.authentication.logout.LogoutFilter@3945d071, com.cts.authorization.config.JwtRequestFilter@3b101526, org.springframework.security.web.savedrequest.RequestCacheAwareFilter@41e19617, org.springframework.security.web.servletapi.SecurityContextHolderAwareRequestFilter@18f802a0, org.springframework.security.web.authentication.AnonymousAuthenticationFilter@3945b9c9, org.springframework.security.web.session.SessionManagementFilter@2a153d36, org.springframework.security.web.access.ExceptionTranslationFilter@4313b686, org.springframework.security.web.access.intercept.FilterSecurityInterceptor@fa27eae]
2022-11-22_14-52-11 [restartedMain] INFO  o.s.s.c.ThreadPoolTaskExecutor - Initializing ExecutorService 'applicationTaskExecutor'
2022-11-22_14-52-11 [restartedMain] INFO  o.a.coyote.http11.Http11NioProtocol - Starting ProtocolHandler ["http-nio-8400"]
2022-11-22_14-52-11 [restartedMain] INFO  o.s.b.w.e.tomcat.TomcatWebServer - Tomcat started on port(s): 8400 (http) with context path '/auth'
2022-11-22_14-52-11 [restartedMain] INFO  s.d.s.w.p.DocumentationPluginsBootstrapper - Context refreshed
2022-11-22_14-52-11 [restartedMain] INFO  s.d.s.w.p.DocumentationPluginsBootstrapper - Found 1 custom documentation plugin(s)
2022-11-22_14-52-11 [restartedMain] INFO  s.d.s.w.s.ApiListingReferenceScanner - Scanning for api listing references
2022-11-22_14-52-11 [restartedMain] INFO  c.c.a.AuthorizatiionMicroserviceApplication - Started AuthorizatiionMicroserviceApplication in 12.835 seconds (JVM running for 13.779)
2022-11-22_14-52-11 [http-nio-8400-exec-8] INFO  o.a.c.c.C.[.[localhost].[/auth] - Initializing Spring DispatcherServlet 'dispatcherServlet'
2022-11-22_14-52-11 [http-nio-8400-exec-8] INFO  o.s.web.servlet.DispatcherServlet - Initializing Servlet 'dispatcherServlet'
2022-11-22_14-52-11 [http-nio-8400-exec-8] INFO  o.s.web.servlet.DispatcherServlet - Completed initialization in 12 ms
2022-11-22_14-52-11 [http-nio-8400-exec-9] INFO  c.c.a.service.JwtUserDetailsService - User found
2022-11-22_14-52-11 [http-nio-8400-exec-9] INFO  c.c.a.service.JwtUserDetailsService - user successfully located
2022-11-22_14-52-11 [http-nio-8400-exec-9] INFO  c.c.a.service.JwtUserDetailsService - User found
2022-11-22_14-52-11 [http-nio-8400-exec-9] INFO  c.c.a.service.JwtUserDetailsService - user successfully located
2022-11-22_14-52-11 [http-nio-8400-exec-1] INFO  c.c.a.service.JwtUserDetailsService - User found
2022-11-22_14-52-11 [http-nio-8400-exec-1] INFO  c.c.a.service.JwtUserDetailsService - user successfully located
2022-11-22_14-52-11 [http-nio-8400-exec-1] INFO  c.c.a.service.JwtUserDetailsService - User found
2022-11-22_14-52-11 [http-nio-8400-exec-1] INFO  c.c.a.service.JwtUserDetailsService - user successfully located
2022-11-22_14-52-11 [http-nio-8400-exec-3] INFO  c.c.a.service.JwtUserDetailsService - User found
2022-11-22_14-52-11 [http-nio-8400-exec-3] INFO  c.c.a.service.JwtUserDetailsService - user successfully located
2022-11-22_14-52-11 [http-nio-8400-exec-3] INFO  c.c.a.service.JwtUserDetailsService - User found
2022-11-22_14-52-11 [http-nio-8400-exec-3] INFO  c.c.a.service.JwtUserDetailsService - user successfully located
2022-11-22_14-52-11 [http-nio-8400-exec-5] INFO  c.c.a.service.JwtUserDetailsService - User found
2022-11-22_14-52-11 [http-nio-8400-exec-5] INFO  c.c.a.service.JwtUserDetailsService - user successfully located
2022-11-22_14-52-11 [http-nio-8400-exec-5] INFO  c.c.a.service.JwtUserDetailsService - User found
2022-11-22_14-52-11 [http-nio-8400-exec-5] INFO  c.c.a.service.JwtUserDetailsService - user successfully located
2022-11-22_14-52-11 [http-nio-8400-exec-6] INFO  c.c.a.service.JwtUserDetailsService - User found
2022-11-22_14-52-11 [http-nio-8400-exec-6] INFO  c.c.a.service.JwtUserDetailsService - user successfully located
2022-11-22_14-52-11 [http-nio-8400-exec-9] INFO  c.c.a.service.JwtUserDetailsService - User found
2022-11-22_14-52-11 [http-nio-8400-exec-9] INFO  c.c.a.service.JwtUserDetailsService - user successfully located
2022-11-22_14-52-11 [http-nio-8400-exec-1] INFO  c.c.a.service.JwtUserDetailsService - User found
2022-11-22_14-52-11 [http-nio-8400-exec-1] INFO  c.c.a.service.JwtUserDetailsService - user successfully located
2022-11-22_14-52-11 [http-nio-8400-exec-1] INFO  c.c.a.service.JwtUserDetailsService - User found
2022-11-22_14-52-11 [http-nio-8400-exec-1] INFO  c.c.a.service.JwtUserDetailsService - user successfully located
2022-11-22_14-52-11 [http-nio-8400-exec-2] INFO  c.c.a.service.JwtUserDetailsService - User found
2022-11-22_14-52-11 [http-nio-8400-exec-2] INFO  c.c.a.service.JwtUserDetailsService - user successfully located
2022-11-22_14-52-11 [http-nio-8400-exec-2] INFO  c.c.a.service.JwtUserDetailsService - User found
2022-11-22_14-52-11 [http-nio-8400-exec-2] INFO  c.c.a.service.JwtUserDetailsService - user successfully located
2022-11-22_14-52-11 [http-nio-8400-exec-3] INFO  c.c.a.service.JwtUserDetailsService - User found
2022-11-22_14-52-11 [http-nio-8400-exec-3] INFO  c.c.a.service.JwtUserDetailsService - user successfully located
2022-11-22_14-52-11 [http-nio-8400-exec-4] INFO  c.c.a.service.JwtUserDetailsService - User found
2022-11-22_14-52-11 [http-nio-8400-exec-4] INFO  c.c.a.service.JwtUserDetailsService - user successfully located
2022-11-22_14-52-11 [http-nio-8400-exec-5] INFO  c.c.a.service.JwtUserDetailsService - User found
2022-11-22_14-52-11 [http-nio-8400-exec-5] INFO  c.c.a.service.JwtUserDetailsService - user successfully located
2022-11-22_14-52-11 [http-nio-8400-exec-9] INFO  c.c.a.service.JwtUserDetailsService - User found
2022-11-22_14-52-11 [http-nio-8400-exec-9] INFO  c.c.a.service.JwtUserDetailsService - user successfully located
2022-11-22_14-52-11 [http-nio-8400-exec-10] INFO  c.c.a.service.JwtUserDetailsService - User found
2022-11-22_14-52-11 [http-nio-8400-exec-10] INFO  c.c.a.service.JwtUserDetailsService - user successfully located
2022-11-22_14-52-11 [http-nio-8400-exec-10] INFO  c.c.a.service.JwtUserDetailsService - User found
2022-11-22_14-52-11 [http-nio-8400-exec-10] INFO  c.c.a.service.JwtUserDetailsService - user successfully located
2022-11-22_14-52-11 [http-nio-8400-exec-1] INFO  c.c.a.service.JwtUserDetailsService - User found
2022-11-22_14-52-11 [http-nio-8400-exec-1] INFO  c.c.a.service.JwtUserDetailsService - user successfully located
2022-11-22_14-52-11 [http-nio-8400-exec-2] INFO  c.c.a.service.JwtUserDetailsService - User found
2022-11-22_14-52-11 [http-nio-8400-exec-2] INFO  c.c.a.service.JwtUserDetailsService - user successfully located
2022-11-22_14-52-11 [http-nio-8400-exec-2] INFO  c.c.a.service.JwtUserDetailsService - User found
2022-11-22_14-52-11 [http-nio-8400-exec-2] INFO  c.c.a.service.JwtUserDetailsService - user successfully located
2022-11-22_14-52-11 [http-nio-8400-exec-4] INFO  c.c.a.service.JwtUserDetailsService - User found
2022-11-22_14-52-11 [http-nio-8400-exec-4] INFO  c.c.a.service.JwtUserDetailsService - user successfully located
2022-11-22_14-52-11 [http-nio-8400-exec-4] INFO  c.c.a.service.JwtUserDetailsService - User found
2022-11-22_14-52-11 [http-nio-8400-exec-4] INFO  c.c.a.service.JwtUserDetailsService - user successfully located
2022-11-22_14-52-11 [http-nio-8400-exec-5] INFO  c.c.a.service.JwtUserDetailsService - User found
2022-11-22_14-52-11 [http-nio-8400-exec-5] INFO  c.c.a.service.JwtUserDetailsService - user successfully located
2022-11-22_14-52-11 [http-nio-8400-exec-6] INFO  c.c.a.service.JwtUserDetailsService - User found
2022-11-22_14-52-11 [http-nio-8400-exec-6] INFO  c.c.a.service.JwtUserDetailsService - user successfully located
2022-11-22_14-52-11 [http-nio-8400-exec-7] INFO  c.c.a.service.JwtUserDetailsService - User found
2022-11-22_14-52-11 [http-nio-8400-exec-7] INFO  c.c.a.service.JwtUserDetailsService - user successfully located
2022-11-22_14-52-11 [http-nio-8400-exec-7] INFO  c.c.a.service.JwtUserDetailsService - User found
2022-11-22_14-52-11 [http-nio-8400-exec-7] INFO  c.c.a.service.JwtUserDetailsService - user successfully located
2022-11-22_14-52-11 [http-nio-8400-exec-8] INFO  c.c.a.service.JwtUserDetailsService - User found
2022-11-22_14-52-11 [http-nio-8400-exec-8] INFO  c.c.a.service.JwtUserDetailsService - user successfully located
2022-11-22_14-52-11 [http-nio-8400-exec-9] INFO  c.c.a.service.JwtUserDetailsService - User found
2022-11-22_14-52-11 [http-nio-8400-exec-9] INFO  c.c.a.service.JwtUserDetailsService - user successfully located
2022-11-22_14-52-11 [http-nio-8400-exec-2] INFO  c.c.a.service.JwtUserDetailsService - User found
2022-11-22_14-52-11 [http-nio-8400-exec-2] INFO  c.c.a.service.JwtUserDetailsService - user successfully located
2022-11-22_14-52-11 [http-nio-8400-exec-2] INFO  c.c.a.service.JwtUserDetailsService - User found
2022-11-22_14-52-11 [http-nio-8400-exec-2] INFO  c.c.a.service.JwtUserDetailsService - user successfully located
2022-11-22_14-52-11 [http-nio-8400-exec-3] INFO  c.c.a.service.JwtUserDetailsService - User found
2022-11-22_14-52-11 [http-nio-8400-exec-3] INFO  c.c.a.service.JwtUserDetailsService - user successfully located
2022-11-22_14-52-11 [http-nio-8400-exec-4] INFO  c.c.a.service.JwtUserDetailsService - User found
2022-11-22_14-52-11 [http-nio-8400-exec-4] INFO  c.c.a.service.JwtUserDetailsService - user successfully located
2022-11-22_14-52-11 [http-nio-8400-exec-5] INFO  c.c.a.service.JwtUserDetailsService - User found
2022-11-22_14-52-11 [http-nio-8400-exec-5] INFO  c.c.a.service.JwtUserDetailsService - user successfully located
2022-11-22_18-20-39 [background-preinit] INFO  o.h.validator.internal.util.Version - HV000001: Hibernate Validator 6.0.13.Final
2022-11-22_18-20-39 [restartedMain] INFO  c.c.a.AuthorizatiionMicroserviceApplication - Starting AuthorizatiionMicroserviceApplication using Java 17.0.4.1 on DESKTOP-E1ED4GH with PID 13880 (D:\International-Patients-Treatment-Management\Authorizatiion-Microservice-Skeleton\target\classes started by SANJAY KUMAR in D:\International-Patients-Treatment-Management\Authorizatiion-Microservice-Skeleton)
2022-11-22_18-20-39 [restartedMain] INFO  c.c.a.AuthorizatiionMicroserviceApplication - No active profile set, falling back to default profiles: default
2022-11-22_18-20-39 [restartedMain] INFO  o.s.b.d.e.DevToolsPropertyDefaultsPostProcessor - Devtools property defaults active! Set 'spring.devtools.add-properties' to 'false' to disable
2022-11-22_18-20-39 [restartedMain] INFO  o.s.b.d.e.DevToolsPropertyDefaultsPostProcessor - For additional web related logging consider setting the 'logging.level.web' property to 'DEBUG'
2022-11-22_18-20-39 [restartedMain] INFO  o.s.d.r.c.RepositoryConfigurationDelegate - Bootstrapping Spring Data JPA repositories in DEFAULT mode.
2022-11-22_18-20-39 [restartedMain] INFO  o.s.d.r.c.RepositoryConfigurationDelegate - Finished Spring Data repository scanning in 519 ms. Found 1 JPA repository interfaces.
2022-11-22_18-20-39 [restartedMain] INFO  o.s.cloud.context.scope.GenericScope - BeanFactory id=fb9b3317-987e-3653-8b85-c2ab67fa512e
2022-11-22_18-20-39 [restartedMain] INFO  o.s.b.w.e.tomcat.TomcatWebServer - Tomcat initialized with port(s): 8400 (http)
2022-11-22_18-20-39 [restartedMain] INFO  o.a.coyote.http11.Http11NioProtocol - Initializing ProtocolHandler ["http-nio-8400"]
2022-11-22_18-20-39 [restartedMain] INFO  o.a.catalina.core.StandardService - Starting service [Tomcat]
2022-11-22_18-20-39 [restartedMain] INFO  o.a.catalina.core.StandardEngine - Starting Servlet engine: [Apache Tomcat/9.0.41]
2022-11-22_18-20-39 [restartedMain] INFO  o.a.c.c.C.[.[localhost].[/auth] - Initializing Spring embedded WebApplicationContext
2022-11-22_18-20-39 [restartedMain] INFO  o.s.b.w.s.c.ServletWebServerApplicationContext - Root WebApplicationContext: initialization completed in 13889 ms
2022-11-22_18-20-39 [restartedMain] INFO  com.zaxxer.hikari.HikariDataSource - HikariPool-1 - Starting...
2022-11-22_18-20-39 [restartedMain] INFO  com.zaxxer.hikari.HikariDataSource - HikariPool-1 - Start completed.
2022-11-22_18-20-39 [restartedMain] INFO  o.s.b.a.h.H2ConsoleAutoConfiguration - H2 console available at '/db'. Database available at 'jdbc:h2:mem:testdb'
2022-11-22_18-20-39 [restartedMain] INFO  o.h.jpa.internal.util.LogHelper - HHH000204: Processing PersistenceUnitInfo [name: default]
2022-11-22_18-20-39 [restartedMain] INFO  org.hibernate.Version - HHH000412: Hibernate ORM core version 5.4.27.Final
2022-11-22_18-20-39 [restartedMain] INFO  o.h.annotations.common.Version - HCANN000001: Hibernate Commons Annotations {5.1.2.Final}
2022-11-22_18-20-39 [restartedMain] INFO  org.hibernate.dialect.Dialect - HHH000400: Using dialect: org.hibernate.dialect.H2Dialect
2022-11-22_18-20-39 [restartedMain] INFO  o.h.e.t.j.p.i.JtaPlatformInitiator - HHH000490: Using JtaPlatform implementation: [org.hibernate.engine.transaction.jta.platform.internal.NoJtaPlatform]
2022-11-22_18-20-39 [restartedMain] INFO  o.s.o.j.LocalContainerEntityManagerFactoryBean - Initialized JPA EntityManagerFactory for persistence unit 'default'
2022-11-22_18-20-39 [restartedMain] INFO  s.d.s.w.PropertySourcedRequestMappingHandlerMapping - Mapped URL path [/v2/api-docs] onto method [springfox.documentation.swagger2.web.Swagger2Controller#getDocumentation(String, HttpServletRequest)]
2022-11-22_18-20-39 [restartedMain] INFO  o.s.s.web.DefaultSecurityFilterChain - Will secure any request with [org.springframework.security.web.context.request.async.WebAsyncManagerIntegrationFilter@f1a48e3, org.springframework.security.web.context.SecurityContextPersistenceFilter@f9cfaf3, org.springframework.security.web.header.HeaderWriterFilter@4c6ddaaf, org.springframework.security.web.authentication.logout.LogoutFilter@37068961, com.cts.authorization.config.JwtRequestFilter@26814d2a, org.springframework.security.web.savedrequest.RequestCacheAwareFilter@6c3cbc1d, org.springframework.security.web.servletapi.SecurityContextHolderAwareRequestFilter@557e0c67, org.springframework.security.web.authentication.AnonymousAuthenticationFilter@66eb8d5f, org.springframework.security.web.session.SessionManagementFilter@4ac403ea, org.springframework.security.web.access.ExceptionTranslationFilter@9fe4c91, org.springframework.security.web.access.intercept.FilterSecurityInterceptor@1b92ba8a]
2022-11-22_18-20-39 [restartedMain] INFO  o.s.s.c.ThreadPoolTaskExecutor - Initializing ExecutorService 'applicationTaskExecutor'
2022-11-22_18-20-39 [restartedMain] INFO  o.a.coyote.http11.Http11NioProtocol - Starting ProtocolHandler ["http-nio-8400"]
2022-11-22_18-20-39 [restartedMain] INFO  o.s.b.w.e.tomcat.TomcatWebServer - Tomcat started on port(s): 8400 (http) with context path '/auth'
2022-11-22_18-20-39 [restartedMain] INFO  s.d.s.w.p.DocumentationPluginsBootstrapper - Context refreshed
2022-11-22_18-20-39 [restartedMain] INFO  s.d.s.w.p.DocumentationPluginsBootstrapper - Found 1 custom documentation plugin(s)
2022-11-22_18-20-39 [restartedMain] INFO  s.d.s.w.s.ApiListingReferenceScanner - Scanning for api listing references
2022-11-22_18-20-39 [restartedMain] INFO  c.c.a.AuthorizatiionMicroserviceApplication - Started AuthorizatiionMicroserviceApplication in 42.532 seconds (JVM running for 45.167)
2022-11-22_18-20-39 [http-nio-8400-exec-1] INFO  o.a.c.c.C.[.[localhost].[/auth] - Initializing Spring DispatcherServlet 'dispatcherServlet'
2022-11-22_18-20-39 [http-nio-8400-exec-1] INFO  o.s.web.servlet.DispatcherServlet - Initializing Servlet 'dispatcherServlet'
2022-11-22_18-20-39 [http-nio-8400-exec-1] INFO  o.s.web.servlet.DispatcherServlet - Completed initialization in 4 ms
2022-11-22_18-20-39 [http-nio-8400-exec-2] INFO  c.c.a.service.JwtUserDetailsService - User found
2022-11-22_18-20-39 [http-nio-8400-exec-2] INFO  c.c.a.service.JwtUserDetailsService - user successfully located
2022-11-22_18-20-39 [http-nio-8400-exec-2] INFO  c.c.a.service.JwtUserDetailsService - User found
2022-11-22_18-20-39 [http-nio-8400-exec-2] INFO  c.c.a.service.JwtUserDetailsService - user successfully located
2022-11-22_18-20-39 [http-nio-8400-exec-5] INFO  c.c.a.service.JwtUserDetailsService - User found
2022-11-22_18-20-39 [http-nio-8400-exec-5] INFO  c.c.a.service.JwtUserDetailsService - user successfully located
2022-11-22_18-20-39 [http-nio-8400-exec-6] INFO  c.c.a.service.JwtUserDetailsService - User found
2022-11-22_18-20-39 [http-nio-8400-exec-6] INFO  c.c.a.service.JwtUserDetailsService - user successfully located
2022-11-22_18-20-39 [http-nio-8400-exec-4] INFO  c.c.a.service.JwtUserDetailsService - User found
2022-11-22_18-20-39 [http-nio-8400-exec-4] INFO  c.c.a.service.JwtUserDetailsService - user successfully located
2022-11-22_18-20-39 [http-nio-8400-exec-4] INFO  c.c.a.service.JwtUserDetailsService - User found
2022-11-22_18-20-39 [http-nio-8400-exec-4] INFO  c.c.a.service.JwtUserDetailsService - user successfully located
2022-11-22_18-20-39 [http-nio-8400-exec-8] INFO  c.c.a.service.JwtUserDetailsService - User found
2022-11-22_18-20-39 [http-nio-8400-exec-8] INFO  c.c.a.service.JwtUserDetailsService - user successfully located
2022-11-22_18-20-39 [http-nio-8400-exec-8] INFO  c.c.a.service.JwtUserDetailsService - User found
2022-11-22_18-20-39 [http-nio-8400-exec-8] INFO  c.c.a.service.JwtUserDetailsService - user successfully located
2022-11-22_18-20-39 [http-nio-8400-exec-1] INFO  c.c.a.service.JwtUserDetailsService - User found
2022-11-22_18-20-39 [http-nio-8400-exec-1] INFO  c.c.a.service.JwtUserDetailsService - user successfully located
2022-11-22_18-20-39 [http-nio-8400-exec-2] INFO  c.c.a.service.JwtUserDetailsService - User found
2022-11-22_18-20-39 [http-nio-8400-exec-2] INFO  c.c.a.service.JwtUserDetailsService - user successfully located
2022-11-22_18-20-39 [http-nio-8400-exec-5] INFO  c.c.a.service.JwtUserDetailsService - User found
2022-11-22_18-20-39 [http-nio-8400-exec-5] INFO  c.c.a.service.JwtUserDetailsService - user successfully located
2022-11-22_18-20-39 [http-nio-8400-exec-6] INFO  c.c.a.service.JwtUserDetailsService - User found
2022-11-22_18-20-39 [http-nio-8400-exec-6] INFO  c.c.a.service.JwtUserDetailsService - user successfully located
2022-11-22_18-20-39 [http-nio-8400-exec-9] INFO  c.c.a.service.JwtUserDetailsService - User found
2022-11-22_18-20-39 [http-nio-8400-exec-9] INFO  c.c.a.service.JwtUserDetailsService - user successfully located
2022-11-22_18-20-39 [http-nio-8400-exec-10] INFO  c.c.a.service.JwtUserDetailsService - User found
2022-11-22_18-20-39 [http-nio-8400-exec-10] INFO  c.c.a.service.JwtUserDetailsService - user successfully located
2022-11-22_18-20-39 [http-nio-8400-exec-7] INFO  c.c.a.service.JwtUserDetailsService - User found
2022-11-22_18-20-39 [http-nio-8400-exec-7] INFO  c.c.a.service.JwtUserDetailsService - user successfully located
2022-11-22_18-20-39 [http-nio-8400-exec-7] INFO  c.c.a.service.JwtUserDetailsService - User found
2022-11-22_18-20-39 [http-nio-8400-exec-7] INFO  c.c.a.service.JwtUserDetailsService - user successfully located
2022-11-22_18-20-39 [http-nio-8400-exec-8] INFO  c.c.a.service.JwtUserDetailsService - User found
2022-11-22_18-20-39 [http-nio-8400-exec-8] INFO  c.c.a.service.JwtUserDetailsService - user successfully located
2022-11-22_18-20-39 [http-nio-8400-exec-1] INFO  c.c.a.service.JwtUserDetailsService - User found
2022-11-22_18-20-39 [http-nio-8400-exec-1] INFO  c.c.a.service.JwtUserDetailsService - user successfully located
2022-11-22_18-20-39 [http-nio-8400-exec-2] INFO  c.c.a.service.JwtUserDetailsService - User found
2022-11-22_18-20-39 [http-nio-8400-exec-2] INFO  c.c.a.service.JwtUserDetailsService - user successfully located
2022-11-22_18-20-39 [http-nio-8400-exec-5] INFO  c.c.a.service.JwtUserDetailsService - User found
2022-11-22_18-20-39 [http-nio-8400-exec-5] INFO  c.c.a.service.JwtUserDetailsService - user successfully located
2022-11-22_18-20-39 [http-nio-8400-exec-6] INFO  c.c.a.service.JwtUserDetailsService - User found
2022-11-22_18-20-39 [http-nio-8400-exec-6] INFO  c.c.a.service.JwtUserDetailsService - user successfully located
2022-11-22_18-20-39 [http-nio-8400-exec-9] INFO  c.c.a.service.JwtUserDetailsService - User found
2022-11-22_18-20-39 [http-nio-8400-exec-9] INFO  c.c.a.service.JwtUserDetailsService - user successfully located
2022-11-22_18-20-39 [http-nio-8400-exec-8] INFO  c.c.a.service.JwtUserDetailsService - User found
2022-11-22_18-20-39 [http-nio-8400-exec-8] INFO  c.c.a.service.JwtUserDetailsService - user successfully located
2022-11-22_18-20-39 [http-nio-8400-exec-8] INFO  c.c.a.service.JwtUserDetailsService - User found
2022-11-22_18-20-39 [http-nio-8400-exec-8] INFO  c.c.a.service.JwtUserDetailsService - user successfully located
2022-11-22_18-20-39 [Thread-1] INFO  o.s.s.c.ThreadPoolTaskExecutor - Shutting down ExecutorService 'applicationTaskExecutor'
2022-11-22_18-20-39 [Thread-1] INFO  o.s.o.j.LocalContainerEntityManagerFactoryBean - Closing JPA EntityManagerFactory for persistence unit 'default'
2022-11-22_18-20-39 [Thread-1] INFO  o.h.t.s.i.SchemaDropperImpl$DelayedDropActionImpl - HHH000477: Starting delayed evictData of schema as part of SessionFactory shut-down'
2022-11-22_18-20-39 [Thread-1] INFO  com.zaxxer.hikari.HikariDataSource - HikariPool-1 - Shutdown initiated...
2022-11-22_18-20-39 [Thread-1] INFO  com.zaxxer.hikari.HikariDataSource - HikariPool-1 - Shutdown completed.
2022-11-22_20-19-04 [restartedMain] INFO  c.c.a.AuthorizatiionMicroserviceApplication - Starting AuthorizatiionMicroserviceApplication using Java 17.0.4.1 on DESKTOP-E1ED4GH with PID 13880 (D:\International-Patients-Treatment-Management\Authorizatiion-Microservice-Skeleton\target\classes started by SANJAY KUMAR in D:\International-Patients-Treatment-Management\Authorizatiion-Microservice-Skeleton)
2022-11-22_20-19-04 [restartedMain] INFO  c.c.a.AuthorizatiionMicroserviceApplication - No active profile set, falling back to default profiles: default
2022-11-22_20-19-04 [restartedMain] INFO  o.s.d.r.c.RepositoryConfigurationDelegate - Bootstrapping Spring Data JPA repositories in DEFAULT mode.
2022-11-22_20-19-04 [restartedMain] INFO  o.s.d.r.c.RepositoryConfigurationDelegate - Finished Spring Data repository scanning in 27 ms. Found 1 JPA repository interfaces.
2022-11-22_20-19-04 [restartedMain] INFO  o.s.cloud.context.scope.GenericScope - BeanFactory id=fb9b3317-987e-3653-8b85-c2ab67fa512e
2022-11-22_20-19-04 [restartedMain] INFO  o.s.b.w.e.tomcat.TomcatWebServer - Tomcat initialized with port(s): 8400 (http)
2022-11-22_20-19-04 [restartedMain] INFO  o.a.coyote.http11.Http11NioProtocol - Initializing ProtocolHandler ["http-nio-8400"]
2022-11-22_20-19-04 [restartedMain] INFO  o.a.catalina.core.StandardService - Starting service [Tomcat]
2022-11-22_20-19-04 [restartedMain] INFO  o.a.catalina.core.StandardEngine - Starting Servlet engine: [Apache Tomcat/9.0.41]
2022-11-22_20-19-04 [restartedMain] INFO  o.a.c.c.C.[.[localhost].[/auth] - Initializing Spring embedded WebApplicationContext
2022-11-22_20-19-04 [restartedMain] INFO  o.s.b.w.s.c.ServletWebServerApplicationContext - Root WebApplicationContext: initialization completed in 1130 ms
2022-11-22_20-19-04 [restartedMain] INFO  com.zaxxer.hikari.HikariDataSource - HikariPool-2 - Starting...
2022-11-22_20-19-04 [restartedMain] INFO  com.zaxxer.hikari.HikariDataSource - HikariPool-2 - Start completed.
2022-11-22_20-19-04 [restartedMain] INFO  o.s.b.a.h.H2ConsoleAutoConfiguration - H2 console available at '/db'. Database available at 'jdbc:h2:mem:testdb'
2022-11-22_20-19-04 [restartedMain] INFO  o.h.jpa.internal.util.LogHelper - HHH000204: Processing PersistenceUnitInfo [name: default]
2022-11-22_20-19-04 [restartedMain] INFO  org.hibernate.dialect.Dialect - HHH000400: Using dialect: org.hibernate.dialect.H2Dialect
2022-11-22_20-19-04 [restartedMain] INFO  o.h.e.t.j.p.i.JtaPlatformInitiator - HHH000490: Using JtaPlatform implementation: [org.hibernate.engine.transaction.jta.platform.internal.NoJtaPlatform]
2022-11-22_20-19-04 [restartedMain] INFO  o.s.o.j.LocalContainerEntityManagerFactoryBean - Initialized JPA EntityManagerFactory for persistence unit 'default'
2022-11-22_20-19-04 [restartedMain] INFO  s.d.s.w.PropertySourcedRequestMappingHandlerMapping - Mapped URL path [/v2/api-docs] onto method [springfox.documentation.swagger2.web.Swagger2Controller#getDocumentation(String, HttpServletRequest)]
2022-11-22_20-19-04 [restartedMain] INFO  o.s.s.web.DefaultSecurityFilterChain - Will secure any request with [org.springframework.security.web.context.request.async.WebAsyncManagerIntegrationFilter@5393f49a, org.springframework.security.web.context.SecurityContextPersistenceFilter@79404d6c, org.springframework.security.web.header.HeaderWriterFilter@54257eb7, org.springframework.security.web.authentication.logout.LogoutFilter@24467da2, com.cts.authorization.config.JwtRequestFilter@779cd51c, org.springframework.security.web.savedrequest.RequestCacheAwareFilter@10f628db, org.springframework.security.web.servletapi.SecurityContextHolderAwareRequestFilter@6f592cb4, org.springframework.security.web.authentication.AnonymousAuthenticationFilter@497b3883, org.springframework.security.web.session.SessionManagementFilter@46daf2b7, org.springframework.security.web.access.ExceptionTranslationFilter@7a7265aa, org.springframework.security.web.access.intercept.FilterSecurityInterceptor@22a494ee]
2022-11-22_20-19-04 [restartedMain] INFO  o.s.s.c.ThreadPoolTaskExecutor - Initializing ExecutorService 'applicationTaskExecutor'
2022-11-22_20-19-04 [restartedMain] INFO  o.a.coyote.http11.Http11NioProtocol - Starting ProtocolHandler ["http-nio-8400"]
2022-11-22_20-19-04 [restartedMain] INFO  o.s.b.w.e.tomcat.TomcatWebServer - Tomcat started on port(s): 8400 (http) with context path '/auth'
2022-11-22_20-19-04 [restartedMain] INFO  s.d.s.w.p.DocumentationPluginsBootstrapper - Context refreshed
2022-11-22_20-19-04 [restartedMain] INFO  s.d.s.w.p.DocumentationPluginsBootstrapper - Found 1 custom documentation plugin(s)
2022-11-22_20-19-04 [restartedMain] INFO  s.d.s.w.s.ApiListingReferenceScanner - Scanning for api listing references
2022-11-22_20-19-04 [restartedMain] INFO  c.c.a.AuthorizatiionMicroserviceApplication - Started AuthorizatiionMicroserviceApplication in 2.762 seconds (JVM running for 7108.514)
2022-11-22_20-19-04 [restartedMain] INFO  o.s.b.d.a.ConditionEvaluationDeltaLoggingListener - Condition evaluation unchanged
2022-11-22_20-19-04 [Thread-9] INFO  o.s.s.c.ThreadPoolTaskExecutor - Shutting down ExecutorService 'applicationTaskExecutor'
2022-11-22_20-19-04 [Thread-9] INFO  o.s.o.j.LocalContainerEntityManagerFactoryBean - Closing JPA EntityManagerFactory for persistence unit 'default'
2022-11-22_20-19-04 [Thread-9] INFO  o.h.t.s.i.SchemaDropperImpl$DelayedDropActionImpl - HHH000477: Starting delayed evictData of schema as part of SessionFactory shut-down'
2022-11-22_20-19-04 [Thread-9] INFO  com.zaxxer.hikari.HikariDataSource - HikariPool-2 - Shutdown initiated...
2022-11-22_20-19-04 [Thread-9] INFO  com.zaxxer.hikari.HikariDataSource - HikariPool-2 - Shutdown completed.
2022-11-22_20-31-15 [restartedMain] INFO  c.c.a.AuthorizatiionMicroserviceApplication - Starting AuthorizatiionMicroserviceApplication using Java 17.0.4.1 on DESKTOP-E1ED4GH with PID 13880 (D:\International-Patients-Treatment-Management\Authorizatiion-Microservice-Skeleton\target\classes started by SANJAY KUMAR in D:\International-Patients-Treatment-Management\Authorizatiion-Microservice-Skeleton)
2022-11-22_20-31-15 [restartedMain] INFO  c.c.a.AuthorizatiionMicroserviceApplication - No active profile set, falling back to default profiles: default
2022-11-22_20-31-15 [restartedMain] INFO  o.s.d.r.c.RepositoryConfigurationDelegate - Bootstrapping Spring Data JPA repositories in DEFAULT mode.
2022-11-22_20-31-15 [restartedMain] INFO  o.s.d.r.c.RepositoryConfigurationDelegate - Finished Spring Data repository scanning in 11 ms. Found 1 JPA repository interfaces.
2022-11-22_20-31-15 [restartedMain] INFO  o.s.cloud.context.scope.GenericScope - BeanFactory id=fb9b3317-987e-3653-8b85-c2ab67fa512e
2022-11-22_20-31-15 [restartedMain] INFO  o.s.b.w.e.tomcat.TomcatWebServer - Tomcat initialized with port(s): 8400 (http)
2022-11-22_20-31-15 [restartedMain] INFO  o.a.coyote.http11.Http11NioProtocol - Initializing ProtocolHandler ["http-nio-8400"]
2022-11-22_20-31-15 [restartedMain] INFO  o.a.catalina.core.StandardService - Starting service [Tomcat]
2022-11-22_20-31-15 [restartedMain] INFO  o.a.catalina.core.StandardEngine - Starting Servlet engine: [Apache Tomcat/9.0.41]
2022-11-22_20-31-15 [restartedMain] INFO  o.a.c.c.C.[.[localhost].[/auth] - Initializing Spring embedded WebApplicationContext
2022-11-22_20-31-15 [restartedMain] INFO  o.s.b.w.s.c.ServletWebServerApplicationContext - Root WebApplicationContext: initialization completed in 595 ms
2022-11-22_20-31-15 [restartedMain] INFO  com.zaxxer.hikari.HikariDataSource - HikariPool-3 - Starting...
2022-11-22_20-31-15 [restartedMain] INFO  com.zaxxer.hikari.HikariDataSource - HikariPool-3 - Start completed.
2022-11-22_20-31-15 [restartedMain] INFO  o.s.b.a.h.H2ConsoleAutoConfiguration - H2 console available at '/db'. Database available at 'jdbc:h2:mem:testdb'
2022-11-22_20-31-15 [restartedMain] INFO  o.h.jpa.internal.util.LogHelper - HHH000204: Processing PersistenceUnitInfo [name: default]
2022-11-22_20-31-15 [restartedMain] INFO  org.hibernate.dialect.Dialect - HHH000400: Using dialect: org.hibernate.dialect.H2Dialect
2022-11-22_20-31-15 [restartedMain] INFO  o.h.e.t.j.p.i.JtaPlatformInitiator - HHH000490: Using JtaPlatform implementation: [org.hibernate.engine.transaction.jta.platform.internal.NoJtaPlatform]
2022-11-22_20-31-15 [restartedMain] INFO  o.s.o.j.LocalContainerEntityManagerFactoryBean - Initialized JPA EntityManagerFactory for persistence unit 'default'
2022-11-22_20-31-15 [restartedMain] INFO  s.d.s.w.PropertySourcedRequestMappingHandlerMapping - Mapped URL path [/v2/api-docs] onto method [springfox.documentation.swagger2.web.Swagger2Controller#getDocumentation(String, HttpServletRequest)]
2022-11-22_20-31-15 [restartedMain] INFO  o.s.s.web.DefaultSecurityFilterChain - Will secure any request with [org.springframework.security.web.context.request.async.WebAsyncManagerIntegrationFilter@65797950, org.springframework.security.web.context.SecurityContextPersistenceFilter@2b736b3e, org.springframework.security.web.header.HeaderWriterFilter@4c02e3e3, org.springframework.security.web.authentication.logout.LogoutFilter@6ba8be3d, com.cts.authorization.config.JwtRequestFilter@e1e9304, org.springframework.security.web.savedrequest.RequestCacheAwareFilter@1d8ee71a, org.springframework.security.web.servletapi.SecurityContextHolderAwareRequestFilter@464802b3, org.springframework.security.web.authentication.AnonymousAuthenticationFilter@3346d62d, org.springframework.security.web.session.SessionManagementFilter@7d6c117d, org.springframework.security.web.access.ExceptionTranslationFilter@6edb0208, org.springframework.security.web.access.intercept.FilterSecurityInterceptor@2cebfcd1]
2022-11-22_20-31-15 [restartedMain] INFO  o.s.s.c.ThreadPoolTaskExecutor - Initializing ExecutorService 'applicationTaskExecutor'
2022-11-22_20-31-15 [restartedMain] INFO  o.a.coyote.http11.Http11NioProtocol - Starting ProtocolHandler ["http-nio-8400"]
2022-11-22_20-31-15 [restartedMain] INFO  o.s.b.w.e.tomcat.TomcatWebServer - Tomcat started on port(s): 8400 (http) with context path '/auth'
2022-11-22_20-31-15 [restartedMain] INFO  s.d.s.w.p.DocumentationPluginsBootstrapper - Context refreshed
2022-11-22_20-31-15 [restartedMain] INFO  s.d.s.w.p.DocumentationPluginsBootstrapper - Found 1 custom documentation plugin(s)
2022-11-22_20-31-15 [restartedMain] INFO  s.d.s.w.s.ApiListingReferenceScanner - Scanning for api listing references
2022-11-22_20-31-15 [restartedMain] INFO  c.c.a.AuthorizatiionMicroserviceApplication - Started AuthorizatiionMicroserviceApplication in 1.599 seconds (JVM running for 7838.471)
2022-11-22_20-31-15 [restartedMain] INFO  o.s.b.d.a.ConditionEvaluationDeltaLoggingListener - Condition evaluation unchanged
2022-11-22_20-31-15 [http-nio-8400-exec-1] INFO  o.a.c.c.C.[.[localhost].[/auth] - Initializing Spring DispatcherServlet 'dispatcherServlet'
2022-11-22_20-31-15 [http-nio-8400-exec-1] INFO  o.s.web.servlet.DispatcherServlet - Initializing Servlet 'dispatcherServlet'
2022-11-22_20-31-15 [http-nio-8400-exec-1] INFO  o.s.web.servlet.DispatcherServlet - Completed initialization in 2 ms
2022-11-22_20-31-15 [http-nio-8400-exec-1] INFO  c.c.a.service.JwtUserDetailsService - User found
2022-11-22_20-31-15 [http-nio-8400-exec-1] INFO  c.c.a.service.JwtUserDetailsService - user successfully located
2022-11-22_20-31-15 [http-nio-8400-exec-1] INFO  c.c.a.service.JwtUserDetailsService - User found
2022-11-22_20-31-15 [http-nio-8400-exec-1] INFO  c.c.a.service.JwtUserDetailsService - user successfully located
2022-11-22_20-31-15 [Thread-16] INFO  o.s.s.c.ThreadPoolTaskExecutor - Shutting down ExecutorService 'applicationTaskExecutor'
2022-11-22_20-31-15 [Thread-16] INFO  o.s.o.j.LocalContainerEntityManagerFactoryBean - Closing JPA EntityManagerFactory for persistence unit 'default'
2022-11-22_20-31-15 [Thread-16] INFO  o.h.t.s.i.SchemaDropperImpl$DelayedDropActionImpl - HHH000477: Starting delayed evictData of schema as part of SessionFactory shut-down'
2022-11-22_20-31-15 [Thread-16] INFO  com.zaxxer.hikari.HikariDataSource - HikariPool-3 - Shutdown initiated...
2022-11-22_20-31-15 [Thread-16] INFO  com.zaxxer.hikari.HikariDataSource - HikariPool-3 - Shutdown completed.
2022-11-22_20-39-15 [restartedMain] INFO  c.c.a.AuthorizatiionMicroserviceApplication - Starting AuthorizatiionMicroserviceApplication using Java 17.0.4.1 on DESKTOP-E1ED4GH with PID 13880 (D:\International-Patients-Treatment-Management\Authorizatiion-Microservice-Skeleton\target\classes started by SANJAY KUMAR in D:\International-Patients-Treatment-Management\Authorizatiion-Microservice-Skeleton)
2022-11-22_20-39-15 [restartedMain] INFO  c.c.a.AuthorizatiionMicroserviceApplication - No active profile set, falling back to default profiles: default
2022-11-22_20-39-15 [restartedMain] INFO  o.s.d.r.c.RepositoryConfigurationDelegate - Bootstrapping Spring Data JPA repositories in DEFAULT mode.
2022-11-22_20-39-15 [restartedMain] INFO  o.s.d.r.c.RepositoryConfigurationDelegate - Finished Spring Data repository scanning in 13 ms. Found 1 JPA repository interfaces.
2022-11-22_20-39-15 [restartedMain] INFO  o.s.cloud.context.scope.GenericScope - BeanFactory id=fb9b3317-987e-3653-8b85-c2ab67fa512e
2022-11-22_20-39-15 [restartedMain] INFO  o.s.b.w.e.tomcat.TomcatWebServer - Tomcat initialized with port(s): 8400 (http)
2022-11-22_20-39-15 [restartedMain] INFO  o.a.coyote.http11.Http11NioProtocol - Initializing ProtocolHandler ["http-nio-8400"]
2022-11-22_20-39-15 [restartedMain] INFO  o.a.catalina.core.StandardService - Starting service [Tomcat]
2022-11-22_20-39-15 [restartedMain] INFO  o.a.catalina.core.StandardEngine - Starting Servlet engine: [Apache Tomcat/9.0.41]
2022-11-22_20-39-15 [restartedMain] INFO  o.a.c.c.C.[.[localhost].[/auth] - Initializing Spring embedded WebApplicationContext
2022-11-22_20-39-15 [restartedMain] INFO  o.s.b.w.s.c.ServletWebServerApplicationContext - Root WebApplicationContext: initialization completed in 802 ms
2022-11-22_20-39-15 [restartedMain] INFO  com.zaxxer.hikari.HikariDataSource - HikariPool-4 - Starting...
2022-11-22_20-39-15 [restartedMain] INFO  com.zaxxer.hikari.HikariDataSource - HikariPool-4 - Start completed.
2022-11-22_20-39-15 [restartedMain] INFO  o.s.b.a.h.H2ConsoleAutoConfiguration - H2 console available at '/db'. Database available at 'jdbc:h2:mem:testdb'
2022-11-22_20-39-15 [restartedMain] INFO  o.h.jpa.internal.util.LogHelper - HHH000204: Processing PersistenceUnitInfo [name: default]
2022-11-22_20-39-15 [restartedMain] INFO  org.hibernate.dialect.Dialect - HHH000400: Using dialect: org.hibernate.dialect.H2Dialect
2022-11-22_20-39-15 [restartedMain] INFO  o.h.e.t.j.p.i.JtaPlatformInitiator - HHH000490: Using JtaPlatform implementation: [org.hibernate.engine.transaction.jta.platform.internal.NoJtaPlatform]
2022-11-22_20-39-15 [restartedMain] INFO  o.s.o.j.LocalContainerEntityManagerFactoryBean - Initialized JPA EntityManagerFactory for persistence unit 'default'
2022-11-22_20-39-15 [restartedMain] INFO  s.d.s.w.PropertySourcedRequestMappingHandlerMapping - Mapped URL path [/v2/api-docs] onto method [springfox.documentation.swagger2.web.Swagger2Controller#getDocumentation(String, HttpServletRequest)]
2022-11-22_20-39-15 [restartedMain] INFO  o.s.s.web.DefaultSecurityFilterChain - Will secure any request with [org.springframework.security.web.context.request.async.WebAsyncManagerIntegrationFilter@62e8b51a, org.springframework.security.web.context.SecurityContextPersistenceFilter@125e6e53, org.springframework.security.web.header.HeaderWriterFilter@7a545b77, org.springframework.security.web.authentication.logout.LogoutFilter@369f9f20, com.cts.authorization.config.JwtRequestFilter@7a82fc77, org.springframework.security.web.savedrequest.RequestCacheAwareFilter@53a9f54c, org.springframework.security.web.servletapi.SecurityContextHolderAwareRequestFilter@b7e93ad, org.springframework.security.web.authentication.AnonymousAuthenticationFilter@1eaf9bc9, org.springframework.security.web.session.SessionManagementFilter@399cad90, org.springframework.security.web.access.ExceptionTranslationFilter@e09e7eb, org.springframework.security.web.access.intercept.FilterSecurityInterceptor@686ba1cf]
2022-11-22_20-39-15 [restartedMain] INFO  o.s.s.c.ThreadPoolTaskExecutor - Initializing ExecutorService 'applicationTaskExecutor'
2022-11-22_20-39-15 [restartedMain] INFO  o.a.coyote.http11.Http11NioProtocol - Starting ProtocolHandler ["http-nio-8400"]
2022-11-22_20-39-15 [restartedMain] INFO  o.s.b.w.e.tomcat.TomcatWebServer - Tomcat started on port(s): 8400 (http) with context path '/auth'
2022-11-22_20-39-15 [restartedMain] INFO  s.d.s.w.p.DocumentationPluginsBootstrapper - Context refreshed
2022-11-22_20-39-15 [restartedMain] INFO  s.d.s.w.p.DocumentationPluginsBootstrapper - Found 1 custom documentation plugin(s)
2022-11-22_20-39-15 [restartedMain] INFO  s.d.s.w.s.ApiListingReferenceScanner - Scanning for api listing references
2022-11-22_20-39-15 [restartedMain] INFO  c.c.a.AuthorizatiionMicroserviceApplication - Started AuthorizatiionMicroserviceApplication in 2.111 seconds (JVM running for 8318.213)
2022-11-22_20-39-15 [restartedMain] INFO  o.s.b.d.a.ConditionEvaluationDeltaLoggingListener - Condition evaluation unchanged
2022-11-22_20-39-15 [http-nio-8400-exec-1] INFO  o.a.c.c.C.[.[localhost].[/auth] - Initializing Spring DispatcherServlet 'dispatcherServlet'
2022-11-22_20-39-15 [http-nio-8400-exec-1] INFO  o.s.web.servlet.DispatcherServlet - Initializing Servlet 'dispatcherServlet'
2022-11-22_20-39-15 [http-nio-8400-exec-1] INFO  o.s.web.servlet.DispatcherServlet - Completed initialization in 3 ms
2022-11-22_20-39-15 [http-nio-8400-exec-2] INFO  c.c.a.service.JwtUserDetailsService - User found
2022-11-22_20-39-15 [http-nio-8400-exec-2] INFO  c.c.a.service.JwtUserDetailsService - user successfully located
2022-11-22_20-39-15 [http-nio-8400-exec-2] INFO  c.c.a.service.JwtUserDetailsService - User found
2022-11-22_20-39-15 [http-nio-8400-exec-2] INFO  c.c.a.service.JwtUserDetailsService - user successfully located
2022-11-22_20-39-15 [http-nio-8400-exec-3] INFO  c.c.a.service.JwtUserDetailsService - User found
2022-11-22_20-39-15 [http-nio-8400-exec-3] INFO  c.c.a.service.JwtUserDetailsService - user successfully located
2022-11-22_20-39-15 [http-nio-8400-exec-6] INFO  c.c.a.service.JwtUserDetailsService - User found
2022-11-22_20-39-15 [http-nio-8400-exec-6] INFO  c.c.a.service.JwtUserDetailsService - user successfully located
2022-11-22_20-39-15 [http-nio-8400-exec-7] INFO  c.c.a.service.JwtUserDetailsService - User found
2022-11-22_20-39-15 [http-nio-8400-exec-7] INFO  c.c.a.service.JwtUserDetailsService - user successfully located
2022-11-22_20-39-15 [Thread-25] INFO  o.s.s.c.ThreadPoolTaskExecutor - Shutting down ExecutorService 'applicationTaskExecutor'
2022-11-22_20-39-15 [Thread-25] INFO  o.s.o.j.LocalContainerEntityManagerFactoryBean - Closing JPA EntityManagerFactory for persistence unit 'default'
2022-11-22_20-39-15 [Thread-25] INFO  o.h.t.s.i.SchemaDropperImpl$DelayedDropActionImpl - HHH000477: Starting delayed evictData of schema as part of SessionFactory shut-down'
2022-11-22_20-39-15 [Thread-25] INFO  com.zaxxer.hikari.HikariDataSource - HikariPool-4 - Shutdown initiated...
2022-11-22_20-39-15 [Thread-25] INFO  com.zaxxer.hikari.HikariDataSource - HikariPool-4 - Shutdown completed.
2022-11-22_20-52-17 [restartedMain] INFO  c.c.a.AuthorizatiionMicroserviceApplication - Starting AuthorizatiionMicroserviceApplication using Java 17.0.4.1 on DESKTOP-E1ED4GH with PID 13880 (D:\International-Patients-Treatment-Management\Authorizatiion-Microservice-Skeleton\target\classes started by SANJAY KUMAR in D:\International-Patients-Treatment-Management\Authorizatiion-Microservice-Skeleton)
2022-11-22_20-52-17 [restartedMain] INFO  c.c.a.AuthorizatiionMicroserviceApplication - No active profile set, falling back to default profiles: default
2022-11-22_20-52-17 [restartedMain] INFO  o.s.d.r.c.RepositoryConfigurationDelegate - Bootstrapping Spring Data JPA repositories in DEFAULT mode.
2022-11-22_20-52-17 [restartedMain] INFO  o.s.d.r.c.RepositoryConfigurationDelegate - Finished Spring Data repository scanning in 18 ms. Found 1 JPA repository interfaces.
2022-11-22_20-52-17 [restartedMain] INFO  o.s.cloud.context.scope.GenericScope - BeanFactory id=fb9b3317-987e-3653-8b85-c2ab67fa512e
2022-11-22_20-52-17 [restartedMain] INFO  o.s.b.w.e.tomcat.TomcatWebServer - Tomcat initialized with port(s): 8400 (http)
2022-11-22_20-52-17 [restartedMain] INFO  o.a.coyote.http11.Http11NioProtocol - Initializing ProtocolHandler ["http-nio-8400"]
2022-11-22_20-52-17 [restartedMain] INFO  o.a.catalina.core.StandardService - Starting service [Tomcat]
2022-11-22_20-52-17 [restartedMain] INFO  o.a.catalina.core.StandardEngine - Starting Servlet engine: [Apache Tomcat/9.0.41]
2022-11-22_20-52-17 [restartedMain] INFO  o.a.c.c.C.[.[localhost].[/auth] - Initializing Spring embedded WebApplicationContext
2022-11-22_20-52-17 [restartedMain] INFO  o.s.b.w.s.c.ServletWebServerApplicationContext - Root WebApplicationContext: initialization completed in 639 ms
2022-11-22_20-52-17 [restartedMain] INFO  com.zaxxer.hikari.HikariDataSource - HikariPool-5 - Starting...
2022-11-22_20-52-17 [restartedMain] INFO  com.zaxxer.hikari.HikariDataSource - HikariPool-5 - Start completed.
2022-11-22_20-52-17 [restartedMain] INFO  o.s.b.a.h.H2ConsoleAutoConfiguration - H2 console available at '/db'. Database available at 'jdbc:h2:mem:testdb'
2022-11-22_20-52-17 [restartedMain] INFO  o.h.jpa.internal.util.LogHelper - HHH000204: Processing PersistenceUnitInfo [name: default]
2022-11-22_20-52-17 [restartedMain] INFO  org.hibernate.dialect.Dialect - HHH000400: Using dialect: org.hibernate.dialect.H2Dialect
2022-11-22_20-52-17 [restartedMain] INFO  o.h.e.t.j.p.i.JtaPlatformInitiator - HHH000490: Using JtaPlatform implementation: [org.hibernate.engine.transaction.jta.platform.internal.NoJtaPlatform]
2022-11-22_20-52-17 [restartedMain] INFO  o.s.o.j.LocalContainerEntityManagerFactoryBean - Initialized JPA EntityManagerFactory for persistence unit 'default'
2022-11-22_20-52-17 [restartedMain] INFO  s.d.s.w.PropertySourcedRequestMappingHandlerMapping - Mapped URL path [/v2/api-docs] onto method [springfox.documentation.swagger2.web.Swagger2Controller#getDocumentation(String, HttpServletRequest)]
2022-11-22_20-52-17 [restartedMain] INFO  o.s.s.web.DefaultSecurityFilterChain - Will secure any request with [org.springframework.security.web.context.request.async.WebAsyncManagerIntegrationFilter@565ddd, org.springframework.security.web.context.SecurityContextPersistenceFilter@7241fa5, org.springframework.security.web.header.HeaderWriterFilter@5a05a80b, org.springframework.security.web.authentication.logout.LogoutFilter@1f84b9a4, com.cts.authorization.config.JwtRequestFilter@5606f3a, org.springframework.security.web.savedrequest.RequestCacheAwareFilter@7e1094b3, org.springframework.security.web.servletapi.SecurityContextHolderAwareRequestFilter@9222e8a, org.springframework.security.web.authentication.AnonymousAuthenticationFilter@5517d70d, org.springframework.security.web.session.SessionManagementFilter@79990e11, org.springframework.security.web.access.ExceptionTranslationFilter@1a7c6634, org.springframework.security.web.access.intercept.FilterSecurityInterceptor@6023e78e]
2022-11-22_20-52-17 [restartedMain] INFO  o.s.s.c.ThreadPoolTaskExecutor - Initializing ExecutorService 'applicationTaskExecutor'
2022-11-22_20-52-17 [restartedMain] INFO  o.a.coyote.http11.Http11NioProtocol - Starting ProtocolHandler ["http-nio-8400"]
2022-11-22_20-52-17 [restartedMain] INFO  o.s.b.w.e.tomcat.TomcatWebServer - Tomcat started on port(s): 8400 (http) with context path '/auth'
2022-11-22_20-52-17 [restartedMain] INFO  s.d.s.w.p.DocumentationPluginsBootstrapper - Context refreshed
2022-11-22_20-52-17 [restartedMain] INFO  s.d.s.w.p.DocumentationPluginsBootstrapper - Found 1 custom documentation plugin(s)
2022-11-22_20-52-17 [restartedMain] INFO  s.d.s.w.s.ApiListingReferenceScanner - Scanning for api listing references
2022-11-22_20-52-17 [restartedMain] INFO  c.c.a.AuthorizatiionMicroserviceApplication - Started AuthorizatiionMicroserviceApplication in 1.54 seconds (JVM running for 9099.691)
2022-11-22_20-52-17 [restartedMain] INFO  o.s.b.d.a.ConditionEvaluationDeltaLoggingListener - Condition evaluation unchanged
2022-11-22_20-52-17 [Thread-32] INFO  o.s.s.c.ThreadPoolTaskExecutor - Shutting down ExecutorService 'applicationTaskExecutor'
2022-11-22_20-52-17 [Thread-32] INFO  o.s.o.j.LocalContainerEntityManagerFactoryBean - Closing JPA EntityManagerFactory for persistence unit 'default'
2022-11-22_20-52-17 [Thread-32] INFO  o.h.t.s.i.SchemaDropperImpl$DelayedDropActionImpl - HHH000477: Starting delayed evictData of schema as part of SessionFactory shut-down'
2022-11-22_20-52-17 [Thread-32] INFO  com.zaxxer.hikari.HikariDataSource - HikariPool-5 - Shutdown initiated...
2022-11-22_20-52-17 [Thread-32] INFO  com.zaxxer.hikari.HikariDataSource - HikariPool-5 - Shutdown completed.
2022-11-22_20-52-49 [restartedMain] INFO  c.c.a.AuthorizatiionMicroserviceApplication - Starting AuthorizatiionMicroserviceApplication using Java 17.0.4.1 on DESKTOP-E1ED4GH with PID 13880 (D:\International-Patients-Treatment-Management\Authorizatiion-Microservice-Skeleton\target\classes started by SANJAY KUMAR in D:\International-Patients-Treatment-Management\Authorizatiion-Microservice-Skeleton)
2022-11-22_20-52-49 [restartedMain] INFO  c.c.a.AuthorizatiionMicroserviceApplication - No active profile set, falling back to default profiles: default
2022-11-22_20-52-49 [restartedMain] INFO  o.s.d.r.c.RepositoryConfigurationDelegate - Bootstrapping Spring Data JPA repositories in DEFAULT mode.
2022-11-22_20-52-49 [restartedMain] INFO  o.s.d.r.c.RepositoryConfigurationDelegate - Finished Spring Data repository scanning in 15 ms. Found 1 JPA repository interfaces.
2022-11-22_20-52-49 [restartedMain] INFO  o.s.cloud.context.scope.GenericScope - BeanFactory id=fb9b3317-987e-3653-8b85-c2ab67fa512e
2022-11-22_20-52-49 [restartedMain] INFO  o.s.b.w.e.tomcat.TomcatWebServer - Tomcat initialized with port(s): 8400 (http)
2022-11-22_20-52-49 [restartedMain] INFO  o.a.coyote.http11.Http11NioProtocol - Initializing ProtocolHandler ["http-nio-8400"]
2022-11-22_20-52-49 [restartedMain] INFO  o.a.catalina.core.StandardService - Starting service [Tomcat]
2022-11-22_20-52-49 [restartedMain] INFO  o.a.catalina.core.StandardEngine - Starting Servlet engine: [Apache Tomcat/9.0.41]
2022-11-22_20-52-49 [restartedMain] INFO  o.a.c.c.C.[.[localhost].[/auth] - Initializing Spring embedded WebApplicationContext
2022-11-22_20-52-49 [restartedMain] INFO  o.s.b.w.s.c.ServletWebServerApplicationContext - Root WebApplicationContext: initialization completed in 628 ms
2022-11-22_20-52-49 [restartedMain] INFO  com.zaxxer.hikari.HikariDataSource - HikariPool-6 - Starting...
2022-11-22_20-52-49 [restartedMain] INFO  com.zaxxer.hikari.HikariDataSource - HikariPool-6 - Start completed.
2022-11-22_20-52-49 [restartedMain] INFO  o.s.b.a.h.H2ConsoleAutoConfiguration - H2 console available at '/db'. Database available at 'jdbc:h2:mem:testdb'
2022-11-22_20-52-49 [restartedMain] INFO  o.h.jpa.internal.util.LogHelper - HHH000204: Processing PersistenceUnitInfo [name: default]
2022-11-22_20-52-49 [restartedMain] INFO  org.hibernate.dialect.Dialect - HHH000400: Using dialect: org.hibernate.dialect.H2Dialect
2022-11-22_20-52-49 [restartedMain] INFO  o.h.e.t.j.p.i.JtaPlatformInitiator - HHH000490: Using JtaPlatform implementation: [org.hibernate.engine.transaction.jta.platform.internal.NoJtaPlatform]
2022-11-22_20-52-49 [restartedMain] INFO  o.s.o.j.LocalContainerEntityManagerFactoryBean - Initialized JPA EntityManagerFactory for persistence unit 'default'
2022-11-22_20-52-49 [restartedMain] INFO  s.d.s.w.PropertySourcedRequestMappingHandlerMapping - Mapped URL path [/v2/api-docs] onto method [springfox.documentation.swagger2.web.Swagger2Controller#getDocumentation(String, HttpServletRequest)]
2022-11-22_20-52-49 [restartedMain] INFO  o.s.s.web.DefaultSecurityFilterChain - Will secure any request with [org.springframework.security.web.context.request.async.WebAsyncManagerIntegrationFilter@2796b27c, org.springframework.security.web.context.SecurityContextPersistenceFilter@3f986e6d, org.springframework.security.web.header.HeaderWriterFilter@5d96e2c4, org.springframework.security.web.authentication.logout.LogoutFilter@6734e8b6, com.cts.authorization.config.JwtRequestFilter@4667d2ba, org.springframework.security.web.savedrequest.RequestCacheAwareFilter@34f79264, org.springframework.security.web.servletapi.SecurityContextHolderAwareRequestFilter@5e1dc6fc, org.springframework.security.web.authentication.AnonymousAuthenticationFilter@71b8c3bb, org.springframework.security.web.session.SessionManagementFilter@15fa1036, org.springframework.security.web.access.ExceptionTranslationFilter@725f2775, org.springframework.security.web.access.intercept.FilterSecurityInterceptor@357e7128]
2022-11-22_20-52-49 [restartedMain] INFO  o.s.s.c.ThreadPoolTaskExecutor - Initializing ExecutorService 'applicationTaskExecutor'
2022-11-22_20-52-49 [restartedMain] INFO  o.a.coyote.http11.Http11NioProtocol - Starting ProtocolHandler ["http-nio-8400"]
2022-11-22_20-52-49 [restartedMain] INFO  o.s.b.w.e.tomcat.TomcatWebServer - Tomcat started on port(s): 8400 (http) with context path '/auth'
2022-11-22_20-52-49 [restartedMain] INFO  s.d.s.w.p.DocumentationPluginsBootstrapper - Context refreshed
2022-11-22_20-52-49 [restartedMain] INFO  s.d.s.w.p.DocumentationPluginsBootstrapper - Found 1 custom documentation plugin(s)
2022-11-22_20-52-49 [restartedMain] INFO  s.d.s.w.s.ApiListingReferenceScanner - Scanning for api listing references
2022-11-22_20-52-49 [restartedMain] INFO  c.c.a.AuthorizatiionMicroserviceApplication - Started AuthorizatiionMicroserviceApplication in 1.717 seconds (JVM running for 9132.532)
2022-11-22_20-52-49 [restartedMain] INFO  o.s.b.d.a.ConditionEvaluationDeltaLoggingListener - Condition evaluation unchanged
2022-11-22_20-52-49 [http-nio-8400-exec-1] INFO  o.a.c.c.C.[.[localhost].[/auth] - Initializing Spring DispatcherServlet 'dispatcherServlet'
2022-11-22_20-52-49 [http-nio-8400-exec-1] INFO  o.s.web.servlet.DispatcherServlet - Initializing Servlet 'dispatcherServlet'
2022-11-22_20-52-49 [http-nio-8400-exec-1] INFO  o.s.web.servlet.DispatcherServlet - Completed initialization in 1 ms
2022-11-22_20-52-49 [http-nio-8400-exec-1] INFO  c.c.a.service.JwtUserDetailsService - User found
2022-11-22_20-52-49 [http-nio-8400-exec-1] INFO  c.c.a.service.JwtUserDetailsService - user successfully located
2022-11-22_20-52-49 [http-nio-8400-exec-1] INFO  c.c.a.service.JwtUserDetailsService - User found
2022-11-22_20-52-49 [http-nio-8400-exec-1] INFO  c.c.a.service.JwtUserDetailsService - user successfully located
2022-11-22_20-52-49 [http-nio-8400-exec-2] INFO  c.c.a.service.JwtUserDetailsService - User found
2022-11-22_20-52-49 [http-nio-8400-exec-2] INFO  c.c.a.service.JwtUserDetailsService - user successfully located
2022-11-22_20-52-49 [http-nio-8400-exec-2] INFO  c.c.a.service.JwtUserDetailsService - User found
2022-11-22_20-52-49 [http-nio-8400-exec-2] INFO  c.c.a.service.JwtUserDetailsService - user successfully located
2022-11-22_20-52-49 [http-nio-8400-exec-5] INFO  c.c.a.service.JwtUserDetailsService - User found
2022-11-22_20-52-49 [http-nio-8400-exec-5] INFO  c.c.a.service.JwtUserDetailsService - user successfully located
2022-11-22_20-52-49 [http-nio-8400-exec-5] INFO  c.c.a.service.JwtUserDetailsService - User found
2022-11-22_20-52-49 [http-nio-8400-exec-5] INFO  c.c.a.service.JwtUserDetailsService - user successfully located
2022-11-22_20-52-49 [http-nio-8400-exec-4] INFO  c.c.a.service.JwtUserDetailsService - User found
2022-11-22_20-52-49 [http-nio-8400-exec-4] INFO  c.c.a.service.JwtUserDetailsService - user successfully located
2022-11-22_20-52-49 [http-nio-8400-exec-4] INFO  c.c.a.service.JwtUserDetailsService - User found
2022-11-22_20-52-49 [http-nio-8400-exec-4] INFO  c.c.a.service.JwtUserDetailsService - user successfully located
2022-11-22_20-52-49 [http-nio-8400-exec-6] INFO  c.c.a.service.JwtUserDetailsService - User found
2022-11-22_20-52-49 [http-nio-8400-exec-6] INFO  c.c.a.service.JwtUserDetailsService - user successfully located
2022-11-22_20-52-49 [http-nio-8400-exec-6] INFO  c.c.a.service.JwtUserDetailsService - User found
2022-11-22_20-52-49 [http-nio-8400-exec-6] INFO  c.c.a.service.JwtUserDetailsService - user successfully located
2022-11-22_20-52-49 [http-nio-8400-exec-8] INFO  c.c.a.service.JwtUserDetailsService - User found
2022-11-22_20-52-49 [http-nio-8400-exec-8] INFO  c.c.a.service.JwtUserDetailsService - user successfully located
2022-11-22_20-52-49 [http-nio-8400-exec-8] INFO  c.c.a.service.JwtUserDetailsService - User found
2022-11-22_20-52-49 [http-nio-8400-exec-8] INFO  c.c.a.service.JwtUserDetailsService - user successfully located
2022-11-22_20-52-49 [http-nio-8400-exec-9] INFO  c.c.a.service.JwtUserDetailsService - User found
2022-11-22_20-52-49 [http-nio-8400-exec-9] INFO  c.c.a.service.JwtUserDetailsService - user successfully located
2022-11-22_20-52-49 [http-nio-8400-exec-9] INFO  c.c.a.service.JwtUserDetailsService - User found
2022-11-22_20-52-49 [http-nio-8400-exec-9] INFO  c.c.a.service.JwtUserDetailsService - user successfully located
2022-11-22_20-52-49 [http-nio-8400-exec-10] INFO  c.c.a.service.JwtUserDetailsService - User found
2022-11-22_20-52-49 [http-nio-8400-exec-10] INFO  c.c.a.service.JwtUserDetailsService - user successfully located
2022-11-22_20-52-49 [http-nio-8400-exec-2] INFO  c.c.a.service.JwtUserDetailsService - User found
2022-11-22_20-52-49 [http-nio-8400-exec-2] INFO  c.c.a.service.JwtUserDetailsService - user successfully located
2022-11-22_20-52-49 [http-nio-8400-exec-5] INFO  c.c.a.service.JwtUserDetailsService - User found
2022-11-22_20-52-49 [http-nio-8400-exec-5] INFO  c.c.a.service.JwtUserDetailsService - user successfully located
2022-11-22_20-52-49 [http-nio-8400-exec-4] INFO  c.c.a.service.JwtUserDetailsService - User found
2022-11-22_20-52-49 [http-nio-8400-exec-4] INFO  c.c.a.service.JwtUserDetailsService - user successfully located
2022-11-22_20-52-49 [http-nio-8400-exec-6] INFO  c.c.a.service.JwtUserDetailsService - User found
2022-11-22_20-52-49 [http-nio-8400-exec-6] INFO  c.c.a.service.JwtUserDetailsService - user successfully located
2022-11-22_20-52-49 [http-nio-8400-exec-8] INFO  c.c.a.service.JwtUserDetailsService - User found
2022-11-22_20-52-49 [http-nio-8400-exec-8] INFO  c.c.a.service.JwtUserDetailsService - user successfully located
2022-11-22_20-52-49 [http-nio-8400-exec-9] INFO  c.c.a.service.JwtUserDetailsService - User found
2022-11-22_20-52-49 [http-nio-8400-exec-9] INFO  c.c.a.service.JwtUserDetailsService - user successfully located
2022-11-22_20-52-49 [http-nio-8400-exec-10] INFO  c.c.a.service.JwtUserDetailsService - User found
2022-11-22_20-52-49 [http-nio-8400-exec-10] INFO  c.c.a.service.JwtUserDetailsService - user successfully located
2022-11-22_20-52-49 [http-nio-8400-exec-1] INFO  c.c.a.service.JwtUserDetailsService - User found
2022-11-22_20-52-49 [http-nio-8400-exec-1] INFO  c.c.a.service.JwtUserDetailsService - user successfully located
2022-11-22_20-52-49 [http-nio-8400-exec-2] INFO  c.c.a.service.JwtUserDetailsService - User found
2022-11-22_20-52-49 [http-nio-8400-exec-2] INFO  c.c.a.service.JwtUserDetailsService - user successfully located
2022-11-22_20-52-49 [http-nio-8400-exec-3] INFO  c.c.a.service.JwtUserDetailsService - User found
2022-11-22_20-52-49 [http-nio-8400-exec-3] INFO  c.c.a.service.JwtUserDetailsService - user successfully located
2022-11-22_20-52-49 [http-nio-8400-exec-5] INFO  c.c.a.service.JwtUserDetailsService - User found
2022-11-22_20-52-49 [http-nio-8400-exec-5] INFO  c.c.a.service.JwtUserDetailsService - user successfully located
2022-11-22_20-52-49 [http-nio-8400-exec-4] INFO  c.c.a.service.JwtUserDetailsService - User found
2022-11-22_20-52-49 [http-nio-8400-exec-4] INFO  c.c.a.service.JwtUserDetailsService - user successfully located
2022-11-22_20-52-49 [http-nio-8400-exec-6] INFO  c.c.a.service.JwtUserDetailsService - User found
2022-11-22_20-52-49 [http-nio-8400-exec-6] INFO  c.c.a.service.JwtUserDetailsService - user successfully located
2022-11-22_20-52-49 [http-nio-8400-exec-7] INFO  c.c.a.service.JwtUserDetailsService - User found
2022-11-22_20-52-49 [http-nio-8400-exec-7] INFO  c.c.a.service.JwtUserDetailsService - user successfully located
2022-11-22_20-52-49 [http-nio-8400-exec-10] INFO  c.c.a.service.JwtUserDetailsService - User found
2022-11-22_20-52-49 [http-nio-8400-exec-10] INFO  c.c.a.service.JwtUserDetailsService - user successfully located
2022-11-22_20-52-49 [http-nio-8400-exec-1] INFO  c.c.a.service.JwtUserDetailsService - User found
2022-11-22_20-52-49 [http-nio-8400-exec-1] INFO  c.c.a.service.JwtUserDetailsService - user successfully located
2022-11-22_20-52-49 [http-nio-8400-exec-2] INFO  c.c.a.service.JwtUserDetailsService - User found
2022-11-22_20-52-49 [http-nio-8400-exec-2] INFO  c.c.a.service.JwtUserDetailsService - user successfully located
2022-11-22_20-52-49 [http-nio-8400-exec-3] INFO  c.c.a.service.JwtUserDetailsService - User found
2022-11-22_20-52-49 [http-nio-8400-exec-3] INFO  c.c.a.service.JwtUserDetailsService - user successfully located
2022-11-22_20-52-49 [http-nio-8400-exec-5] INFO  c.c.a.service.JwtUserDetailsService - User found
2022-11-22_20-52-49 [http-nio-8400-exec-5] INFO  c.c.a.service.JwtUserDetailsService - user successfully located
2022-11-22_20-52-49 [http-nio-8400-exec-4] INFO  c.c.a.service.JwtUserDetailsService - User found
2022-11-22_20-52-49 [http-nio-8400-exec-4] INFO  c.c.a.service.JwtUserDetailsService - user successfully located
2022-11-22_20-52-49 [http-nio-8400-exec-6] INFO  c.c.a.service.JwtUserDetailsService - User found
2022-11-22_20-52-49 [http-nio-8400-exec-6] INFO  c.c.a.service.JwtUserDetailsService - user successfully located
2022-11-22_20-52-49 [http-nio-8400-exec-7] INFO  c.c.a.service.JwtUserDetailsService - User found
2022-11-22_20-52-49 [http-nio-8400-exec-7] INFO  c.c.a.service.JwtUserDetailsService - user successfully located
2022-11-22_20-52-49 [http-nio-8400-exec-8] INFO  c.c.a.service.JwtUserDetailsService - User found
2022-11-22_20-52-49 [http-nio-8400-exec-8] INFO  c.c.a.service.JwtUserDetailsService - user successfully located
2022-11-22_20-52-49 [http-nio-8400-exec-9] INFO  c.c.a.service.JwtUserDetailsService - User found
2022-11-22_20-52-49 [http-nio-8400-exec-9] INFO  c.c.a.service.JwtUserDetailsService - user successfully located
2022-11-22_20-52-49 [http-nio-8400-exec-10] INFO  c.c.a.service.JwtUserDetailsService - User found
2022-11-22_20-52-49 [http-nio-8400-exec-10] INFO  c.c.a.service.JwtUserDetailsService - user successfully located
2022-11-22_20-52-49 [http-nio-8400-exec-1] INFO  c.c.a.service.JwtUserDetailsService - User found
2022-11-22_20-52-49 [http-nio-8400-exec-1] INFO  c.c.a.service.JwtUserDetailsService - user successfully located
2022-11-22_20-52-49 [http-nio-8400-exec-2] INFO  c.c.a.service.JwtUserDetailsService - User found
2022-11-22_20-52-49 [http-nio-8400-exec-2] INFO  c.c.a.service.JwtUserDetailsService - user successfully located
2022-11-22_20-52-49 [http-nio-8400-exec-3] INFO  c.c.a.service.JwtUserDetailsService - User found
2022-11-22_20-52-49 [http-nio-8400-exec-3] INFO  c.c.a.service.JwtUserDetailsService - user successfully located
2022-11-22_20-52-49 [http-nio-8400-exec-5] INFO  c.c.a.service.JwtUserDetailsService - User found
2022-11-22_20-52-49 [http-nio-8400-exec-5] INFO  c.c.a.service.JwtUserDetailsService - user successfully located
2022-11-22_20-52-49 [http-nio-8400-exec-4] INFO  c.c.a.service.JwtUserDetailsService - User found
2022-11-22_20-52-49 [http-nio-8400-exec-4] INFO  c.c.a.service.JwtUserDetailsService - user successfully located
2022-11-22_20-52-49 [http-nio-8400-exec-4] INFO  c.c.a.service.JwtUserDetailsService - User found
2022-11-22_20-52-49 [http-nio-8400-exec-4] INFO  c.c.a.service.JwtUserDetailsService - user successfully located
2022-11-22_20-52-49 [http-nio-8400-exec-6] INFO  c.c.a.service.JwtUserDetailsService - User found
2022-11-22_20-52-49 [http-nio-8400-exec-6] INFO  c.c.a.service.JwtUserDetailsService - user successfully located
2022-11-22_21-27-08 [background-preinit] INFO  o.h.validator.internal.util.Version - HV000001: Hibernate Validator 6.0.13.Final
2022-11-22_21-27-08 [restartedMain] INFO  c.c.a.AuthorizatiionMicroserviceApplication - Starting AuthorizatiionMicroserviceApplication using Java 17.0.4.1 on DESKTOP-E1ED4GH with PID 8580 (D:\International-Patients-Treatment-Management\Authorizatiion-Microservice-Skeleton\target\classes started by SANJAY KUMAR in D:\International-Patients-Treatment-Management\Authorizatiion-Microservice-Skeleton)
2022-11-22_21-27-08 [restartedMain] INFO  c.c.a.AuthorizatiionMicroserviceApplication - No active profile set, falling back to default profiles: default
2022-11-22_21-27-08 [restartedMain] INFO  o.s.b.d.e.DevToolsPropertyDefaultsPostProcessor - Devtools property defaults active! Set 'spring.devtools.add-properties' to 'false' to disable
2022-11-22_21-27-08 [restartedMain] INFO  o.s.b.d.e.DevToolsPropertyDefaultsPostProcessor - For additional web related logging consider setting the 'logging.level.web' property to 'DEBUG'
2022-11-22_21-27-08 [restartedMain] INFO  o.s.d.r.c.RepositoryConfigurationDelegate - Bootstrapping Spring Data JPA repositories in DEFAULT mode.
2022-11-22_21-27-08 [restartedMain] INFO  o.s.d.r.c.RepositoryConfigurationDelegate - Finished Spring Data repository scanning in 198 ms. Found 1 JPA repository interfaces.
2022-11-22_21-27-08 [restartedMain] INFO  o.s.cloud.context.scope.GenericScope - BeanFactory id=fb9b3317-987e-3653-8b85-c2ab67fa512e
2022-11-22_21-27-08 [restartedMain] INFO  o.s.b.w.e.tomcat.TomcatWebServer - Tomcat initialized with port(s): 8400 (http)
2022-11-22_21-27-08 [restartedMain] INFO  o.a.coyote.http11.Http11NioProtocol - Initializing ProtocolHandler ["http-nio-8400"]
2022-11-22_21-27-08 [restartedMain] INFO  o.a.catalina.core.StandardService - Starting service [Tomcat]
2022-11-22_21-27-08 [restartedMain] INFO  o.a.catalina.core.StandardEngine - Starting Servlet engine: [Apache Tomcat/9.0.41]
2022-11-22_21-27-08 [restartedMain] INFO  o.a.c.c.C.[.[localhost].[/auth] - Initializing Spring embedded WebApplicationContext
2022-11-22_21-27-08 [restartedMain] INFO  o.s.b.w.s.c.ServletWebServerApplicationContext - Root WebApplicationContext: initialization completed in 5444 ms
2022-11-22_21-27-08 [restartedMain] INFO  com.zaxxer.hikari.HikariDataSource - HikariPool-1 - Starting...
2022-11-22_21-27-08 [restartedMain] INFO  com.zaxxer.hikari.HikariDataSource - HikariPool-1 - Start completed.
2022-11-22_21-27-08 [restartedMain] INFO  o.s.b.a.h.H2ConsoleAutoConfiguration - H2 console available at '/db'. Database available at 'jdbc:h2:mem:testdb'
2022-11-22_21-27-08 [restartedMain] INFO  o.h.jpa.internal.util.LogHelper - HHH000204: Processing PersistenceUnitInfo [name: default]
2022-11-22_21-27-08 [restartedMain] INFO  org.hibernate.Version - HHH000412: Hibernate ORM core version 5.4.27.Final
2022-11-22_21-27-08 [restartedMain] INFO  o.h.annotations.common.Version - HCANN000001: Hibernate Commons Annotations {5.1.2.Final}
2022-11-22_21-27-08 [restartedMain] INFO  org.hibernate.dialect.Dialect - HHH000400: Using dialect: org.hibernate.dialect.H2Dialect
2022-11-22_21-27-08 [restartedMain] INFO  o.h.e.t.j.p.i.JtaPlatformInitiator - HHH000490: Using JtaPlatform implementation: [org.hibernate.engine.transaction.jta.platform.internal.NoJtaPlatform]
2022-11-22_21-27-08 [restartedMain] INFO  o.s.o.j.LocalContainerEntityManagerFactoryBean - Initialized JPA EntityManagerFactory for persistence unit 'default'
2022-11-22_21-27-08 [restartedMain] INFO  s.d.s.w.PropertySourcedRequestMappingHandlerMapping - Mapped URL path [/v2/api-docs] onto method [springfox.documentation.swagger2.web.Swagger2Controller#getDocumentation(String, HttpServletRequest)]
2022-11-22_21-27-08 [restartedMain] INFO  o.s.s.web.DefaultSecurityFilterChain - Will secure any request with [org.springframework.security.web.context.request.async.WebAsyncManagerIntegrationFilter@4b38b3de, org.springframework.security.web.context.SecurityContextPersistenceFilter@1829d556, org.springframework.security.web.header.HeaderWriterFilter@9a53d41, org.springframework.security.web.authentication.logout.LogoutFilter@348f00b9, com.cts.authorization.config.JwtRequestFilter@72c87c69, org.springframework.security.web.savedrequest.RequestCacheAwareFilter@3f022e45, org.springframework.security.web.servletapi.SecurityContextHolderAwareRequestFilter@30a705ff, org.springframework.security.web.authentication.AnonymousAuthenticationFilter@6cc81d8e, org.springframework.security.web.session.SessionManagementFilter@258ab8a4, org.springframework.security.web.access.ExceptionTranslationFilter@41cd5470, org.springframework.security.web.access.intercept.FilterSecurityInterceptor@74465bab]
2022-11-22_21-27-08 [restartedMain] INFO  o.s.s.c.ThreadPoolTaskExecutor - Initializing ExecutorService 'applicationTaskExecutor'
2022-11-22_21-27-08 [restartedMain] INFO  o.a.coyote.http11.Http11NioProtocol - Starting ProtocolHandler ["http-nio-8400"]
2022-11-22_21-27-08 [restartedMain] INFO  o.s.b.w.e.tomcat.TomcatWebServer - Tomcat started on port(s): 8400 (http) with context path '/auth'
2022-11-22_21-27-08 [restartedMain] INFO  s.d.s.w.p.DocumentationPluginsBootstrapper - Context refreshed
2022-11-22_21-27-08 [restartedMain] INFO  s.d.s.w.p.DocumentationPluginsBootstrapper - Found 1 custom documentation plugin(s)
2022-11-22_21-27-08 [restartedMain] INFO  s.d.s.w.s.ApiListingReferenceScanner - Scanning for api listing references
2022-11-22_21-27-08 [restartedMain] INFO  c.c.a.AuthorizatiionMicroserviceApplication - Started AuthorizatiionMicroserviceApplication in 18.162 seconds (JVM running for 20.268)
2022-11-22_21-27-08 [http-nio-8400-exec-1] INFO  o.a.c.c.C.[.[localhost].[/auth] - Initializing Spring DispatcherServlet 'dispatcherServlet'
2022-11-22_21-27-08 [http-nio-8400-exec-1] INFO  o.s.web.servlet.DispatcherServlet - Initializing Servlet 'dispatcherServlet'
2022-11-22_21-27-08 [http-nio-8400-exec-1] INFO  o.s.web.servlet.DispatcherServlet - Completed initialization in 2 ms
2022-11-22_21-27-08 [http-nio-8400-exec-1] INFO  c.c.a.service.JwtUserDetailsService - User found
2022-11-22_21-27-08 [http-nio-8400-exec-1] INFO  c.c.a.service.JwtUserDetailsService - user successfully located
2022-11-22_21-27-08 [http-nio-8400-exec-1] INFO  c.c.a.service.JwtUserDetailsService - User found
2022-11-22_21-27-08 [http-nio-8400-exec-1] INFO  c.c.a.service.JwtUserDetailsService - user successfully located
2022-11-22_21-27-08 [http-nio-8400-exec-2] INFO  c.c.a.service.JwtUserDetailsService - User found
2022-11-22_21-27-08 [http-nio-8400-exec-2] INFO  c.c.a.service.JwtUserDetailsService - user successfully located
2022-11-22_21-27-08 [http-nio-8400-exec-5] INFO  c.c.a.service.JwtUserDetailsService - User found
2022-11-22_21-27-08 [http-nio-8400-exec-5] INFO  c.c.a.service.JwtUserDetailsService - user successfully located
2022-11-22_21-27-08 [http-nio-8400-exec-6] INFO  c.c.a.service.JwtUserDetailsService - User found
2022-11-22_21-27-08 [http-nio-8400-exec-6] INFO  c.c.a.service.JwtUserDetailsService - user successfully located
2022-11-22_21-27-08 [http-nio-8400-exec-9] INFO  c.c.a.service.JwtUserDetailsService - User found
2022-11-22_21-27-08 [http-nio-8400-exec-9] INFO  c.c.a.service.JwtUserDetailsService - user successfully located
2022-11-22_21-27-08 [http-nio-8400-exec-10] INFO  c.c.a.service.JwtUserDetailsService - User found
2022-11-22_21-27-08 [http-nio-8400-exec-10] INFO  c.c.a.service.JwtUserDetailsService - user successfully located
2022-11-22_21-27-08 [http-nio-8400-exec-3] INFO  c.c.a.service.JwtUserDetailsService - User found
2022-11-22_21-27-08 [http-nio-8400-exec-3] INFO  c.c.a.service.JwtUserDetailsService - user successfully located
2022-11-22_21-27-08 [http-nio-8400-exec-4] INFO  c.c.a.service.JwtUserDetailsService - User found
2022-11-22_21-27-08 [http-nio-8400-exec-4] INFO  c.c.a.service.JwtUserDetailsService - user successfully located
2022-11-22_21-27-08 [http-nio-8400-exec-7] INFO  c.c.a.service.JwtUserDetailsService - User found
2022-11-22_21-27-08 [http-nio-8400-exec-7] INFO  c.c.a.service.JwtUserDetailsService - user successfully located
2022-11-22_21-27-08 [http-nio-8400-exec-9] INFO  c.c.a.service.JwtUserDetailsService - User found
2022-11-22_21-27-08 [http-nio-8400-exec-9] INFO  c.c.a.service.JwtUserDetailsService - user successfully located
2022-11-22_21-27-08 [http-nio-8400-exec-9] INFO  c.c.a.service.JwtUserDetailsService - User found
2022-11-22_21-27-08 [http-nio-8400-exec-9] INFO  c.c.a.service.JwtUserDetailsService - user successfully located
2022-11-22_21-27-08 [http-nio-8400-exec-10] INFO  c.c.a.service.JwtUserDetailsService - User found
2022-11-22_21-27-08 [http-nio-8400-exec-10] INFO  c.c.a.service.JwtUserDetailsService - user successfully located
2022-11-22_21-27-08 [http-nio-8400-exec-3] INFO  c.c.a.service.JwtUserDetailsService - User found
2022-11-22_21-27-08 [http-nio-8400-exec-3] INFO  c.c.a.service.JwtUserDetailsService - user successfully located
2022-11-22_21-27-08 [http-nio-8400-exec-4] INFO  c.c.a.service.JwtUserDetailsService - User found
2022-11-22_21-27-08 [http-nio-8400-exec-4] INFO  c.c.a.service.JwtUserDetailsService - user successfully located
2022-11-22_21-27-08 [http-nio-8400-exec-7] INFO  c.c.a.service.JwtUserDetailsService - User found
2022-11-22_21-27-08 [http-nio-8400-exec-7] INFO  c.c.a.service.JwtUserDetailsService - user successfully located
2022-11-22_21-27-08 [http-nio-8400-exec-1] INFO  c.c.a.service.JwtUserDetailsService - User found
2022-11-22_21-27-08 [http-nio-8400-exec-1] INFO  c.c.a.service.JwtUserDetailsService - user successfully located
2022-11-22_21-27-08 [http-nio-8400-exec-2] INFO  c.c.a.service.JwtUserDetailsService - User found
2022-11-22_21-27-08 [http-nio-8400-exec-2] INFO  c.c.a.service.JwtUserDetailsService - user successfully located
2022-11-22_21-27-08 [http-nio-8400-exec-5] INFO  c.c.a.service.JwtUserDetailsService - User found
2022-11-22_21-27-08 [http-nio-8400-exec-5] INFO  c.c.a.service.JwtUserDetailsService - user successfully located
2022-11-22_21-27-08 [http-nio-8400-exec-10] INFO  c.c.a.service.JwtUserDetailsService - User found
2022-11-22_21-27-08 [http-nio-8400-exec-10] INFO  c.c.a.service.JwtUserDetailsService - user successfully located
2022-11-22_21-27-08 [http-nio-8400-exec-10] INFO  c.c.a.service.JwtUserDetailsService - User found
2022-11-22_21-27-08 [http-nio-8400-exec-10] INFO  c.c.a.service.JwtUserDetailsService - user successfully located
2022-11-22_21-27-08 [http-nio-8400-exec-4] INFO  c.c.a.service.JwtUserDetailsService - User found
2022-11-22_21-27-08 [http-nio-8400-exec-4] INFO  c.c.a.service.JwtUserDetailsService - user successfully located
2022-11-22_21-27-08 [http-nio-8400-exec-4] INFO  c.c.a.service.JwtUserDetailsService - User found
2022-11-22_21-27-08 [http-nio-8400-exec-4] INFO  c.c.a.service.JwtUserDetailsService - user successfully located
2022-11-22_21-27-08 [http-nio-8400-exec-7] INFO  c.c.a.service.JwtUserDetailsService - User found
2022-11-22_21-27-08 [http-nio-8400-exec-7] INFO  c.c.a.service.JwtUserDetailsService - user successfully located
2022-11-22_21-27-08 [http-nio-8400-exec-8] INFO  c.c.a.service.JwtUserDetailsService - User found
2022-11-22_21-27-08 [http-nio-8400-exec-8] INFO  c.c.a.service.JwtUserDetailsService - user successfully located
2022-11-22_21-27-08 [http-nio-8400-exec-8] INFO  c.c.a.service.JwtUserDetailsService - User found
2022-11-22_21-27-08 [http-nio-8400-exec-8] INFO  c.c.a.service.JwtUserDetailsService - user successfully located
2022-11-22_21-27-08 [http-nio-8400-exec-1] INFO  c.c.a.service.JwtUserDetailsService - User found
2022-11-22_21-27-08 [http-nio-8400-exec-1] INFO  c.c.a.service.JwtUserDetailsService - user successfully located
2022-11-22_21-27-08 [http-nio-8400-exec-1] INFO  c.c.a.service.JwtUserDetailsService - User found
2022-11-22_21-27-08 [http-nio-8400-exec-1] INFO  c.c.a.service.JwtUserDetailsService - user successfully located
2022-11-22_21-27-08 [http-nio-8400-exec-2] INFO  c.c.a.service.JwtUserDetailsService - User found
2022-11-22_21-27-08 [http-nio-8400-exec-2] INFO  c.c.a.service.JwtUserDetailsService - user successfully located
2022-11-22_21-27-08 [http-nio-8400-exec-2] INFO  c.c.a.service.JwtUserDetailsService - User found
2022-11-22_21-27-08 [http-nio-8400-exec-2] INFO  c.c.a.service.JwtUserDetailsService - user successfully located
2022-11-22_21-27-08 [http-nio-8400-exec-6] INFO  c.c.a.service.JwtUserDetailsService - User found
2022-11-22_21-27-08 [http-nio-8400-exec-6] INFO  c.c.a.service.JwtUserDetailsService - user successfully located
2022-11-22_21-27-08 [http-nio-8400-exec-6] INFO  c.c.a.service.JwtUserDetailsService - User found
2022-11-22_21-27-08 [http-nio-8400-exec-6] INFO  c.c.a.service.JwtUserDetailsService - user successfully located
2022-11-22_21-27-08 [http-nio-8400-exec-10] INFO  c.c.a.service.JwtUserDetailsService - User found
2022-11-22_21-27-08 [http-nio-8400-exec-10] INFO  c.c.a.service.JwtUserDetailsService - user successfully located
2022-11-22_21-27-08 [http-nio-8400-exec-10] INFO  c.c.a.service.JwtUserDetailsService - User found
2022-11-22_21-27-08 [http-nio-8400-exec-10] INFO  c.c.a.service.JwtUserDetailsService - user successfully located
2022-11-22_21-27-08 [http-nio-8400-exec-3] INFO  c.c.a.service.JwtUserDetailsService - User found
2022-11-22_21-27-08 [http-nio-8400-exec-3] INFO  c.c.a.service.JwtUserDetailsService - user successfully located
2022-11-22_21-27-08 [http-nio-8400-exec-3] INFO  c.c.a.service.JwtUserDetailsService - User found
2022-11-22_21-27-08 [http-nio-8400-exec-3] INFO  c.c.a.service.JwtUserDetailsService - user successfully located
2022-11-22_21-27-08 [http-nio-8400-exec-4] INFO  c.c.a.service.JwtUserDetailsService - User found
2022-11-22_21-27-08 [http-nio-8400-exec-4] INFO  c.c.a.service.JwtUserDetailsService - user successfully located
2022-11-22_21-27-08 [http-nio-8400-exec-4] INFO  c.c.a.service.JwtUserDetailsService - User found
2022-11-22_21-27-08 [http-nio-8400-exec-4] INFO  c.c.a.service.JwtUserDetailsService - user successfully located
2022-11-22_21-27-08 [http-nio-8400-exec-8] INFO  c.c.a.service.JwtUserDetailsService - User found
2022-11-22_21-27-08 [http-nio-8400-exec-8] INFO  c.c.a.service.JwtUserDetailsService - user successfully located
2022-11-22_21-27-08 [http-nio-8400-exec-8] INFO  c.c.a.service.JwtUserDetailsService - User found
2022-11-22_21-27-08 [http-nio-8400-exec-8] INFO  c.c.a.service.JwtUserDetailsService - user successfully located
2022-11-22_21-27-08 [http-nio-8400-exec-1] INFO  c.c.a.service.JwtUserDetailsService - User found
2022-11-22_21-27-08 [http-nio-8400-exec-1] INFO  c.c.a.service.JwtUserDetailsService - user successfully located
2022-11-22_21-27-08 [http-nio-8400-exec-1] INFO  c.c.a.service.JwtUserDetailsService - User found
2022-11-22_21-27-08 [http-nio-8400-exec-1] INFO  c.c.a.service.JwtUserDetailsService - user successfully located
2022-11-22_21-27-08 [http-nio-8400-exec-5] INFO  c.c.a.service.JwtUserDetailsService - User found
2022-11-22_21-27-08 [http-nio-8400-exec-5] INFO  c.c.a.service.JwtUserDetailsService - user successfully located
2022-11-22_21-27-08 [http-nio-8400-exec-5] INFO  c.c.a.service.JwtUserDetailsService - User found
2022-11-22_21-27-08 [http-nio-8400-exec-5] INFO  c.c.a.service.JwtUserDetailsService - user successfully located
2022-11-22_21-27-08 [http-nio-8400-exec-6] INFO  c.c.a.service.JwtUserDetailsService - User found
2022-11-22_21-27-08 [http-nio-8400-exec-6] INFO  c.c.a.service.JwtUserDetailsService - user successfully located
2022-11-22_21-27-08 [http-nio-8400-exec-6] INFO  c.c.a.service.JwtUserDetailsService - User found
2022-11-22_21-27-08 [http-nio-8400-exec-6] INFO  c.c.a.service.JwtUserDetailsService - user successfully located
2022-11-22_21-27-08 [http-nio-8400-exec-9] INFO  c.c.a.service.JwtUserDetailsService - User found
2022-11-22_21-27-08 [http-nio-8400-exec-9] INFO  c.c.a.service.JwtUserDetailsService - user successfully located
2022-11-22_21-27-08 [http-nio-8400-exec-9] INFO  c.c.a.service.JwtUserDetailsService - User found
2022-11-22_21-27-08 [http-nio-8400-exec-9] INFO  c.c.a.service.JwtUserDetailsService - user successfully located
2022-11-22_21-27-08 [http-nio-8400-exec-10] INFO  c.c.a.service.JwtUserDetailsService - User found
2022-11-22_21-27-08 [http-nio-8400-exec-10] INFO  c.c.a.service.JwtUserDetailsService - user successfully located
2022-11-22_21-27-08 [http-nio-8400-exec-10] INFO  c.c.a.service.JwtUserDetailsService - User found
2022-11-22_21-27-08 [http-nio-8400-exec-10] INFO  c.c.a.service.JwtUserDetailsService - user successfully located
2022-11-22_21-27-08 [http-nio-8400-exec-3] INFO  c.c.a.service.JwtUserDetailsService - User found
2022-11-22_21-27-08 [http-nio-8400-exec-3] INFO  c.c.a.service.JwtUserDetailsService - user successfully located
2022-11-22_21-27-08 [http-nio-8400-exec-3] INFO  c.c.a.service.JwtUserDetailsService - User found
2022-11-22_21-27-08 [http-nio-8400-exec-3] INFO  c.c.a.service.JwtUserDetailsService - user successfully located
2022-11-22_21-27-08 [http-nio-8400-exec-4] INFO  c.c.a.service.JwtUserDetailsService - User found
2022-11-22_21-27-08 [http-nio-8400-exec-4] INFO  c.c.a.service.JwtUserDetailsService - user successfully located
2022-11-22_21-27-08 [http-nio-8400-exec-4] INFO  c.c.a.service.JwtUserDetailsService - User found
2022-11-22_21-27-08 [http-nio-8400-exec-4] INFO  c.c.a.service.JwtUserDetailsService - user successfully located
2022-11-22_21-27-08 [http-nio-8400-exec-7] INFO  c.c.a.service.JwtUserDetailsService - User found
2022-11-22_21-27-08 [http-nio-8400-exec-7] INFO  c.c.a.service.JwtUserDetailsService - user successfully located
2022-11-22_21-27-08 [http-nio-8400-exec-7] INFO  c.c.a.service.JwtUserDetailsService - User found
2022-11-22_21-27-08 [http-nio-8400-exec-7] INFO  c.c.a.service.JwtUserDetailsService - user successfully located
2022-11-22_21-27-08 [http-nio-8400-exec-8] INFO  c.c.a.service.JwtUserDetailsService - User found
2022-11-22_21-27-08 [http-nio-8400-exec-8] INFO  c.c.a.service.JwtUserDetailsService - user successfully located
2022-11-22_21-27-08 [http-nio-8400-exec-8] INFO  c.c.a.service.JwtUserDetailsService - User found
2022-11-22_21-27-08 [http-nio-8400-exec-8] INFO  c.c.a.service.JwtUserDetailsService - user successfully located
2022-11-22_21-27-08 [http-nio-8400-exec-1] INFO  c.c.a.service.JwtUserDetailsService - User found
2022-11-22_21-27-08 [http-nio-8400-exec-1] INFO  c.c.a.service.JwtUserDetailsService - user successfully located
2022-11-22_21-27-08 [http-nio-8400-exec-1] INFO  c.c.a.service.JwtUserDetailsService - User found
2022-11-22_21-27-08 [http-nio-8400-exec-1] INFO  c.c.a.service.JwtUserDetailsService - user successfully located
2022-11-22_21-27-08 [http-nio-8400-exec-5] INFO  c.c.a.service.JwtUserDetailsService - User found
2022-11-22_21-27-08 [http-nio-8400-exec-5] INFO  c.c.a.service.JwtUserDetailsService - user successfully located
2022-11-22_21-27-08 [http-nio-8400-exec-5] INFO  c.c.a.service.JwtUserDetailsService - User found
2022-11-22_21-27-08 [http-nio-8400-exec-5] INFO  c.c.a.service.JwtUserDetailsService - user successfully located
2022-11-22_21-27-08 [http-nio-8400-exec-6] INFO  c.c.a.service.JwtUserDetailsService - User found
2022-11-22_21-27-08 [http-nio-8400-exec-6] INFO  c.c.a.service.JwtUserDetailsService - user successfully located
2022-11-22_21-27-08 [http-nio-8400-exec-6] INFO  c.c.a.service.JwtUserDetailsService - User found
2022-11-22_21-27-08 [http-nio-8400-exec-6] INFO  c.c.a.service.JwtUserDetailsService - user successfully located
